[7.829s] Invoking command in '/home/ubuntu/Quadrupedal490_ws/src/Lidar': PYTHONPATH=/home/ubuntu/Quadrupedal490_ws/build/Lidar/prefix_override:/home/ubuntu/Quadrupedal490_ws/install/Lidar/lib/python3.10/site-packages:${PYTHONPATH} /usr/bin/python3 setup.py egg_info --egg-base ../../build/Lidar build --build-base /home/ubuntu/Quadrupedal490_ws/build/Lidar/build install --record /home/ubuntu/Quadrupedal490_ws/build/Lidar/install.log --single-version-externally-managed
[9.299s] running egg_info
[9.309s] writing ../../build/Lidar/Lidar.egg-info/PKG-INFO
[9.312s] writing dependency_links to ../../build/Lidar/Lidar.egg-info/dependency_links.txt
[9.314s] writing entry points to ../../build/Lidar/Lidar.egg-info/entry_points.txt
[9.315s] writing requirements to ../../build/Lidar/Lidar.egg-info/requires.txt
[9.315s] writing top-level names to ../../build/Lidar/Lidar.egg-info/top_level.txt
[9.331s] reading manifest file '../../build/Lidar/Lidar.egg-info/SOURCES.txt'
[9.340s] writing manifest file '../../build/Lidar/Lidar.egg-info/SOURCES.txt'
[9.342s] running build
[9.343s] running build_py
[9.344s] running install
[9.345s] /usr/lib/python3/dist-packages/setuptools/command/install.py:34: SetuptoolsDeprecationWarning: setup.py install is deprecated. Use build and pip and other standards-based tools.
[9.346s]   warnings.warn(
[9.348s] running install_lib
[9.353s] running install_data
[9.355s] running install_egg_info
[9.361s] removing '/home/ubuntu/Quadrupedal490_ws/install/Lidar/lib/python3.10/site-packages/Lidar-0.0.0-py3.10.egg-info' (and everything under it)
[9.363s] error removing /home/ubuntu/Quadrupedal490_ws/install/Lidar/lib/python3.10/site-packages/Lidar-0.0.0-py3.10.egg-info: [Errno 13] Permission denied: '/home/ubuntu/Quadrupedal490_ws/install/Lidar/lib/python3.10/site-packages/Lidar-0.0.0-py3.10.egg-info/entry_points.txt'
[9.364s] error removing /home/ubuntu/Quadrupedal490_ws/install/Lidar/lib/python3.10/site-packages/Lidar-0.0.0-py3.10.egg-info: [Errno 13] Permission denied: '/home/ubuntu/Quadrupedal490_ws/install/Lidar/lib/python3.10/site-packages/Lidar-0.0.0-py3.10.egg-info/SOURCES.txt'
[9.366s] error removing /home/ubuntu/Quadrupedal490_ws/install/Lidar/lib/python3.10/site-packages/Lidar-0.0.0-py3.10.egg-info: [Errno 13] Permission denied: '/home/ubuntu/Quadrupedal490_ws/install/Lidar/lib/python3.10/site-packages/Lidar-0.0.0-py3.10.egg-info/dependency_links.txt'
[9.367s] error removing /home/ubuntu/Quadrupedal490_ws/install/Lidar/lib/python3.10/site-packages/Lidar-0.0.0-py3.10.egg-info: [Errno 13] Permission denied: '/home/ubuntu/Quadrupedal490_ws/install/Lidar/lib/python3.10/site-packages/Lidar-0.0.0-py3.10.egg-info/PKG-INFO'
[9.369s] error removing /home/ubuntu/Quadrupedal490_ws/install/Lidar/lib/python3.10/site-packages/Lidar-0.0.0-py3.10.egg-info: [Errno 13] Permission denied: '/home/ubuntu/Quadrupedal490_ws/install/Lidar/lib/python3.10/site-packages/Lidar-0.0.0-py3.10.egg-info/zip-safe'
[9.370s] error removing /home/ubuntu/Quadrupedal490_ws/install/Lidar/lib/python3.10/site-packages/Lidar-0.0.0-py3.10.egg-info: [Errno 13] Permission denied: '/home/ubuntu/Quadrupedal490_ws/install/Lidar/lib/python3.10/site-packages/Lidar-0.0.0-py3.10.egg-info/requires.txt'
[9.372s] error removing /home/ubuntu/Quadrupedal490_ws/install/Lidar/lib/python3.10/site-packages/Lidar-0.0.0-py3.10.egg-info: [Errno 13] Permission denied: '/home/ubuntu/Quadrupedal490_ws/install/Lidar/lib/python3.10/site-packages/Lidar-0.0.0-py3.10.egg-info/top_level.txt'
[9.373s] error removing /home/ubuntu/Quadrupedal490_ws/install/Lidar/lib/python3.10/site-packages/Lidar-0.0.0-py3.10.egg-info: [Errno 39] Directory not empty: '/home/ubuntu/Quadrupedal490_ws/install/Lidar/lib/python3.10/site-packages/Lidar-0.0.0-py3.10.egg-info'
[9.375s] Copying ../../build/Lidar/Lidar.egg-info to /home/ubuntu/Quadrupedal490_ws/install/Lidar/lib/python3.10/site-packages/Lidar-0.0.0-py3.10.egg-info
[9.377s] error: [Errno 1] Operation not permitted
[9.497s] Invoked command in '/home/ubuntu/Quadrupedal490_ws/src/Lidar' returned '1': PYTHONPATH=/home/ubuntu/Quadrupedal490_ws/build/Lidar/prefix_override:/home/ubuntu/Quadrupedal490_ws/install/Lidar/lib/python3.10/site-packages:${PYTHONPATH} /usr/bin/python3 setup.py egg_info --egg-base ../../build/Lidar build --build-base /home/ubuntu/Quadrupedal490_ws/build/Lidar/build install --record /home/ubuntu/Quadrupedal490_ws/build/Lidar/install.log --single-version-externally-managed
