[5.381s] DEBUG:colcon:Command line arguments: ['/usr/bin/colcon', 'build']
[5.382s] DEBUG:colcon:Parsed command line arguments: Namespace(log_base=None, log_level=None, verb_name='build', build_base='build', install_base='install', merge_install=False, symlink_install=False, test_result_base=None, continue_on_error=False, executor='parallel', parallel_workers=4, event_handlers=None, ignore_user_meta=False, metas=['./colcon.meta'], base_paths=['.'], packages_ignore=None, packages_ignore_regex=None, paths=None, packages_up_to=None, packages_up_to_regex=None, packages_above=None, packages_above_and_dependencies=None, packages_above_depth=None, packages_select_by_dep=None, packages_skip_by_dep=None, packages_skip_up_to=None, packages_select_build_failed=False, packages_skip_build_finished=False, packages_select_test_failures=False, packages_skip_test_passed=False, packages_select=None, packages_skip=None, packages_select_regex=None, packages_skip_regex=None, packages_start=None, packages_end=None, allow_overriding=[], cmake_args=None, cmake_target=None, cmake_target_skip_unavailable=False, cmake_clean_cache=False, cmake_clean_first=False, cmake_force_configure=False, ament_cmake_args=None, catkin_cmake_args=None, catkin_skip_building_tests=False, verb_parser=<colcon_defaults.argument_parser.defaults.DefaultArgumentsDecorator object at 0xffff8761b040>, verb_extension=<colcon_core.verb.build.BuildVerb object at 0xffff87b278e0>, main=<bound method BuildVerb.main of <colcon_core.verb.build.BuildVerb object at 0xffff87b278e0>>)
[5.680s] Level 1:colcon.colcon_core.package_discovery:discover_packages(colcon_meta) check parameters
[5.681s] Level 1:colcon.colcon_core.package_discovery:discover_packages(recursive) check parameters
[5.681s] Level 1:colcon.colcon_core.package_discovery:discover_packages(ignore) check parameters
[5.681s] Level 1:colcon.colcon_core.package_discovery:discover_packages(path) check parameters
[5.681s] Level 1:colcon.colcon_core.package_discovery:discover_packages(colcon_meta) discover
[5.681s] Level 1:colcon.colcon_core.package_discovery:discover_packages(recursive) discover
[5.682s] INFO:colcon.colcon_core.package_discovery:Crawling recursively for packages in '/home/ubuntu/Quadrupedal490_ws'
[5.682s] Level 1:colcon.colcon_core.package_identification:_identify(.) by extensions ['ignore', 'ignore_ament_install']
[5.682s] Level 1:colcon.colcon_core.package_identification:_identify(.) by extension 'ignore'
[5.683s] Level 1:colcon.colcon_core.package_identification:_identify(.) by extension 'ignore_ament_install'
[5.683s] Level 1:colcon.colcon_core.package_identification:_identify(.) by extensions ['colcon_pkg']
[5.683s] Level 1:colcon.colcon_core.package_identification:_identify(.) by extension 'colcon_pkg'
[5.683s] Level 1:colcon.colcon_core.package_identification:_identify(.) by extensions ['colcon_meta']
[5.683s] Level 1:colcon.colcon_core.package_identification:_identify(.) by extension 'colcon_meta'
[5.684s] Level 1:colcon.colcon_core.package_identification:_identify(.) by extensions ['ros']
[5.684s] Level 1:colcon.colcon_core.package_identification:_identify(.) by extension 'ros'
[5.763s] Level 1:colcon.colcon_core.package_identification:_identify(.) by extensions ['cmake', 'python']
[5.763s] Level 1:colcon.colcon_core.package_identification:_identify(.) by extension 'cmake'
[5.763s] Level 1:colcon.colcon_core.package_identification:_identify(.) by extension 'python'
[5.764s] Level 1:colcon.colcon_core.package_identification:_identify(.) by extensions ['python_setup_py']
[5.764s] Level 1:colcon.colcon_core.package_identification:_identify(.) by extension 'python_setup_py'
[5.764s] Level 1:colcon.colcon_core.package_identification:_identify(build) by extensions ['ignore', 'ignore_ament_install']
[5.765s] Level 1:colcon.colcon_core.package_identification:_identify(build) by extension 'ignore'
[5.765s] Level 1:colcon.colcon_core.package_identification:_identify(build) ignored
[5.766s] Level 1:colcon.colcon_core.package_identification:_identify(install) by extensions ['ignore', 'ignore_ament_install']
[5.766s] Level 1:colcon.colcon_core.package_identification:_identify(install) by extension 'ignore'
[5.767s] Level 1:colcon.colcon_core.package_identification:_identify(install) ignored
[5.767s] Level 1:colcon.colcon_core.package_identification:_identify(log) by extensions ['ignore', 'ignore_ament_install']
[5.768s] Level 1:colcon.colcon_core.package_identification:_identify(log) by extension 'ignore'
[5.768s] Level 1:colcon.colcon_core.package_identification:_identify(log) ignored
[5.768s] Level 1:colcon.colcon_core.package_identification:_identify(src) by extensions ['ignore', 'ignore_ament_install']
[5.769s] Level 1:colcon.colcon_core.package_identification:_identify(src) by extension 'ignore'
[5.769s] Level 1:colcon.colcon_core.package_identification:_identify(src) by extension 'ignore_ament_install'
[5.769s] Level 1:colcon.colcon_core.package_identification:_identify(src) by extensions ['colcon_pkg']
[5.769s] Level 1:colcon.colcon_core.package_identification:_identify(src) by extension 'colcon_pkg'
[5.770s] Level 1:colcon.colcon_core.package_identification:_identify(src) by extensions ['colcon_meta']
[5.770s] Level 1:colcon.colcon_core.package_identification:_identify(src) by extension 'colcon_meta'
[5.770s] Level 1:colcon.colcon_core.package_identification:_identify(src) by extensions ['ros']
[5.770s] Level 1:colcon.colcon_core.package_identification:_identify(src) by extension 'ros'
[5.771s] Level 1:colcon.colcon_core.package_identification:_identify(src) by extensions ['cmake', 'python']
[5.771s] Level 1:colcon.colcon_core.package_identification:_identify(src) by extension 'cmake'
[5.771s] Level 1:colcon.colcon_core.package_identification:_identify(src) by extension 'python'
[5.771s] Level 1:colcon.colcon_core.package_identification:_identify(src) by extensions ['python_setup_py']
[5.771s] Level 1:colcon.colcon_core.package_identification:_identify(src) by extension 'python_setup_py'
[5.772s] Level 1:colcon.colcon_core.package_identification:_identify(src/Lidar) by extensions ['ignore', 'ignore_ament_install']
[5.772s] Level 1:colcon.colcon_core.package_identification:_identify(src/Lidar) by extension 'ignore'
[5.773s] Level 1:colcon.colcon_core.package_identification:_identify(src/Lidar) by extension 'ignore_ament_install'
[5.773s] Level 1:colcon.colcon_core.package_identification:_identify(src/Lidar) by extensions ['colcon_pkg']
[5.773s] Level 1:colcon.colcon_core.package_identification:_identify(src/Lidar) by extension 'colcon_pkg'
[5.773s] Level 1:colcon.colcon_core.package_identification:_identify(src/Lidar) by extensions ['colcon_meta']
[5.773s] Level 1:colcon.colcon_core.package_identification:_identify(src/Lidar) by extension 'colcon_meta'
[5.774s] Level 1:colcon.colcon_core.package_identification:_identify(src/Lidar) by extensions ['ros']
[5.774s] Level 1:colcon.colcon_core.package_identification:_identify(src/Lidar) by extension 'ros'
[5.792s] DEBUG:colcon.colcon_core.package_identification:Package 'src/Lidar' with type 'ros.ament_python' and name 'Lidar'
[5.793s] Level 1:colcon.colcon_core.package_identification:_identify(src/lidar_plotter) by extensions ['ignore', 'ignore_ament_install']
[5.794s] Level 1:colcon.colcon_core.package_identification:_identify(src/lidar_plotter) by extension 'ignore'
[5.794s] Level 1:colcon.colcon_core.package_identification:_identify(src/lidar_plotter) by extension 'ignore_ament_install'
[5.795s] Level 1:colcon.colcon_core.package_identification:_identify(src/lidar_plotter) by extensions ['colcon_pkg']
[5.795s] Level 1:colcon.colcon_core.package_identification:_identify(src/lidar_plotter) by extension 'colcon_pkg'
[5.795s] Level 1:colcon.colcon_core.package_identification:_identify(src/lidar_plotter) by extensions ['colcon_meta']
[5.795s] Level 1:colcon.colcon_core.package_identification:_identify(src/lidar_plotter) by extension 'colcon_meta'
[5.795s] Level 1:colcon.colcon_core.package_identification:_identify(src/lidar_plotter) by extensions ['ros']
[5.796s] Level 1:colcon.colcon_core.package_identification:_identify(src/lidar_plotter) by extension 'ros'
[5.801s] DEBUG:colcon.colcon_core.package_identification:Package 'src/lidar_plotter' with type 'ros.ament_python' and name 'lidar_plotter'
[5.802s] Level 1:colcon.colcon_core.package_discovery:discover_packages(recursive) using defaults
[5.802s] Level 1:colcon.colcon_core.package_discovery:discover_packages(ignore) discover
[5.802s] Level 1:colcon.colcon_core.package_discovery:discover_packages(ignore) using defaults
[5.802s] Level 1:colcon.colcon_core.package_discovery:discover_packages(path) discover
[5.802s] Level 1:colcon.colcon_core.package_discovery:discover_packages(path) using defaults
[6.421s] Level 1:colcon.colcon_core.package_discovery:discover_packages(prefix_path) check parameters
[6.422s] Level 1:colcon.colcon_core.package_discovery:discover_packages(prefix_path) discover
[6.586s] DEBUG:colcon.colcon_installed_package_information.package_discovery:Found 1 installed packages in /home/ubuntu/Quadrupedal490_ws/install
[6.668s] DEBUG:colcon.colcon_installed_package_information.package_discovery:Found 281 installed packages in /opt/ros/iron
[6.674s] Level 1:colcon.colcon_core.package_discovery:discover_packages(prefix_path) using defaults
[7.116s] Level 5:colcon.colcon_core.verb:set package 'Lidar' build argument 'cmake_args' from command line to 'None'
[7.117s] Level 5:colcon.colcon_core.verb:set package 'Lidar' build argument 'cmake_target' from command line to 'None'
[7.117s] Level 5:colcon.colcon_core.verb:set package 'Lidar' build argument 'cmake_target_skip_unavailable' from command line to 'False'
[7.117s] Level 5:colcon.colcon_core.verb:set package 'Lidar' build argument 'cmake_clean_cache' from command line to 'False'
[7.117s] Level 5:colcon.colcon_core.verb:set package 'Lidar' build argument 'cmake_clean_first' from command line to 'False'
[7.117s] Level 5:colcon.colcon_core.verb:set package 'Lidar' build argument 'cmake_force_configure' from command line to 'False'
[7.117s] Level 5:colcon.colcon_core.verb:set package 'Lidar' build argument 'ament_cmake_args' from command line to 'None'
[7.117s] Level 5:colcon.colcon_core.verb:set package 'Lidar' build argument 'catkin_cmake_args' from command line to 'None'
[7.117s] Level 5:colcon.colcon_core.verb:set package 'Lidar' build argument 'catkin_skip_building_tests' from command line to 'False'
[7.118s] DEBUG:colcon.colcon_core.verb:Building package 'Lidar' with the following arguments: {'ament_cmake_args': None, 'build_base': '/home/ubuntu/Quadrupedal490_ws/build/Lidar', 'catkin_cmake_args': None, 'catkin_skip_building_tests': False, 'cmake_args': None, 'cmake_clean_cache': False, 'cmake_clean_first': False, 'cmake_force_configure': False, 'cmake_target': None, 'cmake_target_skip_unavailable': False, 'install_base': '/home/ubuntu/Quadrupedal490_ws/install/Lidar', 'merge_install': False, 'path': '/home/ubuntu/Quadrupedal490_ws/src/Lidar', 'symlink_install': False, 'test_result_base': None}
[7.190s] Level 5:colcon.colcon_core.verb:set package 'lidar_plotter' build argument 'cmake_args' from command line to 'None'
[7.190s] Level 5:colcon.colcon_core.verb:set package 'lidar_plotter' build argument 'cmake_target' from command line to 'None'
[7.190s] Level 5:colcon.colcon_core.verb:set package 'lidar_plotter' build argument 'cmake_target_skip_unavailable' from command line to 'False'
[7.190s] Level 5:colcon.colcon_core.verb:set package 'lidar_plotter' build argument 'cmake_clean_cache' from command line to 'False'
[7.190s] Level 5:colcon.colcon_core.verb:set package 'lidar_plotter' build argument 'cmake_clean_first' from command line to 'False'
[7.190s] Level 5:colcon.colcon_core.verb:set package 'lidar_plotter' build argument 'cmake_force_configure' from command line to 'False'
[7.190s] Level 5:colcon.colcon_core.verb:set package 'lidar_plotter' build argument 'ament_cmake_args' from command line to 'None'
[7.191s] Level 5:colcon.colcon_core.verb:set package 'lidar_plotter' build argument 'catkin_cmake_args' from command line to 'None'
[7.191s] Level 5:colcon.colcon_core.verb:set package 'lidar_plotter' build argument 'catkin_skip_building_tests' from command line to 'False'
[7.191s] DEBUG:colcon.colcon_core.verb:Building package 'lidar_plotter' with the following arguments: {'ament_cmake_args': None, 'build_base': '/home/ubuntu/Quadrupedal490_ws/build/lidar_plotter', 'catkin_cmake_args': None, 'catkin_skip_building_tests': False, 'cmake_args': None, 'cmake_clean_cache': False, 'cmake_clean_first': False, 'cmake_force_configure': False, 'cmake_target': None, 'cmake_target_skip_unavailable': False, 'install_base': '/home/ubuntu/Quadrupedal490_ws/install/lidar_plotter', 'merge_install': False, 'path': '/home/ubuntu/Quadrupedal490_ws/src/lidar_plotter', 'symlink_install': False, 'test_result_base': None}
[7.264s] INFO:colcon.colcon_core.executor:Executing jobs using 'parallel' executor
[7.340s] DEBUG:colcon.colcon_parallel_executor.executor.parallel:run_until_complete
[7.341s] INFO:colcon.colcon_ros.task.ament_python.build:Building ROS package in '/home/ubuntu/Quadrupedal490_ws/src/Lidar' with build type 'ament_python'
[7.342s] Level 1:colcon.colcon_core.shell:create_environment_hook('Lidar', 'ament_prefix_path')
[7.439s] INFO:colcon.colcon_core.plugin_system:Skipping extension 'colcon_core.shell.bat': Not used on non-Windows systems
[7.440s] INFO:colcon.colcon_core.shell:Creating environment hook '/home/ubuntu/Quadrupedal490_ws/install/Lidar/share/Lidar/hook/ament_prefix_path.ps1'
[7.445s] INFO:colcon.colcon_core.shell:Creating environment descriptor '/home/ubuntu/Quadrupedal490_ws/install/Lidar/share/Lidar/hook/ament_prefix_path.dsv'
[7.448s] INFO:colcon.colcon_core.shell:Creating environment hook '/home/ubuntu/Quadrupedal490_ws/install/Lidar/share/Lidar/hook/ament_prefix_path.sh'
[7.528s] INFO:colcon.colcon_core.shell:Skip shell extension 'powershell' for command environment: Not usable outside of PowerShell
[7.528s] DEBUG:colcon.colcon_core.shell:Skip shell extension 'dsv' for command environment
[7.774s] INFO:colcon.colcon_ros.task.ament_python.build:Building ROS package in '/home/ubuntu/Quadrupedal490_ws/src/lidar_plotter' with build type 'ament_python'
[7.775s] Level 1:colcon.colcon_core.shell:create_environment_hook('lidar_plotter', 'ament_prefix_path')
[7.854s] INFO:colcon.colcon_core.shell:Creating environment hook '/home/ubuntu/Quadrupedal490_ws/install/lidar_plotter/share/lidar_plotter/hook/ament_prefix_path.ps1'
[7.859s] INFO:colcon.colcon_core.shell:Creating environment descriptor '/home/ubuntu/Quadrupedal490_ws/install/lidar_plotter/share/lidar_plotter/hook/ament_prefix_path.dsv'
[7.861s] INFO:colcon.colcon_core.shell:Creating environment hook '/home/ubuntu/Quadrupedal490_ws/install/lidar_plotter/share/lidar_plotter/hook/ament_prefix_path.sh'
[7.939s] INFO:colcon.colcon_core.shell:Skip shell extension 'powershell' for command environment: Not usable outside of PowerShell
[7.939s] DEBUG:colcon.colcon_core.shell:Skip shell extension 'dsv' for command environment
[9.544s] INFO:colcon.colcon_core.task.python.build:Building Python package in '/home/ubuntu/Quadrupedal490_ws/src/Lidar'
[9.623s] INFO:colcon.colcon_core.shell:Skip shell extension 'powershell' for command environment: Not usable outside of PowerShell
[9.624s] DEBUG:colcon.colcon_core.shell:Skip shell extension 'dsv' for command environment
[11.167s] INFO:colcon.colcon_core.task.python.build:Building Python package in '/home/ubuntu/Quadrupedal490_ws/src/lidar_plotter'
[11.246s] INFO:colcon.colcon_core.shell:Skip shell extension 'powershell' for command environment: Not usable outside of PowerShell
[11.246s] DEBUG:colcon.colcon_core.shell:Skip shell extension 'dsv' for command environment
[14.014s] DEBUG:colcon.colcon_core.event_handler.log_command:Invoking command in '/home/ubuntu/Quadrupedal490_ws/src/Lidar': PYTHONPATH=/home/ubuntu/Quadrupedal490_ws/build/Lidar/prefix_override:/home/ubuntu/Quadrupedal490_ws/install/Lidar/lib/python3.10/site-packages:${PYTHONPATH} /usr/bin/python3 setup.py egg_info --egg-base ../../build/Lidar build --build-base /home/ubuntu/Quadrupedal490_ws/build/Lidar/build install --record /home/ubuntu/Quadrupedal490_ws/build/Lidar/install.log --single-version-externally-managed
[14.039s] DEBUG:colcon.colcon_core.event_handler.log_command:Invoking command in '/home/ubuntu/Quadrupedal490_ws/src/lidar_plotter': PYTHONPATH=/home/ubuntu/Quadrupedal490_ws/build/lidar_plotter/prefix_override:/home/ubuntu/Quadrupedal490_ws/install/lidar_plotter/lib/python3.10/site-packages:${PYTHONPATH} /usr/bin/python3 setup.py egg_info --egg-base ../../build/lidar_plotter build --build-base /home/ubuntu/Quadrupedal490_ws/build/lidar_plotter/build install --record /home/ubuntu/Quadrupedal490_ws/build/lidar_plotter/install.log --single-version-externally-managed
[15.814s] DEBUG:colcon.colcon_core.event_handler.log_command:Invoked command in '/home/ubuntu/Quadrupedal490_ws/src/Lidar' returned '1': PYTHONPATH=/home/ubuntu/Quadrupedal490_ws/build/Lidar/prefix_override:/home/ubuntu/Quadrupedal490_ws/install/Lidar/lib/python3.10/site-packages:${PYTHONPATH} /usr/bin/python3 setup.py egg_info --egg-base ../../build/Lidar build --build-base /home/ubuntu/Quadrupedal490_ws/build/Lidar/build install --record /home/ubuntu/Quadrupedal490_ws/build/Lidar/install.log --single-version-externally-managed
[15.974s] DEBUG:colcon.colcon_parallel_executor.executor.parallel:closing loop
[15.975s] DEBUG:colcon.colcon_parallel_executor.executor.parallel:loop closed
[15.975s] DEBUG:colcon.colcon_parallel_executor.executor.parallel:run_until_complete finished with '1'
[15.976s] DEBUG:colcon.colcon_core.event_reactor:joining thread
[16.098s] INFO:colcon.colcon_core.plugin_system:Skipping extension 'colcon_notification.desktop_notification.terminal_notifier': Not used on non-Darwin systems
[16.098s] INFO:colcon.colcon_core.plugin_system:Skipping extension 'colcon_notification.desktop_notification.win32': Not used on non-Windows systems
[16.099s] INFO:colcon.colcon_notification.desktop_notification:Sending desktop notification using 'notify2'
[16.182s] DEBUG:colcon.colcon_core.event_reactor:joined thread
[16.309s] INFO:colcon.colcon_core.shell:Creating prefix script '/home/ubuntu/Quadrupedal490_ws/install/local_setup.ps1'
[16.318s] INFO:colcon.colcon_core.shell:Creating prefix util module '/home/ubuntu/Quadrupedal490_ws/install/_local_setup_util_ps1.py'
[16.325s] INFO:colcon.colcon_core.shell:Creating prefix chain script '/home/ubuntu/Quadrupedal490_ws/install/setup.ps1'
[16.406s] INFO:colcon.colcon_core.shell:Creating prefix script '/home/ubuntu/Quadrupedal490_ws/install/local_setup.sh'
[16.410s] INFO:colcon.colcon_core.shell:Creating prefix util module '/home/ubuntu/Quadrupedal490_ws/install/_local_setup_util_sh.py'
[16.412s] INFO:colcon.colcon_core.shell:Creating prefix chain script '/home/ubuntu/Quadrupedal490_ws/install/setup.sh'
[16.497s] INFO:colcon.colcon_core.shell:Creating prefix script '/home/ubuntu/Quadrupedal490_ws/install/local_setup.bash'
[16.500s] INFO:colcon.colcon_core.shell:Creating prefix chain script '/home/ubuntu/Quadrupedal490_ws/install/setup.bash'
[16.586s] INFO:colcon.colcon_core.shell:Creating prefix script '/home/ubuntu/Quadrupedal490_ws/install/local_setup.zsh'
[16.590s] INFO:colcon.colcon_core.shell:Creating prefix chain script '/home/ubuntu/Quadrupedal490_ws/install/setup.zsh'
