[6.517s] DEBUG:colcon:Command line arguments: ['/usr/bin/colcon', 'build']
[6.517s] DEBUG:colcon:Parsed command line arguments: Namespace(log_base=None, log_level=None, verb_name='build', build_base='build', install_base='install', merge_install=False, symlink_install=False, test_result_base=None, continue_on_error=False, executor='parallel', parallel_workers=4, event_handlers=None, ignore_user_meta=False, metas=['./colcon.meta'], base_paths=['.'], packages_ignore=None, packages_ignore_regex=None, paths=None, packages_up_to=None, packages_up_to_regex=None, packages_above=None, packages_above_and_dependencies=None, packages_above_depth=None, packages_select_by_dep=None, packages_skip_by_dep=None, packages_skip_up_to=None, packages_select_build_failed=False, packages_skip_build_finished=False, packages_select_test_failures=False, packages_skip_test_passed=False, packages_select=None, packages_skip=None, packages_select_regex=None, packages_skip_regex=None, packages_start=None, packages_end=None, allow_overriding=[], cmake_args=None, cmake_target=None, cmake_target_skip_unavailable=False, cmake_clean_cache=False, cmake_clean_first=False, cmake_force_configure=False, ament_cmake_args=None, catkin_cmake_args=None, catkin_skip_building_tests=False, verb_parser=<colcon_defaults.argument_parser.defaults.DefaultArgumentsDecorator object at 0xffff971562f0>, verb_extension=<colcon_core.verb.build.BuildVerb object at 0xffff9762ff10>, main=<bound method BuildVerb.main of <colcon_core.verb.build.BuildVerb object at 0xffff9762ff10>>)
[6.862s] Level 1:colcon.colcon_core.package_discovery:discover_packages(colcon_meta) check parameters
[6.862s] Level 1:colcon.colcon_core.package_discovery:discover_packages(recursive) check parameters
[6.863s] Level 1:colcon.colcon_core.package_discovery:discover_packages(ignore) check parameters
[6.863s] Level 1:colcon.colcon_core.package_discovery:discover_packages(path) check parameters
[6.863s] Level 1:colcon.colcon_core.package_discovery:discover_packages(colcon_meta) discover
[6.863s] Level 1:colcon.colcon_core.package_discovery:discover_packages(recursive) discover
[6.863s] INFO:colcon.colcon_core.package_discovery:Crawling recursively for packages in '/home/ubuntu/Quadrupedal490_ws'
[6.864s] Level 1:colcon.colcon_core.package_identification:_identify(.) by extensions ['ignore', 'ignore_ament_install']
[6.864s] Level 1:colcon.colcon_core.package_identification:_identify(.) by extension 'ignore'
[6.865s] Level 1:colcon.colcon_core.package_identification:_identify(.) by extension 'ignore_ament_install'
[6.865s] Level 1:colcon.colcon_core.package_identification:_identify(.) by extensions ['colcon_pkg']
[6.865s] Level 1:colcon.colcon_core.package_identification:_identify(.) by extension 'colcon_pkg'
[6.866s] Level 1:colcon.colcon_core.package_identification:_identify(.) by extensions ['colcon_meta']
[6.866s] Level 1:colcon.colcon_core.package_identification:_identify(.) by extension 'colcon_meta'
[6.866s] Level 1:colcon.colcon_core.package_identification:_identify(.) by extensions ['ros']
[6.866s] Level 1:colcon.colcon_core.package_identification:_identify(.) by extension 'ros'
[6.948s] Level 1:colcon.colcon_core.package_identification:_identify(.) by extensions ['cmake', 'python']
[6.948s] Level 1:colcon.colcon_core.package_identification:_identify(.) by extension 'cmake'
[6.948s] Level 1:colcon.colcon_core.package_identification:_identify(.) by extension 'python'
[6.949s] Level 1:colcon.colcon_core.package_identification:_identify(.) by extensions ['python_setup_py']
[6.949s] Level 1:colcon.colcon_core.package_identification:_identify(.) by extension 'python_setup_py'
[6.949s] Level 1:colcon.colcon_core.package_identification:_identify(build) by extensions ['ignore', 'ignore_ament_install']
[6.950s] Level 1:colcon.colcon_core.package_identification:_identify(build) by extension 'ignore'
[6.950s] Level 1:colcon.colcon_core.package_identification:_identify(build) ignored
[6.953s] Level 1:colcon.colcon_core.package_identification:_identify(install) by extensions ['ignore', 'ignore_ament_install']
[6.954s] Level 1:colcon.colcon_core.package_identification:_identify(install) by extension 'ignore'
[6.954s] Level 1:colcon.colcon_core.package_identification:_identify(install) ignored
[6.955s] Level 1:colcon.colcon_core.package_identification:_identify(log) by extensions ['ignore', 'ignore_ament_install']
[6.955s] Level 1:colcon.colcon_core.package_identification:_identify(log) by extension 'ignore'
[6.956s] Level 1:colcon.colcon_core.package_identification:_identify(log) ignored
[6.956s] Level 1:colcon.colcon_core.package_identification:_identify(src) by extensions ['ignore', 'ignore_ament_install']
[6.956s] Level 1:colcon.colcon_core.package_identification:_identify(src) by extension 'ignore'
[6.957s] Level 1:colcon.colcon_core.package_identification:_identify(src) by extension 'ignore_ament_install'
[6.957s] Level 1:colcon.colcon_core.package_identification:_identify(src) by extensions ['colcon_pkg']
[6.957s] Level 1:colcon.colcon_core.package_identification:_identify(src) by extension 'colcon_pkg'
[6.957s] Level 1:colcon.colcon_core.package_identification:_identify(src) by extensions ['colcon_meta']
[6.958s] Level 1:colcon.colcon_core.package_identification:_identify(src) by extension 'colcon_meta'
[6.958s] Level 1:colcon.colcon_core.package_identification:_identify(src) by extensions ['ros']
[6.958s] Level 1:colcon.colcon_core.package_identification:_identify(src) by extension 'ros'
[6.958s] Level 1:colcon.colcon_core.package_identification:_identify(src) by extensions ['cmake', 'python']
[6.958s] Level 1:colcon.colcon_core.package_identification:_identify(src) by extension 'cmake'
[6.959s] Level 1:colcon.colcon_core.package_identification:_identify(src) by extension 'python'
[6.959s] Level 1:colcon.colcon_core.package_identification:_identify(src) by extensions ['python_setup_py']
[6.959s] Level 1:colcon.colcon_core.package_identification:_identify(src) by extension 'python_setup_py'
[6.960s] Level 1:colcon.colcon_core.package_identification:_identify(src/Lidar) by extensions ['ignore', 'ignore_ament_install']
[6.960s] Level 1:colcon.colcon_core.package_identification:_identify(src/Lidar) by extension 'ignore'
[6.960s] Level 1:colcon.colcon_core.package_identification:_identify(src/Lidar) by extension 'ignore_ament_install'
[6.960s] Level 1:colcon.colcon_core.package_identification:_identify(src/Lidar) by extensions ['colcon_pkg']
[6.961s] Level 1:colcon.colcon_core.package_identification:_identify(src/Lidar) by extension 'colcon_pkg'
[6.961s] Level 1:colcon.colcon_core.package_identification:_identify(src/Lidar) by extensions ['colcon_meta']
[6.961s] Level 1:colcon.colcon_core.package_identification:_identify(src/Lidar) by extension 'colcon_meta'
[6.961s] Level 1:colcon.colcon_core.package_identification:_identify(src/Lidar) by extensions ['ros']
[6.961s] Level 1:colcon.colcon_core.package_identification:_identify(src/Lidar) by extension 'ros'
[6.983s] DEBUG:colcon.colcon_core.package_identification:Package 'src/Lidar' with type 'ros.ament_python' and name 'Lidar'
[6.984s] Level 1:colcon.colcon_core.package_identification:_identify(src/lidar_plotter) by extensions ['ignore', 'ignore_ament_install']
[6.985s] Level 1:colcon.colcon_core.package_identification:_identify(src/lidar_plotter) by extension 'ignore'
[6.985s] Level 1:colcon.colcon_core.package_identification:_identify(src/lidar_plotter) by extension 'ignore_ament_install'
[6.986s] Level 1:colcon.colcon_core.package_identification:_identify(src/lidar_plotter) by extensions ['colcon_pkg']
[6.986s] Level 1:colcon.colcon_core.package_identification:_identify(src/lidar_plotter) by extension 'colcon_pkg'
[6.986s] Level 1:colcon.colcon_core.package_identification:_identify(src/lidar_plotter) by extensions ['colcon_meta']
[6.986s] Level 1:colcon.colcon_core.package_identification:_identify(src/lidar_plotter) by extension 'colcon_meta'
[6.986s] Level 1:colcon.colcon_core.package_identification:_identify(src/lidar_plotter) by extensions ['ros']
[6.987s] Level 1:colcon.colcon_core.package_identification:_identify(src/lidar_plotter) by extension 'ros'
[6.992s] DEBUG:colcon.colcon_core.package_identification:Package 'src/lidar_plotter' with type 'ros.ament_python' and name 'lidar_plotter'
[6.993s] Level 1:colcon.colcon_core.package_discovery:discover_packages(recursive) using defaults
[6.993s] Level 1:colcon.colcon_core.package_discovery:discover_packages(ignore) discover
[6.993s] Level 1:colcon.colcon_core.package_discovery:discover_packages(ignore) using defaults
[6.993s] Level 1:colcon.colcon_core.package_discovery:discover_packages(path) discover
[6.994s] Level 1:colcon.colcon_core.package_discovery:discover_packages(path) using defaults
[7.844s] Level 1:colcon.colcon_core.package_discovery:discover_packages(prefix_path) check parameters
[7.844s] Level 1:colcon.colcon_core.package_discovery:discover_packages(prefix_path) discover
[8.016s] DEBUG:colcon.colcon_installed_package_information.package_discovery:Found 2 installed packages in /home/ubuntu/Quadrupedal490_ws/install
[8.113s] DEBUG:colcon.colcon_installed_package_information.package_discovery:Found 281 installed packages in /opt/ros/iron
[8.120s] Level 1:colcon.colcon_core.package_discovery:discover_packages(prefix_path) using defaults
[8.757s] Level 5:colcon.colcon_core.verb:set package 'Lidar' build argument 'cmake_args' from command line to 'None'
[8.757s] Level 5:colcon.colcon_core.verb:set package 'Lidar' build argument 'cmake_target' from command line to 'None'
[8.757s] Level 5:colcon.colcon_core.verb:set package 'Lidar' build argument 'cmake_target_skip_unavailable' from command line to 'False'
[8.757s] Level 5:colcon.colcon_core.verb:set package 'Lidar' build argument 'cmake_clean_cache' from command line to 'False'
[8.757s] Level 5:colcon.colcon_core.verb:set package 'Lidar' build argument 'cmake_clean_first' from command line to 'False'
[8.757s] Level 5:colcon.colcon_core.verb:set package 'Lidar' build argument 'cmake_force_configure' from command line to 'False'
[8.758s] Level 5:colcon.colcon_core.verb:set package 'Lidar' build argument 'ament_cmake_args' from command line to 'None'
[8.758s] Level 5:colcon.colcon_core.verb:set package 'Lidar' build argument 'catkin_cmake_args' from command line to 'None'
[8.758s] Level 5:colcon.colcon_core.verb:set package 'Lidar' build argument 'catkin_skip_building_tests' from command line to 'False'
[8.758s] DEBUG:colcon.colcon_core.verb:Building package 'Lidar' with the following arguments: {'ament_cmake_args': None, 'build_base': '/home/ubuntu/Quadrupedal490_ws/build/Lidar', 'catkin_cmake_args': None, 'catkin_skip_building_tests': False, 'cmake_args': None, 'cmake_clean_cache': False, 'cmake_clean_first': False, 'cmake_force_configure': False, 'cmake_target': None, 'cmake_target_skip_unavailable': False, 'install_base': '/home/ubuntu/Quadrupedal490_ws/install/Lidar', 'merge_install': False, 'path': '/home/ubuntu/Quadrupedal490_ws/src/Lidar', 'symlink_install': False, 'test_result_base': None}
[8.830s] Level 5:colcon.colcon_core.verb:set package 'lidar_plotter' build argument 'cmake_args' from command line to 'None'
[8.830s] Level 5:colcon.colcon_core.verb:set package 'lidar_plotter' build argument 'cmake_target' from command line to 'None'
[8.831s] Level 5:colcon.colcon_core.verb:set package 'lidar_plotter' build argument 'cmake_target_skip_unavailable' from command line to 'False'
[8.831s] Level 5:colcon.colcon_core.verb:set package 'lidar_plotter' build argument 'cmake_clean_cache' from command line to 'False'
[8.831s] Level 5:colcon.colcon_core.verb:set package 'lidar_plotter' build argument 'cmake_clean_first' from command line to 'False'
[8.831s] Level 5:colcon.colcon_core.verb:set package 'lidar_plotter' build argument 'cmake_force_configure' from command line to 'False'
[8.831s] Level 5:colcon.colcon_core.verb:set package 'lidar_plotter' build argument 'ament_cmake_args' from command line to 'None'
[8.831s] Level 5:colcon.colcon_core.verb:set package 'lidar_plotter' build argument 'catkin_cmake_args' from command line to 'None'
[8.831s] Level 5:colcon.colcon_core.verb:set package 'lidar_plotter' build argument 'catkin_skip_building_tests' from command line to 'False'
[8.832s] DEBUG:colcon.colcon_core.verb:Building package 'lidar_plotter' with the following arguments: {'ament_cmake_args': None, 'build_base': '/home/ubuntu/Quadrupedal490_ws/build/lidar_plotter', 'catkin_cmake_args': None, 'catkin_skip_building_tests': False, 'cmake_args': None, 'cmake_clean_cache': False, 'cmake_clean_first': False, 'cmake_force_configure': False, 'cmake_target': None, 'cmake_target_skip_unavailable': False, 'install_base': '/home/ubuntu/Quadrupedal490_ws/install/lidar_plotter', 'merge_install': False, 'path': '/home/ubuntu/Quadrupedal490_ws/src/lidar_plotter', 'symlink_install': False, 'test_result_base': None}
[8.922s] INFO:colcon.colcon_core.executor:Executing jobs using 'parallel' executor
[8.999s] DEBUG:colcon.colcon_parallel_executor.executor.parallel:run_until_complete
[9.000s] INFO:colcon.colcon_ros.task.ament_python.build:Building ROS package in '/home/ubuntu/Quadrupedal490_ws/src/Lidar' with build type 'ament_python'
[9.000s] Level 1:colcon.colcon_core.shell:create_environment_hook('Lidar', 'ament_prefix_path')
[9.115s] INFO:colcon.colcon_core.plugin_system:Skipping extension 'colcon_core.shell.bat': Not used on non-Windows systems
[9.117s] INFO:colcon.colcon_core.shell:Creating environment hook '/home/ubuntu/Quadrupedal490_ws/install/Lidar/share/Lidar/hook/ament_prefix_path.ps1'
[9.123s] INFO:colcon.colcon_core.shell:Creating environment descriptor '/home/ubuntu/Quadrupedal490_ws/install/Lidar/share/Lidar/hook/ament_prefix_path.dsv'
[9.137s] INFO:colcon.colcon_core.shell:Creating environment hook '/home/ubuntu/Quadrupedal490_ws/install/Lidar/share/Lidar/hook/ament_prefix_path.sh'
[9.262s] INFO:colcon.colcon_core.shell:Skip shell extension 'powershell' for command environment: Not usable outside of PowerShell
[9.263s] DEBUG:colcon.colcon_core.shell:Skip shell extension 'dsv' for command environment
[9.539s] INFO:colcon.colcon_ros.task.ament_python.build:Building ROS package in '/home/ubuntu/Quadrupedal490_ws/src/lidar_plotter' with build type 'ament_python'
[9.540s] Level 1:colcon.colcon_core.shell:create_environment_hook('lidar_plotter', 'ament_prefix_path')
[9.662s] INFO:colcon.colcon_core.shell:Creating environment hook '/home/ubuntu/Quadrupedal490_ws/install/lidar_plotter/share/lidar_plotter/hook/ament_prefix_path.ps1'
[9.672s] INFO:colcon.colcon_core.shell:Creating environment descriptor '/home/ubuntu/Quadrupedal490_ws/install/lidar_plotter/share/lidar_plotter/hook/ament_prefix_path.dsv'
[9.679s] INFO:colcon.colcon_core.shell:Creating environment hook '/home/ubuntu/Quadrupedal490_ws/install/lidar_plotter/share/lidar_plotter/hook/ament_prefix_path.sh'
[9.781s] INFO:colcon.colcon_core.shell:Skip shell extension 'powershell' for command environment: Not usable outside of PowerShell
[9.782s] DEBUG:colcon.colcon_core.shell:Skip shell extension 'dsv' for command environment
[11.936s] INFO:colcon.colcon_core.task.python.build:Building Python package in '/home/ubuntu/Quadrupedal490_ws/src/Lidar'
[12.026s] INFO:colcon.colcon_core.shell:Skip shell extension 'powershell' for command environment: Not usable outside of PowerShell
[12.026s] DEBUG:colcon.colcon_core.shell:Skip shell extension 'dsv' for command environment
[13.799s] INFO:colcon.colcon_core.task.python.build:Building Python package in '/home/ubuntu/Quadrupedal490_ws/src/lidar_plotter'
[13.878s] INFO:colcon.colcon_core.shell:Skip shell extension 'powershell' for command environment: Not usable outside of PowerShell
[13.878s] DEBUG:colcon.colcon_core.shell:Skip shell extension 'dsv' for command environment
[17.461s] DEBUG:colcon.colcon_core.event_handler.log_command:Invoking command in '/home/ubuntu/Quadrupedal490_ws/src/Lidar': PYTHONPATH=/home/ubuntu/Quadrupedal490_ws/build/Lidar/prefix_override:/home/ubuntu/Quadrupedal490_ws/install/Lidar/lib/python3.10/site-packages:${PYTHONPATH} /usr/bin/python3 setup.py egg_info --egg-base ../../build/Lidar build --build-base /home/ubuntu/Quadrupedal490_ws/build/Lidar/build install --record /home/ubuntu/Quadrupedal490_ws/build/Lidar/install.log --single-version-externally-managed
[17.500s] DEBUG:colcon.colcon_core.event_handler.log_command:Invoking command in '/home/ubuntu/Quadrupedal490_ws/src/lidar_plotter': PYTHONPATH=/home/ubuntu/Quadrupedal490_ws/build/lidar_plotter/prefix_override:/home/ubuntu/Quadrupedal490_ws/install/lidar_plotter/lib/python3.10/site-packages:${PYTHONPATH} /usr/bin/python3 setup.py egg_info --egg-base ../../build/lidar_plotter build --build-base /home/ubuntu/Quadrupedal490_ws/build/lidar_plotter/build install --record /home/ubuntu/Quadrupedal490_ws/build/lidar_plotter/install.log --single-version-externally-managed
[19.611s] DEBUG:colcon.colcon_core.event_handler.log_command:Invoked command in '/home/ubuntu/Quadrupedal490_ws/src/Lidar' returned '0': PYTHONPATH=/home/ubuntu/Quadrupedal490_ws/build/Lidar/prefix_override:/home/ubuntu/Quadrupedal490_ws/install/Lidar/lib/python3.10/site-packages:${PYTHONPATH} /usr/bin/python3 setup.py egg_info --egg-base ../../build/Lidar build --build-base /home/ubuntu/Quadrupedal490_ws/build/Lidar/build install --record /home/ubuntu/Quadrupedal490_ws/build/Lidar/install.log --single-version-externally-managed
[19.726s] Level 1:colcon.colcon_core.environment:checking '/home/ubuntu/Quadrupedal490_ws/install/Lidar' for CMake module files
[19.731s] Level 1:colcon.colcon_core.environment:checking '/home/ubuntu/Quadrupedal490_ws/install/Lidar' for CMake config files
[19.739s] Level 1:colcon.colcon_core.environment:checking '/home/ubuntu/Quadrupedal490_ws/install/Lidar/lib'
[19.740s] Level 1:colcon.colcon_core.environment:checking '/home/ubuntu/Quadrupedal490_ws/install/Lidar/bin'
[19.741s] Level 1:colcon.colcon_core.environment:checking '/home/ubuntu/Quadrupedal490_ws/install/Lidar/lib/pkgconfig/Lidar.pc'
[19.742s] Level 1:colcon.colcon_core.environment:checking '/home/ubuntu/Quadrupedal490_ws/install/Lidar/lib/python3.10/site-packages'
[19.742s] Level 1:colcon.colcon_core.shell:create_environment_hook('Lidar', 'pythonpath')
[19.831s] INFO:colcon.colcon_core.shell:Creating environment hook '/home/ubuntu/Quadrupedal490_ws/install/Lidar/share/Lidar/hook/pythonpath.ps1'
[19.834s] INFO:colcon.colcon_core.shell:Creating environment descriptor '/home/ubuntu/Quadrupedal490_ws/install/Lidar/share/Lidar/hook/pythonpath.dsv'
[19.836s] INFO:colcon.colcon_core.shell:Creating environment hook '/home/ubuntu/Quadrupedal490_ws/install/Lidar/share/Lidar/hook/pythonpath.sh'
[19.839s] Level 1:colcon.colcon_core.environment:checking '/home/ubuntu/Quadrupedal490_ws/install/Lidar/bin'
[19.839s] Level 1:colcon.colcon_core.environment:create_environment_scripts_only(Lidar)
[19.928s] INFO:colcon.colcon_core.shell:Creating package script '/home/ubuntu/Quadrupedal490_ws/install/Lidar/share/Lidar/package.ps1'
[19.966s] INFO:colcon.colcon_core.shell:Creating package descriptor '/home/ubuntu/Quadrupedal490_ws/install/Lidar/share/Lidar/package.dsv'
[20.077s] INFO:colcon.colcon_core.shell:Creating package script '/home/ubuntu/Quadrupedal490_ws/install/Lidar/share/Lidar/package.sh'
[20.084s] INFO:colcon.colcon_core.shell:Creating package script '/home/ubuntu/Quadrupedal490_ws/install/Lidar/share/Lidar/package.bash'
[20.090s] INFO:colcon.colcon_core.shell:Creating package script '/home/ubuntu/Quadrupedal490_ws/install/Lidar/share/Lidar/package.zsh'
[20.099s] Level 1:colcon.colcon_core.environment:create_file_with_runtime_dependencies(/home/ubuntu/Quadrupedal490_ws/install/Lidar/share/colcon-core/packages/Lidar)
[20.106s] DEBUG:colcon.colcon_core.event_handler.log_command:Invoked command in '/home/ubuntu/Quadrupedal490_ws/src/lidar_plotter' returned '0': PYTHONPATH=/home/ubuntu/Quadrupedal490_ws/build/lidar_plotter/prefix_override:/home/ubuntu/Quadrupedal490_ws/install/lidar_plotter/lib/python3.10/site-packages:${PYTHONPATH} /usr/bin/python3 setup.py egg_info --egg-base ../../build/lidar_plotter build --build-base /home/ubuntu/Quadrupedal490_ws/build/lidar_plotter/build install --record /home/ubuntu/Quadrupedal490_ws/build/lidar_plotter/install.log --single-version-externally-managed
[20.211s] Level 1:colcon.colcon_core.environment:checking '/home/ubuntu/Quadrupedal490_ws/install/lidar_plotter' for CMake module files
[20.219s] Level 1:colcon.colcon_core.environment:checking '/home/ubuntu/Quadrupedal490_ws/install/lidar_plotter' for CMake config files
[20.240s] Level 1:colcon.colcon_core.environment:checking '/home/ubuntu/Quadrupedal490_ws/install/lidar_plotter/lib'
[20.240s] Level 1:colcon.colcon_core.environment:checking '/home/ubuntu/Quadrupedal490_ws/install/lidar_plotter/bin'
[20.241s] Level 1:colcon.colcon_core.environment:checking '/home/ubuntu/Quadrupedal490_ws/install/lidar_plotter/lib/pkgconfig/lidar_plotter.pc'
[20.242s] Level 1:colcon.colcon_core.environment:checking '/home/ubuntu/Quadrupedal490_ws/install/lidar_plotter/lib/python3.10/site-packages'
[20.242s] Level 1:colcon.colcon_core.shell:create_environment_hook('lidar_plotter', 'pythonpath')
[20.337s] INFO:colcon.colcon_core.shell:Creating environment hook '/home/ubuntu/Quadrupedal490_ws/install/lidar_plotter/share/lidar_plotter/hook/pythonpath.ps1'
[20.340s] INFO:colcon.colcon_core.shell:Creating environment descriptor '/home/ubuntu/Quadrupedal490_ws/install/lidar_plotter/share/lidar_plotter/hook/pythonpath.dsv'
[20.341s] INFO:colcon.colcon_core.shell:Creating environment hook '/home/ubuntu/Quadrupedal490_ws/install/lidar_plotter/share/lidar_plotter/hook/pythonpath.sh'
[20.344s] Level 1:colcon.colcon_core.environment:checking '/home/ubuntu/Quadrupedal490_ws/install/lidar_plotter/bin'
[20.344s] Level 1:colcon.colcon_core.environment:create_environment_scripts_only(lidar_plotter)
[20.433s] INFO:colcon.colcon_core.shell:Creating package script '/home/ubuntu/Quadrupedal490_ws/install/lidar_plotter/share/lidar_plotter/package.ps1'
[20.436s] INFO:colcon.colcon_core.shell:Creating package descriptor '/home/ubuntu/Quadrupedal490_ws/install/lidar_plotter/share/lidar_plotter/package.dsv'
[20.439s] INFO:colcon.colcon_core.shell:Creating package script '/home/ubuntu/Quadrupedal490_ws/install/lidar_plotter/share/lidar_plotter/package.sh'
[20.441s] INFO:colcon.colcon_core.shell:Creating package script '/home/ubuntu/Quadrupedal490_ws/install/lidar_plotter/share/lidar_plotter/package.bash'
[20.443s] INFO:colcon.colcon_core.shell:Creating package script '/home/ubuntu/Quadrupedal490_ws/install/lidar_plotter/share/lidar_plotter/package.zsh'
[20.445s] Level 1:colcon.colcon_core.environment:create_file_with_runtime_dependencies(/home/ubuntu/Quadrupedal490_ws/install/lidar_plotter/share/colcon-core/packages/lidar_plotter)
[20.446s] DEBUG:colcon.colcon_parallel_executor.executor.parallel:closing loop
[20.448s] DEBUG:colcon.colcon_parallel_executor.executor.parallel:loop closed
[20.449s] DEBUG:colcon.colcon_parallel_executor.executor.parallel:run_until_complete finished with '0'
[20.449s] DEBUG:colcon.colcon_core.event_reactor:joining thread
[20.605s] INFO:colcon.colcon_core.plugin_system:Skipping extension 'colcon_notification.desktop_notification.terminal_notifier': Not used on non-Darwin systems
[20.606s] INFO:colcon.colcon_core.plugin_system:Skipping extension 'colcon_notification.desktop_notification.win32': Not used on non-Windows systems
[20.606s] INFO:colcon.colcon_notification.desktop_notification:Sending desktop notification using 'notify2'
[20.608s] DEBUG:colcon.colcon_notification.desktop_notification.notify2:Failed to initialize notify2: org.freedesktop.DBus.Error.NoReply: Did not receive a reply. Possible causes include: the remote application did not send a reply, the message bus security policy blocked the reply, the reply timeout expired, or the network connection was broken.
[20.608s] DEBUG:colcon.colcon_core.event_reactor:joined thread
[20.704s] INFO:colcon.colcon_core.shell:Creating prefix script '/home/ubuntu/Quadrupedal490_ws/install/local_setup.ps1'
[20.711s] INFO:colcon.colcon_core.shell:Creating prefix util module '/home/ubuntu/Quadrupedal490_ws/install/_local_setup_util_ps1.py'
[20.721s] INFO:colcon.colcon_core.shell:Creating prefix chain script '/home/ubuntu/Quadrupedal490_ws/install/setup.ps1'
[20.803s] INFO:colcon.colcon_core.shell:Creating prefix script '/home/ubuntu/Quadrupedal490_ws/install/local_setup.sh'
[20.809s] INFO:colcon.colcon_core.shell:Creating prefix util module '/home/ubuntu/Quadrupedal490_ws/install/_local_setup_util_sh.py'
[20.813s] INFO:colcon.colcon_core.shell:Creating prefix chain script '/home/ubuntu/Quadrupedal490_ws/install/setup.sh'
[20.904s] INFO:colcon.colcon_core.shell:Creating prefix script '/home/ubuntu/Quadrupedal490_ws/install/local_setup.bash'
[20.910s] INFO:colcon.colcon_core.shell:Creating prefix chain script '/home/ubuntu/Quadrupedal490_ws/install/setup.bash'
[21.004s] INFO:colcon.colcon_core.shell:Creating prefix script '/home/ubuntu/Quadrupedal490_ws/install/local_setup.zsh'
[21.010s] INFO:colcon.colcon_core.shell:Creating prefix chain script '/home/ubuntu/Quadrupedal490_ws/install/setup.zsh'
