[5.181s] DEBUG:colcon:Command line arguments: ['/usr/bin/colcon', 'build']
[5.181s] DEBUG:colcon:Parsed command line arguments: Namespace(log_base=None, log_level=None, verb_name='build', build_base='build', install_base='install', merge_install=False, symlink_install=False, test_result_base=None, continue_on_error=False, executor='parallel', parallel_workers=4, event_handlers=None, ignore_user_meta=False, metas=['./colcon.meta'], base_paths=['.'], packages_ignore=None, packages_ignore_regex=None, paths=None, packages_up_to=None, packages_up_to_regex=None, packages_above=None, packages_above_and_dependencies=None, packages_above_depth=None, packages_select_by_dep=None, packages_skip_by_dep=None, packages_skip_up_to=None, packages_select_build_failed=False, packages_skip_build_finished=False, packages_select_test_failures=False, packages_skip_test_passed=False, packages_select=None, packages_skip=None, packages_select_regex=None, packages_skip_regex=None, packages_start=None, packages_end=None, allow_overriding=[], cmake_args=None, cmake_target=None, cmake_target_skip_unavailable=False, cmake_clean_cache=False, cmake_clean_first=False, cmake_force_configure=False, ament_cmake_args=None, catkin_cmake_args=None, catkin_skip_building_tests=False, verb_parser=<colcon_defaults.argument_parser.defaults.DefaultArgumentsDecorator object at 0xffffa6e39840>, verb_extension=<colcon_core.verb.build.BuildVerb object at 0xffffa733cd30>, main=<bound method BuildVerb.main of <colcon_core.verb.build.BuildVerb object at 0xffffa733cd30>>)
[5.453s] Level 1:colcon.colcon_core.package_discovery:discover_packages(colcon_meta) check parameters
[5.453s] Level 1:colcon.colcon_core.package_discovery:discover_packages(recursive) check parameters
[5.454s] Level 1:colcon.colcon_core.package_discovery:discover_packages(ignore) check parameters
[5.454s] Level 1:colcon.colcon_core.package_discovery:discover_packages(path) check parameters
[5.454s] Level 1:colcon.colcon_core.package_discovery:discover_packages(colcon_meta) discover
[5.454s] Level 1:colcon.colcon_core.package_discovery:discover_packages(recursive) discover
[5.454s] INFO:colcon.colcon_core.package_discovery:Crawling recursively for packages in '/home/ubuntu/Quadrupedal490_ws'
[5.455s] Level 1:colcon.colcon_core.package_identification:_identify(.) by extensions ['ignore', 'ignore_ament_install']
[5.455s] Level 1:colcon.colcon_core.package_identification:_identify(.) by extension 'ignore'
[5.455s] Level 1:colcon.colcon_core.package_identification:_identify(.) by extension 'ignore_ament_install'
[5.456s] Level 1:colcon.colcon_core.package_identification:_identify(.) by extensions ['colcon_pkg']
[5.456s] Level 1:colcon.colcon_core.package_identification:_identify(.) by extension 'colcon_pkg'
[5.456s] Level 1:colcon.colcon_core.package_identification:_identify(.) by extensions ['colcon_meta']
[5.456s] Level 1:colcon.colcon_core.package_identification:_identify(.) by extension 'colcon_meta'
[5.456s] Level 1:colcon.colcon_core.package_identification:_identify(.) by extensions ['ros']
[5.457s] Level 1:colcon.colcon_core.package_identification:_identify(.) by extension 'ros'
[5.519s] Level 1:colcon.colcon_core.package_identification:_identify(.) by extensions ['cmake', 'python']
[5.519s] Level 1:colcon.colcon_core.package_identification:_identify(.) by extension 'cmake'
[5.519s] Level 1:colcon.colcon_core.package_identification:_identify(.) by extension 'python'
[5.519s] Level 1:colcon.colcon_core.package_identification:_identify(.) by extensions ['python_setup_py']
[5.520s] Level 1:colcon.colcon_core.package_identification:_identify(.) by extension 'python_setup_py'
[5.520s] Level 1:colcon.colcon_core.package_identification:_identify(build) by extensions ['ignore', 'ignore_ament_install']
[5.521s] Level 1:colcon.colcon_core.package_identification:_identify(build) by extension 'ignore'
[5.521s] Level 1:colcon.colcon_core.package_identification:_identify(build) ignored
[5.522s] Level 1:colcon.colcon_core.package_identification:_identify(install) by extensions ['ignore', 'ignore_ament_install']
[5.522s] Level 1:colcon.colcon_core.package_identification:_identify(install) by extension 'ignore'
[5.522s] Level 1:colcon.colcon_core.package_identification:_identify(install) ignored
[5.523s] Level 1:colcon.colcon_core.package_identification:_identify(log) by extensions ['ignore', 'ignore_ament_install']
[5.523s] Level 1:colcon.colcon_core.package_identification:_identify(log) by extension 'ignore'
[5.523s] Level 1:colcon.colcon_core.package_identification:_identify(log) ignored
[5.524s] Level 1:colcon.colcon_core.package_identification:_identify(src) by extensions ['ignore', 'ignore_ament_install']
[5.524s] Level 1:colcon.colcon_core.package_identification:_identify(src) by extension 'ignore'
[5.524s] Level 1:colcon.colcon_core.package_identification:_identify(src) by extension 'ignore_ament_install'
[5.525s] Level 1:colcon.colcon_core.package_identification:_identify(src) by extensions ['colcon_pkg']
[5.525s] Level 1:colcon.colcon_core.package_identification:_identify(src) by extension 'colcon_pkg'
[5.525s] Level 1:colcon.colcon_core.package_identification:_identify(src) by extensions ['colcon_meta']
[5.525s] Level 1:colcon.colcon_core.package_identification:_identify(src) by extension 'colcon_meta'
[5.526s] Level 1:colcon.colcon_core.package_identification:_identify(src) by extensions ['ros']
[5.526s] Level 1:colcon.colcon_core.package_identification:_identify(src) by extension 'ros'
[5.526s] Level 1:colcon.colcon_core.package_identification:_identify(src) by extensions ['cmake', 'python']
[5.526s] Level 1:colcon.colcon_core.package_identification:_identify(src) by extension 'cmake'
[5.526s] Level 1:colcon.colcon_core.package_identification:_identify(src) by extension 'python'
[5.527s] Level 1:colcon.colcon_core.package_identification:_identify(src) by extensions ['python_setup_py']
[5.527s] Level 1:colcon.colcon_core.package_identification:_identify(src) by extension 'python_setup_py'
[5.527s] Level 1:colcon.colcon_core.package_identification:_identify(src/Lidar) by extensions ['ignore', 'ignore_ament_install']
[5.528s] Level 1:colcon.colcon_core.package_identification:_identify(src/Lidar) by extension 'ignore'
[5.528s] Level 1:colcon.colcon_core.package_identification:_identify(src/Lidar) by extension 'ignore_ament_install'
[5.528s] Level 1:colcon.colcon_core.package_identification:_identify(src/Lidar) by extensions ['colcon_pkg']
[5.529s] Level 1:colcon.colcon_core.package_identification:_identify(src/Lidar) by extension 'colcon_pkg'
[5.529s] Level 1:colcon.colcon_core.package_identification:_identify(src/Lidar) by extensions ['colcon_meta']
[5.529s] Level 1:colcon.colcon_core.package_identification:_identify(src/Lidar) by extension 'colcon_meta'
[5.529s] Level 1:colcon.colcon_core.package_identification:_identify(src/Lidar) by extensions ['ros']
[5.529s] Level 1:colcon.colcon_core.package_identification:_identify(src/Lidar) by extension 'ros'
[5.545s] DEBUG:colcon.colcon_core.package_identification:Package 'src/Lidar' with type 'ros.ament_python' and name 'Lidar'
[5.545s] Level 1:colcon.colcon_core.package_discovery:discover_packages(recursive) using defaults
[5.546s] Level 1:colcon.colcon_core.package_discovery:discover_packages(ignore) discover
[5.546s] Level 1:colcon.colcon_core.package_discovery:discover_packages(ignore) using defaults
[5.546s] Level 1:colcon.colcon_core.package_discovery:discover_packages(path) discover
[5.546s] Level 1:colcon.colcon_core.package_discovery:discover_packages(path) using defaults
[6.090s] Level 1:colcon.colcon_core.package_discovery:discover_packages(prefix_path) check parameters
[6.091s] Level 1:colcon.colcon_core.package_discovery:discover_packages(prefix_path) discover
[6.242s] DEBUG:colcon.colcon_installed_package_information.package_discovery:Found 1 installed packages in /home/ubuntu/Quadrupedal490_ws/install
[6.331s] DEBUG:colcon.colcon_installed_package_information.package_discovery:Found 281 installed packages in /opt/ros/iron
[6.338s] Level 1:colcon.colcon_core.package_discovery:discover_packages(prefix_path) using defaults
[6.758s] Level 5:colcon.colcon_core.verb:set package 'Lidar' build argument 'cmake_args' from command line to 'None'
[6.759s] Level 5:colcon.colcon_core.verb:set package 'Lidar' build argument 'cmake_target' from command line to 'None'
[6.759s] Level 5:colcon.colcon_core.verb:set package 'Lidar' build argument 'cmake_target_skip_unavailable' from command line to 'False'
[6.759s] Level 5:colcon.colcon_core.verb:set package 'Lidar' build argument 'cmake_clean_cache' from command line to 'False'
[6.759s] Level 5:colcon.colcon_core.verb:set package 'Lidar' build argument 'cmake_clean_first' from command line to 'False'
[6.759s] Level 5:colcon.colcon_core.verb:set package 'Lidar' build argument 'cmake_force_configure' from command line to 'False'
[6.759s] Level 5:colcon.colcon_core.verb:set package 'Lidar' build argument 'ament_cmake_args' from command line to 'None'
[6.760s] Level 5:colcon.colcon_core.verb:set package 'Lidar' build argument 'catkin_cmake_args' from command line to 'None'
[6.760s] Level 5:colcon.colcon_core.verb:set package 'Lidar' build argument 'catkin_skip_building_tests' from command line to 'False'
[6.760s] DEBUG:colcon.colcon_core.verb:Building package 'Lidar' with the following arguments: {'ament_cmake_args': None, 'build_base': '/home/ubuntu/Quadrupedal490_ws/build/Lidar', 'catkin_cmake_args': None, 'catkin_skip_building_tests': False, 'cmake_args': None, 'cmake_clean_cache': False, 'cmake_clean_first': False, 'cmake_force_configure': False, 'cmake_target': None, 'cmake_target_skip_unavailable': False, 'install_base': '/home/ubuntu/Quadrupedal490_ws/install/Lidar', 'merge_install': False, 'path': '/home/ubuntu/Quadrupedal490_ws/src/Lidar', 'symlink_install': False, 'test_result_base': None}
[6.832s] INFO:colcon.colcon_core.executor:Executing jobs using 'parallel' executor
[6.918s] DEBUG:colcon.colcon_parallel_executor.executor.parallel:run_until_complete
[6.919s] INFO:colcon.colcon_ros.task.ament_python.build:Building ROS package in '/home/ubuntu/Quadrupedal490_ws/src/Lidar' with build type 'ament_python'
[6.920s] Level 1:colcon.colcon_core.shell:create_environment_hook('Lidar', 'ament_prefix_path')
[7.051s] INFO:colcon.colcon_core.plugin_system:Skipping extension 'colcon_core.shell.bat': Not used on non-Windows systems
[7.052s] INFO:colcon.colcon_core.shell:Creating environment hook '/home/ubuntu/Quadrupedal490_ws/install/Lidar/share/Lidar/hook/ament_prefix_path.ps1'
[7.056s] INFO:colcon.colcon_core.shell:Creating environment descriptor '/home/ubuntu/Quadrupedal490_ws/install/Lidar/share/Lidar/hook/ament_prefix_path.dsv'
[7.063s] INFO:colcon.colcon_core.shell:Creating environment hook '/home/ubuntu/Quadrupedal490_ws/install/Lidar/share/Lidar/hook/ament_prefix_path.sh'
[7.204s] INFO:colcon.colcon_core.shell:Skip shell extension 'powershell' for command environment: Not usable outside of PowerShell
[7.205s] DEBUG:colcon.colcon_core.shell:Skip shell extension 'dsv' for command environment
[9.472s] INFO:colcon.colcon_core.task.python.build:Building Python package in '/home/ubuntu/Quadrupedal490_ws/src/Lidar'
[9.580s] INFO:colcon.colcon_core.shell:Skip shell extension 'powershell' for command environment: Not usable outside of PowerShell
[9.580s] DEBUG:colcon.colcon_core.shell:Skip shell extension 'dsv' for command environment
[12.747s] DEBUG:colcon.colcon_core.event_handler.log_command:Invoking command in '/home/ubuntu/Quadrupedal490_ws/src/Lidar': PYTHONPATH=/home/ubuntu/Quadrupedal490_ws/build/Lidar/prefix_override:/home/ubuntu/Quadrupedal490_ws/install/Lidar/lib/python3.10/site-packages:${PYTHONPATH} /usr/bin/python3 setup.py egg_info --egg-base ../../build/Lidar build --build-base /home/ubuntu/Quadrupedal490_ws/build/Lidar/build install --record /home/ubuntu/Quadrupedal490_ws/build/Lidar/install.log --single-version-externally-managed
[15.024s] DEBUG:colcon.colcon_core.event_handler.log_command:Invoked command in '/home/ubuntu/Quadrupedal490_ws/src/Lidar' returned '0': PYTHONPATH=/home/ubuntu/Quadrupedal490_ws/build/Lidar/prefix_override:/home/ubuntu/Quadrupedal490_ws/install/Lidar/lib/python3.10/site-packages:${PYTHONPATH} /usr/bin/python3 setup.py egg_info --egg-base ../../build/Lidar build --build-base /home/ubuntu/Quadrupedal490_ws/build/Lidar/build install --record /home/ubuntu/Quadrupedal490_ws/build/Lidar/install.log --single-version-externally-managed
[15.148s] Level 1:colcon.colcon_core.environment:checking '/home/ubuntu/Quadrupedal490_ws/install/Lidar' for CMake module files
[15.151s] Level 1:colcon.colcon_core.environment:checking '/home/ubuntu/Quadrupedal490_ws/install/Lidar' for CMake config files
[15.159s] Level 1:colcon.colcon_core.environment:checking '/home/ubuntu/Quadrupedal490_ws/install/Lidar/lib'
[15.162s] Level 1:colcon.colcon_core.environment:checking '/home/ubuntu/Quadrupedal490_ws/install/Lidar/bin'
[15.164s] Level 1:colcon.colcon_core.environment:checking '/home/ubuntu/Quadrupedal490_ws/install/Lidar/lib/pkgconfig/Lidar.pc'
[15.168s] Level 1:colcon.colcon_core.environment:checking '/home/ubuntu/Quadrupedal490_ws/install/Lidar/lib/python3.10/site-packages'
[15.169s] Level 1:colcon.colcon_core.shell:create_environment_hook('Lidar', 'pythonpath')
[15.269s] INFO:colcon.colcon_core.shell:Creating environment hook '/home/ubuntu/Quadrupedal490_ws/install/Lidar/share/Lidar/hook/pythonpath.ps1'
[15.271s] INFO:colcon.colcon_core.shell:Creating environment descriptor '/home/ubuntu/Quadrupedal490_ws/install/Lidar/share/Lidar/hook/pythonpath.dsv'
[15.274s] INFO:colcon.colcon_core.shell:Creating environment hook '/home/ubuntu/Quadrupedal490_ws/install/Lidar/share/Lidar/hook/pythonpath.sh'
[15.277s] Level 1:colcon.colcon_core.environment:checking '/home/ubuntu/Quadrupedal490_ws/install/Lidar/bin'
[15.278s] Level 1:colcon.colcon_core.environment:create_environment_scripts_only(Lidar)
[15.383s] INFO:colcon.colcon_core.shell:Creating package script '/home/ubuntu/Quadrupedal490_ws/install/Lidar/share/Lidar/package.ps1'
[15.390s] INFO:colcon.colcon_core.shell:Creating package descriptor '/home/ubuntu/Quadrupedal490_ws/install/Lidar/share/Lidar/package.dsv'
[15.394s] INFO:colcon.colcon_core.shell:Creating package script '/home/ubuntu/Quadrupedal490_ws/install/Lidar/share/Lidar/package.sh'
[15.404s] INFO:colcon.colcon_core.shell:Creating package script '/home/ubuntu/Quadrupedal490_ws/install/Lidar/share/Lidar/package.bash'
[15.412s] INFO:colcon.colcon_core.shell:Creating package script '/home/ubuntu/Quadrupedal490_ws/install/Lidar/share/Lidar/package.zsh'
[15.423s] Level 1:colcon.colcon_core.environment:create_file_with_runtime_dependencies(/home/ubuntu/Quadrupedal490_ws/install/Lidar/share/colcon-core/packages/Lidar)
[15.425s] DEBUG:colcon.colcon_parallel_executor.executor.parallel:closing loop
[15.426s] DEBUG:colcon.colcon_parallel_executor.executor.parallel:loop closed
[15.427s] DEBUG:colcon.colcon_parallel_executor.executor.parallel:run_until_complete finished with '0'
[15.427s] DEBUG:colcon.colcon_core.event_reactor:joining thread
[15.627s] INFO:colcon.colcon_core.plugin_system:Skipping extension 'colcon_notification.desktop_notification.terminal_notifier': Not used on non-Darwin systems
[15.628s] INFO:colcon.colcon_core.plugin_system:Skipping extension 'colcon_notification.desktop_notification.win32': Not used on non-Windows systems
[15.628s] INFO:colcon.colcon_notification.desktop_notification:Sending desktop notification using 'notify2'
[15.700s] DEBUG:colcon.colcon_core.event_reactor:joined thread
[15.831s] INFO:colcon.colcon_core.shell:Creating prefix script '/home/ubuntu/Quadrupedal490_ws/install/local_setup.ps1'
[15.839s] INFO:colcon.colcon_core.shell:Creating prefix util module '/home/ubuntu/Quadrupedal490_ws/install/_local_setup_util_ps1.py'
[15.845s] INFO:colcon.colcon_core.shell:Creating prefix chain script '/home/ubuntu/Quadrupedal490_ws/install/setup.ps1'
[15.928s] INFO:colcon.colcon_core.shell:Creating prefix script '/home/ubuntu/Quadrupedal490_ws/install/local_setup.sh'
[15.931s] INFO:colcon.colcon_core.shell:Creating prefix util module '/home/ubuntu/Quadrupedal490_ws/install/_local_setup_util_sh.py'
[15.934s] INFO:colcon.colcon_core.shell:Creating prefix chain script '/home/ubuntu/Quadrupedal490_ws/install/setup.sh'
[16.076s] INFO:colcon.colcon_core.shell:Creating prefix script '/home/ubuntu/Quadrupedal490_ws/install/local_setup.bash'
[16.090s] INFO:colcon.colcon_core.shell:Creating prefix chain script '/home/ubuntu/Quadrupedal490_ws/install/setup.bash'
[16.175s] INFO:colcon.colcon_core.shell:Creating prefix script '/home/ubuntu/Quadrupedal490_ws/install/local_setup.zsh'
[16.178s] INFO:colcon.colcon_core.shell:Creating prefix chain script '/home/ubuntu/Quadrupedal490_ws/install/setup.zsh'
