[6.289s] DEBUG:colcon:Command line arguments: ['/usr/bin/colcon', 'build']
[6.290s] DEBUG:colcon:Parsed command line arguments: Namespace(log_base=None, log_level=None, verb_name='build', build_base='build', install_base='install', merge_install=False, symlink_install=False, test_result_base=None, continue_on_error=False, executor='parallel', parallel_workers=4, event_handlers=None, ignore_user_meta=False, metas=['./colcon.meta'], base_paths=['.'], packages_ignore=None, packages_ignore_regex=None, paths=None, packages_up_to=None, packages_up_to_regex=None, packages_above=None, packages_above_and_dependencies=None, packages_above_depth=None, packages_select_by_dep=None, packages_skip_by_dep=None, packages_skip_up_to=None, packages_select_build_failed=False, packages_skip_build_finished=False, packages_select_test_failures=False, packages_skip_test_passed=False, packages_select=None, packages_skip=None, packages_select_regex=None, packages_skip_regex=None, packages_start=None, packages_end=None, allow_overriding=[], cmake_args=None, cmake_target=None, cmake_target_skip_unavailable=False, cmake_clean_cache=False, cmake_clean_first=False, cmake_force_configure=False, ament_cmake_args=None, catkin_cmake_args=None, catkin_skip_building_tests=False, verb_parser=<colcon_defaults.argument_parser.defaults.DefaultArgumentsDecorator object at 0xffff92634640>, verb_extension=<colcon_core.verb.build.BuildVerb object at 0xffff92b1f040>, main=<bound method BuildVerb.main of <colcon_core.verb.build.BuildVerb object at 0xffff92b1f040>>)
[6.637s] Level 1:colcon.colcon_core.package_discovery:discover_packages(colcon_meta) check parameters
[6.638s] Level 1:colcon.colcon_core.package_discovery:discover_packages(recursive) check parameters
[6.638s] Level 1:colcon.colcon_core.package_discovery:discover_packages(ignore) check parameters
[6.638s] Level 1:colcon.colcon_core.package_discovery:discover_packages(path) check parameters
[6.638s] Level 1:colcon.colcon_core.package_discovery:discover_packages(colcon_meta) discover
[6.639s] Level 1:colcon.colcon_core.package_discovery:discover_packages(recursive) discover
[6.639s] INFO:colcon.colcon_core.package_discovery:Crawling recursively for packages in '/home/ubuntu/Quadrupedal490_ws'
[6.639s] Level 1:colcon.colcon_core.package_identification:_identify(.) by extensions ['ignore', 'ignore_ament_install']
[6.640s] Level 1:colcon.colcon_core.package_identification:_identify(.) by extension 'ignore'
[6.640s] Level 1:colcon.colcon_core.package_identification:_identify(.) by extension 'ignore_ament_install'
[6.640s] Level 1:colcon.colcon_core.package_identification:_identify(.) by extensions ['colcon_pkg']
[6.640s] Level 1:colcon.colcon_core.package_identification:_identify(.) by extension 'colcon_pkg'
[6.641s] Level 1:colcon.colcon_core.package_identification:_identify(.) by extensions ['colcon_meta']
[6.641s] Level 1:colcon.colcon_core.package_identification:_identify(.) by extension 'colcon_meta'
[6.641s] Level 1:colcon.colcon_core.package_identification:_identify(.) by extensions ['ros']
[6.641s] Level 1:colcon.colcon_core.package_identification:_identify(.) by extension 'ros'
[6.722s] Level 1:colcon.colcon_core.package_identification:_identify(.) by extensions ['cmake', 'python']
[6.723s] Level 1:colcon.colcon_core.package_identification:_identify(.) by extension 'cmake'
[6.723s] Level 1:colcon.colcon_core.package_identification:_identify(.) by extension 'python'
[6.723s] Level 1:colcon.colcon_core.package_identification:_identify(.) by extensions ['python_setup_py']
[6.724s] Level 1:colcon.colcon_core.package_identification:_identify(.) by extension 'python_setup_py'
[6.727s] Level 1:colcon.colcon_core.package_identification:_identify(build) by extensions ['ignore', 'ignore_ament_install']
[6.728s] Level 1:colcon.colcon_core.package_identification:_identify(build) by extension 'ignore'
[6.728s] Level 1:colcon.colcon_core.package_identification:_identify(build) ignored
[6.729s] Level 1:colcon.colcon_core.package_identification:_identify(install) by extensions ['ignore', 'ignore_ament_install']
[6.730s] Level 1:colcon.colcon_core.package_identification:_identify(install) by extension 'ignore'
[6.730s] Level 1:colcon.colcon_core.package_identification:_identify(install) ignored
[6.731s] Level 1:colcon.colcon_core.package_identification:_identify(log) by extensions ['ignore', 'ignore_ament_install']
[6.731s] Level 1:colcon.colcon_core.package_identification:_identify(log) by extension 'ignore'
[6.731s] Level 1:colcon.colcon_core.package_identification:_identify(log) ignored
[6.732s] Level 1:colcon.colcon_core.package_identification:_identify(src) by extensions ['ignore', 'ignore_ament_install']
[6.732s] Level 1:colcon.colcon_core.package_identification:_identify(src) by extension 'ignore'
[6.733s] Level 1:colcon.colcon_core.package_identification:_identify(src) by extension 'ignore_ament_install'
[6.733s] Level 1:colcon.colcon_core.package_identification:_identify(src) by extensions ['colcon_pkg']
[6.733s] Level 1:colcon.colcon_core.package_identification:_identify(src) by extension 'colcon_pkg'
[6.733s] Level 1:colcon.colcon_core.package_identification:_identify(src) by extensions ['colcon_meta']
[6.733s] Level 1:colcon.colcon_core.package_identification:_identify(src) by extension 'colcon_meta'
[6.734s] Level 1:colcon.colcon_core.package_identification:_identify(src) by extensions ['ros']
[6.734s] Level 1:colcon.colcon_core.package_identification:_identify(src) by extension 'ros'
[6.734s] Level 1:colcon.colcon_core.package_identification:_identify(src) by extensions ['cmake', 'python']
[6.734s] Level 1:colcon.colcon_core.package_identification:_identify(src) by extension 'cmake'
[6.735s] Level 1:colcon.colcon_core.package_identification:_identify(src) by extension 'python'
[6.735s] Level 1:colcon.colcon_core.package_identification:_identify(src) by extensions ['python_setup_py']
[6.735s] Level 1:colcon.colcon_core.package_identification:_identify(src) by extension 'python_setup_py'
[6.736s] Level 1:colcon.colcon_core.package_identification:_identify(src/Lidar) by extensions ['ignore', 'ignore_ament_install']
[6.736s] Level 1:colcon.colcon_core.package_identification:_identify(src/Lidar) by extension 'ignore'
[6.736s] Level 1:colcon.colcon_core.package_identification:_identify(src/Lidar) by extension 'ignore_ament_install'
[6.737s] Level 1:colcon.colcon_core.package_identification:_identify(src/Lidar) by extensions ['colcon_pkg']
[6.737s] Level 1:colcon.colcon_core.package_identification:_identify(src/Lidar) by extension 'colcon_pkg'
[6.738s] Level 1:colcon.colcon_core.package_identification:_identify(src/Lidar) by extensions ['colcon_meta']
[6.738s] Level 1:colcon.colcon_core.package_identification:_identify(src/Lidar) by extension 'colcon_meta'
[6.738s] Level 1:colcon.colcon_core.package_identification:_identify(src/Lidar) by extensions ['ros']
[6.738s] Level 1:colcon.colcon_core.package_identification:_identify(src/Lidar) by extension 'ros'
[6.758s] DEBUG:colcon.colcon_core.package_identification:Package 'src/Lidar' with type 'ros.ament_python' and name 'Lidar'
[6.759s] Level 1:colcon.colcon_core.package_identification:_identify(src/lidar_plotter) by extensions ['ignore', 'ignore_ament_install']
[6.759s] Level 1:colcon.colcon_core.package_identification:_identify(src/lidar_plotter) by extension 'ignore'
[6.760s] Level 1:colcon.colcon_core.package_identification:_identify(src/lidar_plotter) by extension 'ignore_ament_install'
[6.760s] Level 1:colcon.colcon_core.package_identification:_identify(src/lidar_plotter) by extensions ['colcon_pkg']
[6.760s] Level 1:colcon.colcon_core.package_identification:_identify(src/lidar_plotter) by extension 'colcon_pkg'
[6.760s] Level 1:colcon.colcon_core.package_identification:_identify(src/lidar_plotter) by extensions ['colcon_meta']
[6.761s] Level 1:colcon.colcon_core.package_identification:_identify(src/lidar_plotter) by extension 'colcon_meta'
[6.761s] Level 1:colcon.colcon_core.package_identification:_identify(src/lidar_plotter) by extensions ['ros']
[6.761s] Level 1:colcon.colcon_core.package_identification:_identify(src/lidar_plotter) by extension 'ros'
[6.767s] DEBUG:colcon.colcon_core.package_identification:Package 'src/lidar_plotter' with type 'ros.ament_python' and name 'lidar_plotter'
[6.767s] Level 1:colcon.colcon_core.package_discovery:discover_packages(recursive) using defaults
[6.768s] Level 1:colcon.colcon_core.package_discovery:discover_packages(ignore) discover
[6.768s] Level 1:colcon.colcon_core.package_discovery:discover_packages(ignore) using defaults
[6.768s] Level 1:colcon.colcon_core.package_discovery:discover_packages(path) discover
[6.769s] Level 1:colcon.colcon_core.package_discovery:discover_packages(path) using defaults
[7.445s] Level 1:colcon.colcon_core.package_discovery:discover_packages(prefix_path) check parameters
[7.445s] Level 1:colcon.colcon_core.package_discovery:discover_packages(prefix_path) discover
[7.613s] DEBUG:colcon.colcon_installed_package_information.package_discovery:Found 2 installed packages in /home/ubuntu/Quadrupedal490_ws/install
[7.700s] DEBUG:colcon.colcon_installed_package_information.package_discovery:Found 281 installed packages in /opt/ros/iron
[7.708s] Level 1:colcon.colcon_core.package_discovery:discover_packages(prefix_path) using defaults
[8.351s] Level 5:colcon.colcon_core.verb:set package 'Lidar' build argument 'cmake_args' from command line to 'None'
[8.351s] Level 5:colcon.colcon_core.verb:set package 'Lidar' build argument 'cmake_target' from command line to 'None'
[8.351s] Level 5:colcon.colcon_core.verb:set package 'Lidar' build argument 'cmake_target_skip_unavailable' from command line to 'False'
[8.351s] Level 5:colcon.colcon_core.verb:set package 'Lidar' build argument 'cmake_clean_cache' from command line to 'False'
[8.351s] Level 5:colcon.colcon_core.verb:set package 'Lidar' build argument 'cmake_clean_first' from command line to 'False'
[8.351s] Level 5:colcon.colcon_core.verb:set package 'Lidar' build argument 'cmake_force_configure' from command line to 'False'
[8.352s] Level 5:colcon.colcon_core.verb:set package 'Lidar' build argument 'ament_cmake_args' from command line to 'None'
[8.352s] Level 5:colcon.colcon_core.verb:set package 'Lidar' build argument 'catkin_cmake_args' from command line to 'None'
[8.352s] Level 5:colcon.colcon_core.verb:set package 'Lidar' build argument 'catkin_skip_building_tests' from command line to 'False'
[8.352s] DEBUG:colcon.colcon_core.verb:Building package 'Lidar' with the following arguments: {'ament_cmake_args': None, 'build_base': '/home/ubuntu/Quadrupedal490_ws/build/Lidar', 'catkin_cmake_args': None, 'catkin_skip_building_tests': False, 'cmake_args': None, 'cmake_clean_cache': False, 'cmake_clean_first': False, 'cmake_force_configure': False, 'cmake_target': None, 'cmake_target_skip_unavailable': False, 'install_base': '/home/ubuntu/Quadrupedal490_ws/install/Lidar', 'merge_install': False, 'path': '/home/ubuntu/Quadrupedal490_ws/src/Lidar', 'symlink_install': False, 'test_result_base': None}
[8.425s] Level 5:colcon.colcon_core.verb:set package 'lidar_plotter' build argument 'cmake_args' from command line to 'None'
[8.425s] Level 5:colcon.colcon_core.verb:set package 'lidar_plotter' build argument 'cmake_target' from command line to 'None'
[8.425s] Level 5:colcon.colcon_core.verb:set package 'lidar_plotter' build argument 'cmake_target_skip_unavailable' from command line to 'False'
[8.425s] Level 5:colcon.colcon_core.verb:set package 'lidar_plotter' build argument 'cmake_clean_cache' from command line to 'False'
[8.425s] Level 5:colcon.colcon_core.verb:set package 'lidar_plotter' build argument 'cmake_clean_first' from command line to 'False'
[8.425s] Level 5:colcon.colcon_core.verb:set package 'lidar_plotter' build argument 'cmake_force_configure' from command line to 'False'
[8.426s] Level 5:colcon.colcon_core.verb:set package 'lidar_plotter' build argument 'ament_cmake_args' from command line to 'None'
[8.426s] Level 5:colcon.colcon_core.verb:set package 'lidar_plotter' build argument 'catkin_cmake_args' from command line to 'None'
[8.426s] Level 5:colcon.colcon_core.verb:set package 'lidar_plotter' build argument 'catkin_skip_building_tests' from command line to 'False'
[8.426s] DEBUG:colcon.colcon_core.verb:Building package 'lidar_plotter' with the following arguments: {'ament_cmake_args': None, 'build_base': '/home/ubuntu/Quadrupedal490_ws/build/lidar_plotter', 'catkin_cmake_args': None, 'catkin_skip_building_tests': False, 'cmake_args': None, 'cmake_clean_cache': False, 'cmake_clean_first': False, 'cmake_force_configure': False, 'cmake_target': None, 'cmake_target_skip_unavailable': False, 'install_base': '/home/ubuntu/Quadrupedal490_ws/install/lidar_plotter', 'merge_install': False, 'path': '/home/ubuntu/Quadrupedal490_ws/src/lidar_plotter', 'symlink_install': False, 'test_result_base': None}
[8.500s] INFO:colcon.colcon_core.executor:Executing jobs using 'parallel' executor
[8.578s] DEBUG:colcon.colcon_parallel_executor.executor.parallel:run_until_complete
[8.579s] INFO:colcon.colcon_ros.task.ament_python.build:Building ROS package in '/home/ubuntu/Quadrupedal490_ws/src/Lidar' with build type 'ament_python'
[8.580s] Level 1:colcon.colcon_core.shell:create_environment_hook('Lidar', 'ament_prefix_path')
[8.681s] INFO:colcon.colcon_core.plugin_system:Skipping extension 'colcon_core.shell.bat': Not used on non-Windows systems
[8.683s] INFO:colcon.colcon_core.shell:Creating environment hook '/home/ubuntu/Quadrupedal490_ws/install/Lidar/share/Lidar/hook/ament_prefix_path.ps1'
[8.686s] INFO:colcon.colcon_core.shell:Creating environment descriptor '/home/ubuntu/Quadrupedal490_ws/install/Lidar/share/Lidar/hook/ament_prefix_path.dsv'
[8.690s] INFO:colcon.colcon_core.shell:Creating environment hook '/home/ubuntu/Quadrupedal490_ws/install/Lidar/share/Lidar/hook/ament_prefix_path.sh'
[8.773s] INFO:colcon.colcon_core.shell:Skip shell extension 'powershell' for command environment: Not usable outside of PowerShell
[8.774s] DEBUG:colcon.colcon_core.shell:Skip shell extension 'dsv' for command environment
[9.051s] INFO:colcon.colcon_ros.task.ament_python.build:Building ROS package in '/home/ubuntu/Quadrupedal490_ws/src/lidar_plotter' with build type 'ament_python'
[9.052s] Level 1:colcon.colcon_core.shell:create_environment_hook('lidar_plotter', 'ament_prefix_path')
[9.136s] INFO:colcon.colcon_core.shell:Creating environment hook '/home/ubuntu/Quadrupedal490_ws/install/lidar_plotter/share/lidar_plotter/hook/ament_prefix_path.ps1'
[9.138s] INFO:colcon.colcon_core.shell:Creating environment descriptor '/home/ubuntu/Quadrupedal490_ws/install/lidar_plotter/share/lidar_plotter/hook/ament_prefix_path.dsv'
[9.140s] INFO:colcon.colcon_core.shell:Creating environment hook '/home/ubuntu/Quadrupedal490_ws/install/lidar_plotter/share/lidar_plotter/hook/ament_prefix_path.sh'
[9.218s] INFO:colcon.colcon_core.shell:Skip shell extension 'powershell' for command environment: Not usable outside of PowerShell
[9.219s] DEBUG:colcon.colcon_core.shell:Skip shell extension 'dsv' for command environment
[10.883s] INFO:colcon.colcon_core.task.python.build:Building Python package in '/home/ubuntu/Quadrupedal490_ws/src/Lidar'
[10.964s] INFO:colcon.colcon_core.shell:Skip shell extension 'powershell' for command environment: Not usable outside of PowerShell
[10.964s] DEBUG:colcon.colcon_core.shell:Skip shell extension 'dsv' for command environment
[12.597s] INFO:colcon.colcon_core.task.python.build:Building Python package in '/home/ubuntu/Quadrupedal490_ws/src/lidar_plotter'
[12.677s] INFO:colcon.colcon_core.shell:Skip shell extension 'powershell' for command environment: Not usable outside of PowerShell
[12.677s] DEBUG:colcon.colcon_core.shell:Skip shell extension 'dsv' for command environment
[15.673s] DEBUG:colcon.colcon_core.event_handler.log_command:Invoking command in '/home/ubuntu/Quadrupedal490_ws/src/Lidar': PYTHONPATH=/home/ubuntu/Quadrupedal490_ws/build/Lidar/prefix_override:/home/ubuntu/Quadrupedal490_ws/install/Lidar/lib/python3.10/site-packages:${PYTHONPATH} /usr/bin/python3 setup.py egg_info --egg-base ../../build/Lidar build --build-base /home/ubuntu/Quadrupedal490_ws/build/Lidar/build install --record /home/ubuntu/Quadrupedal490_ws/build/Lidar/install.log --single-version-externally-managed
[15.708s] DEBUG:colcon.colcon_core.event_handler.log_command:Invoking command in '/home/ubuntu/Quadrupedal490_ws/src/lidar_plotter': PYTHONPATH=/home/ubuntu/Quadrupedal490_ws/build/lidar_plotter/prefix_override:/home/ubuntu/Quadrupedal490_ws/install/lidar_plotter/lib/python3.10/site-packages:${PYTHONPATH} /usr/bin/python3 setup.py egg_info --egg-base ../../build/lidar_plotter build --build-base /home/ubuntu/Quadrupedal490_ws/build/lidar_plotter/build install --record /home/ubuntu/Quadrupedal490_ws/build/lidar_plotter/install.log --single-version-externally-managed
[17.936s] DEBUG:colcon.colcon_core.event_handler.log_command:Invoked command in '/home/ubuntu/Quadrupedal490_ws/src/lidar_plotter' returned '0': PYTHONPATH=/home/ubuntu/Quadrupedal490_ws/build/lidar_plotter/prefix_override:/home/ubuntu/Quadrupedal490_ws/install/lidar_plotter/lib/python3.10/site-packages:${PYTHONPATH} /usr/bin/python3 setup.py egg_info --egg-base ../../build/lidar_plotter build --build-base /home/ubuntu/Quadrupedal490_ws/build/lidar_plotter/build install --record /home/ubuntu/Quadrupedal490_ws/build/lidar_plotter/install.log --single-version-externally-managed
[18.158s] Level 1:colcon.colcon_core.environment:checking '/home/ubuntu/Quadrupedal490_ws/install/lidar_plotter' for CMake module files
[18.163s] Level 1:colcon.colcon_core.environment:checking '/home/ubuntu/Quadrupedal490_ws/install/lidar_plotter' for CMake config files
[18.172s] Level 1:colcon.colcon_core.environment:checking '/home/ubuntu/Quadrupedal490_ws/install/lidar_plotter/lib'
[18.173s] Level 1:colcon.colcon_core.environment:checking '/home/ubuntu/Quadrupedal490_ws/install/lidar_plotter/bin'
[18.173s] Level 1:colcon.colcon_core.environment:checking '/home/ubuntu/Quadrupedal490_ws/install/lidar_plotter/lib/pkgconfig/lidar_plotter.pc'
[18.174s] Level 1:colcon.colcon_core.environment:checking '/home/ubuntu/Quadrupedal490_ws/install/lidar_plotter/lib/python3.10/site-packages'
[18.175s] Level 1:colcon.colcon_core.shell:create_environment_hook('lidar_plotter', 'pythonpath')
[18.255s] INFO:colcon.colcon_core.shell:Creating environment hook '/home/ubuntu/Quadrupedal490_ws/install/lidar_plotter/share/lidar_plotter/hook/pythonpath.ps1'
[18.258s] INFO:colcon.colcon_core.shell:Creating environment descriptor '/home/ubuntu/Quadrupedal490_ws/install/lidar_plotter/share/lidar_plotter/hook/pythonpath.dsv'
[18.260s] INFO:colcon.colcon_core.shell:Creating environment hook '/home/ubuntu/Quadrupedal490_ws/install/lidar_plotter/share/lidar_plotter/hook/pythonpath.sh'
[18.263s] Level 1:colcon.colcon_core.environment:checking '/home/ubuntu/Quadrupedal490_ws/install/lidar_plotter/bin'
[18.264s] Level 1:colcon.colcon_core.environment:create_environment_scripts_only(lidar_plotter)
[18.360s] INFO:colcon.colcon_core.shell:Creating package script '/home/ubuntu/Quadrupedal490_ws/install/lidar_plotter/share/lidar_plotter/package.ps1'
[18.367s] INFO:colcon.colcon_core.shell:Creating package descriptor '/home/ubuntu/Quadrupedal490_ws/install/lidar_plotter/share/lidar_plotter/package.dsv'
[18.371s] INFO:colcon.colcon_core.shell:Creating package script '/home/ubuntu/Quadrupedal490_ws/install/lidar_plotter/share/lidar_plotter/package.sh'
[18.376s] INFO:colcon.colcon_core.shell:Creating package script '/home/ubuntu/Quadrupedal490_ws/install/lidar_plotter/share/lidar_plotter/package.bash'
[18.381s] INFO:colcon.colcon_core.shell:Creating package script '/home/ubuntu/Quadrupedal490_ws/install/lidar_plotter/share/lidar_plotter/package.zsh'
[18.385s] Level 1:colcon.colcon_core.environment:create_file_with_runtime_dependencies(/home/ubuntu/Quadrupedal490_ws/install/lidar_plotter/share/colcon-core/packages/lidar_plotter)
[18.393s] DEBUG:colcon.colcon_core.event_handler.log_command:Invoked command in '/home/ubuntu/Quadrupedal490_ws/src/Lidar' returned '0': PYTHONPATH=/home/ubuntu/Quadrupedal490_ws/build/Lidar/prefix_override:/home/ubuntu/Quadrupedal490_ws/install/Lidar/lib/python3.10/site-packages:${PYTHONPATH} /usr/bin/python3 setup.py egg_info --egg-base ../../build/Lidar build --build-base /home/ubuntu/Quadrupedal490_ws/build/Lidar/build install --record /home/ubuntu/Quadrupedal490_ws/build/Lidar/install.log --single-version-externally-managed
[18.473s] Level 1:colcon.colcon_core.environment:checking '/home/ubuntu/Quadrupedal490_ws/install/Lidar' for CMake module files
[18.478s] Level 1:colcon.colcon_core.environment:checking '/home/ubuntu/Quadrupedal490_ws/install/Lidar' for CMake config files
[18.485s] Level 1:colcon.colcon_core.environment:checking '/home/ubuntu/Quadrupedal490_ws/install/Lidar/lib'
[18.486s] Level 1:colcon.colcon_core.environment:checking '/home/ubuntu/Quadrupedal490_ws/install/Lidar/bin'
[18.486s] Level 1:colcon.colcon_core.environment:checking '/home/ubuntu/Quadrupedal490_ws/install/Lidar/lib/pkgconfig/Lidar.pc'
[18.487s] Level 1:colcon.colcon_core.environment:checking '/home/ubuntu/Quadrupedal490_ws/install/Lidar/lib/python3.10/site-packages'
[18.488s] Level 1:colcon.colcon_core.shell:create_environment_hook('Lidar', 'pythonpath')
[18.567s] INFO:colcon.colcon_core.shell:Creating environment hook '/home/ubuntu/Quadrupedal490_ws/install/Lidar/share/Lidar/hook/pythonpath.ps1'
[18.569s] INFO:colcon.colcon_core.shell:Creating environment descriptor '/home/ubuntu/Quadrupedal490_ws/install/Lidar/share/Lidar/hook/pythonpath.dsv'
[18.571s] INFO:colcon.colcon_core.shell:Creating environment hook '/home/ubuntu/Quadrupedal490_ws/install/Lidar/share/Lidar/hook/pythonpath.sh'
[18.574s] Level 1:colcon.colcon_core.environment:checking '/home/ubuntu/Quadrupedal490_ws/install/Lidar/bin'
[18.574s] Level 1:colcon.colcon_core.environment:create_environment_scripts_only(Lidar)
[18.656s] INFO:colcon.colcon_core.shell:Creating package script '/home/ubuntu/Quadrupedal490_ws/install/Lidar/share/Lidar/package.ps1'
[18.659s] INFO:colcon.colcon_core.shell:Creating package descriptor '/home/ubuntu/Quadrupedal490_ws/install/Lidar/share/Lidar/package.dsv'
[18.661s] INFO:colcon.colcon_core.shell:Creating package script '/home/ubuntu/Quadrupedal490_ws/install/Lidar/share/Lidar/package.sh'
[18.663s] INFO:colcon.colcon_core.shell:Creating package script '/home/ubuntu/Quadrupedal490_ws/install/Lidar/share/Lidar/package.bash'
[18.665s] INFO:colcon.colcon_core.shell:Creating package script '/home/ubuntu/Quadrupedal490_ws/install/Lidar/share/Lidar/package.zsh'
[18.667s] Level 1:colcon.colcon_core.environment:create_file_with_runtime_dependencies(/home/ubuntu/Quadrupedal490_ws/install/Lidar/share/colcon-core/packages/Lidar)
[18.669s] DEBUG:colcon.colcon_parallel_executor.executor.parallel:closing loop
[18.670s] DEBUG:colcon.colcon_parallel_executor.executor.parallel:loop closed
[18.671s] DEBUG:colcon.colcon_parallel_executor.executor.parallel:run_until_complete finished with '0'
[18.672s] DEBUG:colcon.colcon_core.event_reactor:joining thread
[18.818s] INFO:colcon.colcon_core.plugin_system:Skipping extension 'colcon_notification.desktop_notification.terminal_notifier': Not used on non-Darwin systems
[18.819s] INFO:colcon.colcon_core.plugin_system:Skipping extension 'colcon_notification.desktop_notification.win32': Not used on non-Windows systems
[18.820s] INFO:colcon.colcon_notification.desktop_notification:Sending desktop notification using 'notify2'
[18.822s] DEBUG:colcon.colcon_notification.desktop_notification.notify2:Failed to initialize notify2: org.freedesktop.DBus.Error.NoReply: Did not receive a reply. Possible causes include: the remote application did not send a reply, the message bus security policy blocked the reply, the reply timeout expired, or the network connection was broken.
[18.823s] DEBUG:colcon.colcon_core.event_reactor:joined thread
[18.910s] INFO:colcon.colcon_core.shell:Creating prefix script '/home/ubuntu/Quadrupedal490_ws/install/local_setup.ps1'
[18.917s] INFO:colcon.colcon_core.shell:Creating prefix util module '/home/ubuntu/Quadrupedal490_ws/install/_local_setup_util_ps1.py'
[18.924s] INFO:colcon.colcon_core.shell:Creating prefix chain script '/home/ubuntu/Quadrupedal490_ws/install/setup.ps1'
[19.011s] INFO:colcon.colcon_core.shell:Creating prefix script '/home/ubuntu/Quadrupedal490_ws/install/local_setup.sh'
[19.015s] INFO:colcon.colcon_core.shell:Creating prefix util module '/home/ubuntu/Quadrupedal490_ws/install/_local_setup_util_sh.py'
[19.017s] INFO:colcon.colcon_core.shell:Creating prefix chain script '/home/ubuntu/Quadrupedal490_ws/install/setup.sh'
[19.101s] INFO:colcon.colcon_core.shell:Creating prefix script '/home/ubuntu/Quadrupedal490_ws/install/local_setup.bash'
[19.105s] INFO:colcon.colcon_core.shell:Creating prefix chain script '/home/ubuntu/Quadrupedal490_ws/install/setup.bash'
[19.187s] INFO:colcon.colcon_core.shell:Creating prefix script '/home/ubuntu/Quadrupedal490_ws/install/local_setup.zsh'
[19.190s] INFO:colcon.colcon_core.shell:Creating prefix chain script '/home/ubuntu/Quadrupedal490_ws/install/setup.zsh'
