[6.042s] Invoking command in '/home/ubuntu/Quadrupedal490_ws/src/Lidar': PYTHONPATH=/home/ubuntu/Quadrupedal490_ws/build/Lidar/prefix_override:/home/ubuntu/Quadrupedal490_ws/install/Lidar/lib/python3.10/site-packages:${PYTHONPATH} /usr/bin/python3 setup.py egg_info --egg-base ../../build/Lidar build --build-base /home/ubuntu/Quadrupedal490_ws/build/Lidar/build install --record /home/ubuntu/Quadrupedal490_ws/build/Lidar/install.log --single-version-externally-managed
[7.326s] running egg_info
[7.330s] writing ../../build/Lidar/Lidar.egg-info/PKG-INFO
[7.331s] writing dependency_links to ../../build/Lidar/Lidar.egg-info/dependency_links.txt
[7.332s] writing entry points to ../../build/Lidar/Lidar.egg-info/entry_points.txt
[7.333s] writing requirements to ../../build/Lidar/Lidar.egg-info/requires.txt
[7.334s] writing top-level names to ../../build/Lidar/Lidar.egg-info/top_level.txt
[7.343s] reading manifest file '../../build/Lidar/Lidar.egg-info/SOURCES.txt'
[7.346s] writing manifest file '../../build/Lidar/Lidar.egg-info/SOURCES.txt'
[7.347s] running build
[7.348s] running build_py
[7.349s] running install
[7.350s] /usr/lib/python3/dist-packages/setuptools/command/install.py:34: SetuptoolsDeprecationWarning: setup.py install is deprecated. Use build and pip and other standards-based tools.
[7.351s]   warnings.warn(
[7.352s] running install_lib
[7.359s] running install_data
[7.361s] running install_egg_info
[7.368s] removing '/home/ubuntu/Quadrupedal490_ws/install/Lidar/lib/python3.10/site-packages/Lidar-0.0.0-py3.10.egg-info' (and everything under it)
[7.370s] Copying ../../build/Lidar/Lidar.egg-info to /home/ubuntu/Quadrupedal490_ws/install/Lidar/lib/python3.10/site-packages/Lidar-0.0.0-py3.10.egg-info
[7.376s] running install_scripts
[7.457s] Installing lidar_plot script to /home/ubuntu/Quadrupedal490_ws/install/Lidar/lib/Lidar
[7.458s] Installing lidar_scan script to /home/ubuntu/Quadrupedal490_ws/install/Lidar/lib/Lidar
[7.461s] writing list of installed files to '/home/ubuntu/Quadrupedal490_ws/build/Lidar/install.log'
[7.596s] Invoked command in '/home/ubuntu/Quadrupedal490_ws/src/Lidar' returned '0': PYTHONPATH=/home/ubuntu/Quadrupedal490_ws/build/Lidar/prefix_override:/home/ubuntu/Quadrupedal490_ws/install/Lidar/lib/python3.10/site-packages:${PYTHONPATH} /usr/bin/python3 setup.py egg_info --egg-base ../../build/Lidar build --build-base /home/ubuntu/Quadrupedal490_ws/build/Lidar/build install --record /home/ubuntu/Quadrupedal490_ws/build/Lidar/install.log --single-version-externally-managed
