[11.110s] Invoking command in '/home/ubuntu/Quadrupedal490_ws/src/Lidar': PYTHONPATH=/home/ubuntu/Quadrupedal490_ws/build/Lidar/prefix_override:/home/ubuntu/Quadrupedal490_ws/install/Lidar/lib/python3.10/site-packages:${PYTHONPATH} /usr/bin/python3 setup.py egg_info --egg-base ../../build/Lidar build --build-base /home/ubuntu/Quadrupedal490_ws/build/Lidar/build install --record /home/ubuntu/Quadrupedal490_ws/build/Lidar/install.log --single-version-externally-managed
[13.441s] running egg_info
[13.445s] writing ../../build/Lidar/Lidar.egg-info/PKG-INFO
[13.452s] writing dependency_links to ../../build/Lidar/Lidar.egg-info/dependency_links.txt
[13.453s] writing entry points to ../../build/Lidar/Lidar.egg-info/entry_points.txt
[13.454s] writing requirements to ../../build/Lidar/Lidar.egg-info/requires.txt
[13.454s] writing top-level names to ../../build/Lidar/Lidar.egg-info/top_level.txt
[13.462s] reading manifest file '../../build/Lidar/Lidar.egg-info/SOURCES.txt'
[13.471s] writing manifest file '../../build/Lidar/Lidar.egg-info/SOURCES.txt'
[13.472s] running build
[13.473s] running build_py
[13.475s] running install
[13.479s] /usr/lib/python3/dist-packages/setuptools/command/install.py:34: SetuptoolsDeprecationWarning: setup.py install is deprecated. Use build and pip and other standards-based tools.
[13.480s]   warnings.warn(
[13.481s] running install_lib
[13.492s] running install_data
[13.497s] running install_egg_info
[13.508s] removing '/home/ubuntu/Quadrupedal490_ws/install/Lidar/lib/python3.10/site-packages/Lidar-0.0.0-py3.10.egg-info' (and everything under it)
[13.511s] Copying ../../build/Lidar/Lidar.egg-info to /home/ubuntu/Quadrupedal490_ws/install/Lidar/lib/python3.10/site-packages/Lidar-0.0.0-py3.10.egg-info
[13.528s] running install_scripts
[13.668s] Installing lidar_scan script to /home/ubuntu/Quadrupedal490_ws/install/Lidar/lib/Lidar
[13.671s] writing list of installed files to '/home/ubuntu/Quadrupedal490_ws/build/Lidar/install.log'
[13.940s] Invoked command in '/home/ubuntu/Quadrupedal490_ws/src/Lidar' returned '0': PYTHONPATH=/home/ubuntu/Quadrupedal490_ws/build/Lidar/prefix_override:/home/ubuntu/Quadrupedal490_ws/install/Lidar/lib/python3.10/site-packages:${PYTHONPATH} /usr/bin/python3 setup.py egg_info --egg-base ../../build/Lidar build --build-base /home/ubuntu/Quadrupedal490_ws/build/Lidar/build install --record /home/ubuntu/Quadrupedal490_ws/build/Lidar/install.log --single-version-externally-managed
