[5.923s] Invoking command in '/home/ubuntu/Quadrupedal490_ws/src/Lidar': PYTHONPATH=/home/ubuntu/Quadrupedal490_ws/build/Lidar/prefix_override:/home/ubuntu/Quadrupedal490_ws/install/Lidar/lib/python3.10/site-packages:${PYTHONPATH} /usr/bin/python3 setup.py egg_info --egg-base ../../build/Lidar build --build-base /home/ubuntu/Quadrupedal490_ws/build/Lidar/build install --record /home/ubuntu/Quadrupedal490_ws/build/Lidar/install.log --single-version-externally-managed
[7.549s] running egg_info
[7.552s] writing ../../build/Lidar/Lidar.egg-info/PKG-INFO
[7.557s] writing dependency_links to ../../build/Lidar/Lidar.egg-info/dependency_links.txt
[7.558s] writing entry points to ../../build/Lidar/Lidar.egg-info/entry_points.txt
[7.559s] writing requirements to ../../build/Lidar/Lidar.egg-info/requires.txt
[7.560s] writing top-level names to ../../build/Lidar/Lidar.egg-info/top_level.txt
[7.575s] reading manifest file '../../build/Lidar/Lidar.egg-info/SOURCES.txt'
[7.581s] writing manifest file '../../build/Lidar/Lidar.egg-info/SOURCES.txt'
[7.583s] running build
[7.583s] running build_py
[7.587s] running install
[7.589s] /usr/lib/python3/dist-packages/setuptools/command/install.py:34: SetuptoolsDeprecationWarning: setup.py install is deprecated. Use build and pip and other standards-based tools.
[7.590s]   warnings.warn(
[7.591s] running install_lib
[7.601s] running install_data
[7.605s] running install_egg_info
[7.616s] removing '/home/ubuntu/Quadrupedal490_ws/install/Lidar/lib/python3.10/site-packages/Lidar-0.0.0-py3.10.egg-info' (and everything under it)
[7.618s] Copying ../../build/Lidar/Lidar.egg-info to /home/ubuntu/Quadrupedal490_ws/install/Lidar/lib/python3.10/site-packages/Lidar-0.0.0-py3.10.egg-info
[7.651s] running install_scripts
[7.746s] Installing lidar_scan script to /home/ubuntu/Quadrupedal490_ws/install/Lidar/lib/Lidar
[7.752s] writing list of installed files to '/home/ubuntu/Quadrupedal490_ws/build/Lidar/install.log'
[7.972s] Invoked command in '/home/ubuntu/Quadrupedal490_ws/src/Lidar' returned '0': PYTHONPATH=/home/ubuntu/Quadrupedal490_ws/build/Lidar/prefix_override:/home/ubuntu/Quadrupedal490_ws/install/Lidar/lib/python3.10/site-packages:${PYTHONPATH} /usr/bin/python3 setup.py egg_info --egg-base ../../build/Lidar build --build-base /home/ubuntu/Quadrupedal490_ws/build/Lidar/build install --record /home/ubuntu/Quadrupedal490_ws/build/Lidar/install.log --single-version-externally-managed
