[6.403s] DEBUG:colcon:Command line arguments: ['/usr/bin/colcon', 'build']
[6.404s] DEBUG:colcon:Parsed command line arguments: Namespace(log_base=None, log_level=None, verb_name='build', build_base='build', install_base='install', merge_install=False, symlink_install=False, test_result_base=None, continue_on_error=False, executor='parallel', parallel_workers=4, event_handlers=None, ignore_user_meta=False, metas=['./colcon.meta'], base_paths=['.'], packages_ignore=None, packages_ignore_regex=None, paths=None, packages_up_to=None, packages_up_to_regex=None, packages_above=None, packages_above_and_dependencies=None, packages_above_depth=None, packages_select_by_dep=None, packages_skip_by_dep=None, packages_skip_up_to=None, packages_select_build_failed=False, packages_skip_build_finished=False, packages_select_test_failures=False, packages_skip_test_passed=False, packages_select=None, packages_skip=None, packages_select_regex=None, packages_skip_regex=None, packages_start=None, packages_end=None, allow_overriding=[], cmake_args=None, cmake_target=None, cmake_target_skip_unavailable=False, cmake_clean_cache=False, cmake_clean_first=False, cmake_force_configure=False, ament_cmake_args=None, catkin_cmake_args=None, catkin_skip_building_tests=False, verb_parser=<colcon_defaults.argument_parser.defaults.DefaultArgumentsDecorator object at 0xffff7fd8a1a0>, verb_extension=<colcon_core.verb.build.BuildVerb object at 0xffff8028cd30>, main=<bound method BuildVerb.main of <colcon_core.verb.build.BuildVerb object at 0xffff8028cd30>>)
[6.728s] Level 1:colcon.colcon_core.package_discovery:discover_packages(colcon_meta) check parameters
[6.728s] Level 1:colcon.colcon_core.package_discovery:discover_packages(recursive) check parameters
[6.729s] Level 1:colcon.colcon_core.package_discovery:discover_packages(ignore) check parameters
[6.729s] Level 1:colcon.colcon_core.package_discovery:discover_packages(path) check parameters
[6.729s] Level 1:colcon.colcon_core.package_discovery:discover_packages(colcon_meta) discover
[6.729s] Level 1:colcon.colcon_core.package_discovery:discover_packages(recursive) discover
[6.729s] INFO:colcon.colcon_core.package_discovery:Crawling recursively for packages in '/home/ubuntu/Quadrupedal490_ws'
[6.730s] Level 1:colcon.colcon_core.package_identification:_identify(.) by extensions ['ignore', 'ignore_ament_install']
[6.730s] Level 1:colcon.colcon_core.package_identification:_identify(.) by extension 'ignore'
[6.731s] Level 1:colcon.colcon_core.package_identification:_identify(.) by extension 'ignore_ament_install'
[6.731s] Level 1:colcon.colcon_core.package_identification:_identify(.) by extensions ['colcon_pkg']
[6.731s] Level 1:colcon.colcon_core.package_identification:_identify(.) by extension 'colcon_pkg'
[6.731s] Level 1:colcon.colcon_core.package_identification:_identify(.) by extensions ['colcon_meta']
[6.731s] Level 1:colcon.colcon_core.package_identification:_identify(.) by extension 'colcon_meta'
[6.732s] Level 1:colcon.colcon_core.package_identification:_identify(.) by extensions ['ros']
[6.732s] Level 1:colcon.colcon_core.package_identification:_identify(.) by extension 'ros'
[6.815s] Level 1:colcon.colcon_core.package_identification:_identify(.) by extensions ['cmake', 'python']
[6.815s] Level 1:colcon.colcon_core.package_identification:_identify(.) by extension 'cmake'
[6.815s] Level 1:colcon.colcon_core.package_identification:_identify(.) by extension 'python'
[6.816s] Level 1:colcon.colcon_core.package_identification:_identify(.) by extensions ['python_setup_py']
[6.816s] Level 1:colcon.colcon_core.package_identification:_identify(.) by extension 'python_setup_py'
[6.816s] Level 1:colcon.colcon_core.package_identification:_identify(build) by extensions ['ignore', 'ignore_ament_install']
[6.817s] Level 1:colcon.colcon_core.package_identification:_identify(build) by extension 'ignore'
[6.817s] Level 1:colcon.colcon_core.package_identification:_identify(build) ignored
[6.818s] Level 1:colcon.colcon_core.package_identification:_identify(install) by extensions ['ignore', 'ignore_ament_install']
[6.818s] Level 1:colcon.colcon_core.package_identification:_identify(install) by extension 'ignore'
[6.818s] Level 1:colcon.colcon_core.package_identification:_identify(install) ignored
[6.819s] Level 1:colcon.colcon_core.package_identification:_identify(log) by extensions ['ignore', 'ignore_ament_install']
[6.819s] Level 1:colcon.colcon_core.package_identification:_identify(log) by extension 'ignore'
[6.820s] Level 1:colcon.colcon_core.package_identification:_identify(log) ignored
[6.820s] Level 1:colcon.colcon_core.package_identification:_identify(src) by extensions ['ignore', 'ignore_ament_install']
[6.820s] Level 1:colcon.colcon_core.package_identification:_identify(src) by extension 'ignore'
[6.821s] Level 1:colcon.colcon_core.package_identification:_identify(src) by extension 'ignore_ament_install'
[6.821s] Level 1:colcon.colcon_core.package_identification:_identify(src) by extensions ['colcon_pkg']
[6.821s] Level 1:colcon.colcon_core.package_identification:_identify(src) by extension 'colcon_pkg'
[6.821s] Level 1:colcon.colcon_core.package_identification:_identify(src) by extensions ['colcon_meta']
[6.822s] Level 1:colcon.colcon_core.package_identification:_identify(src) by extension 'colcon_meta'
[6.822s] Level 1:colcon.colcon_core.package_identification:_identify(src) by extensions ['ros']
[6.822s] Level 1:colcon.colcon_core.package_identification:_identify(src) by extension 'ros'
[6.822s] Level 1:colcon.colcon_core.package_identification:_identify(src) by extensions ['cmake', 'python']
[6.823s] Level 1:colcon.colcon_core.package_identification:_identify(src) by extension 'cmake'
[6.823s] Level 1:colcon.colcon_core.package_identification:_identify(src) by extension 'python'
[6.823s] Level 1:colcon.colcon_core.package_identification:_identify(src) by extensions ['python_setup_py']
[6.823s] Level 1:colcon.colcon_core.package_identification:_identify(src) by extension 'python_setup_py'
[6.827s] Level 1:colcon.colcon_core.package_identification:_identify(src/Lidar) by extensions ['ignore', 'ignore_ament_install']
[6.827s] Level 1:colcon.colcon_core.package_identification:_identify(src/Lidar) by extension 'ignore'
[6.827s] Level 1:colcon.colcon_core.package_identification:_identify(src/Lidar) by extension 'ignore_ament_install'
[6.828s] Level 1:colcon.colcon_core.package_identification:_identify(src/Lidar) by extensions ['colcon_pkg']
[6.828s] Level 1:colcon.colcon_core.package_identification:_identify(src/Lidar) by extension 'colcon_pkg'
[6.828s] Level 1:colcon.colcon_core.package_identification:_identify(src/Lidar) by extensions ['colcon_meta']
[6.828s] Level 1:colcon.colcon_core.package_identification:_identify(src/Lidar) by extension 'colcon_meta'
[6.828s] Level 1:colcon.colcon_core.package_identification:_identify(src/Lidar) by extensions ['ros']
[6.829s] Level 1:colcon.colcon_core.package_identification:_identify(src/Lidar) by extension 'ros'
[6.846s] DEBUG:colcon.colcon_core.package_identification:Package 'src/Lidar' with type 'ros.ament_python' and name 'Lidar'
[6.846s] Level 1:colcon.colcon_core.package_discovery:discover_packages(recursive) using defaults
[6.847s] Level 1:colcon.colcon_core.package_discovery:discover_packages(ignore) discover
[6.847s] Level 1:colcon.colcon_core.package_discovery:discover_packages(ignore) using defaults
[6.847s] Level 1:colcon.colcon_core.package_discovery:discover_packages(path) discover
[6.847s] Level 1:colcon.colcon_core.package_discovery:discover_packages(path) using defaults
[7.512s] Level 1:colcon.colcon_core.package_discovery:discover_packages(prefix_path) check parameters
[7.512s] Level 1:colcon.colcon_core.package_discovery:discover_packages(prefix_path) discover
[7.680s] DEBUG:colcon.colcon_installed_package_information.package_discovery:Found 1 installed packages in /home/ubuntu/Quadrupedal490_ws/install
[7.768s] DEBUG:colcon.colcon_installed_package_information.package_discovery:Found 281 installed packages in /opt/ros/iron
[7.775s] Level 1:colcon.colcon_core.package_discovery:discover_packages(prefix_path) using defaults
[8.387s] Level 5:colcon.colcon_core.verb:set package 'Lidar' build argument 'cmake_args' from command line to 'None'
[8.387s] Level 5:colcon.colcon_core.verb:set package 'Lidar' build argument 'cmake_target' from command line to 'None'
[8.388s] Level 5:colcon.colcon_core.verb:set package 'Lidar' build argument 'cmake_target_skip_unavailable' from command line to 'False'
[8.388s] Level 5:colcon.colcon_core.verb:set package 'Lidar' build argument 'cmake_clean_cache' from command line to 'False'
[8.388s] Level 5:colcon.colcon_core.verb:set package 'Lidar' build argument 'cmake_clean_first' from command line to 'False'
[8.388s] Level 5:colcon.colcon_core.verb:set package 'Lidar' build argument 'cmake_force_configure' from command line to 'False'
[8.388s] Level 5:colcon.colcon_core.verb:set package 'Lidar' build argument 'ament_cmake_args' from command line to 'None'
[8.388s] Level 5:colcon.colcon_core.verb:set package 'Lidar' build argument 'catkin_cmake_args' from command line to 'None'
[8.388s] Level 5:colcon.colcon_core.verb:set package 'Lidar' build argument 'catkin_skip_building_tests' from command line to 'False'
[8.388s] DEBUG:colcon.colcon_core.verb:Building package 'Lidar' with the following arguments: {'ament_cmake_args': None, 'build_base': '/home/ubuntu/Quadrupedal490_ws/build/Lidar', 'catkin_cmake_args': None, 'catkin_skip_building_tests': False, 'cmake_args': None, 'cmake_clean_cache': False, 'cmake_clean_first': False, 'cmake_force_configure': False, 'cmake_target': None, 'cmake_target_skip_unavailable': False, 'install_base': '/home/ubuntu/Quadrupedal490_ws/install/Lidar', 'merge_install': False, 'path': '/home/ubuntu/Quadrupedal490_ws/src/Lidar', 'symlink_install': False, 'test_result_base': None}
[8.460s] INFO:colcon.colcon_core.executor:Executing jobs using 'parallel' executor
[8.573s] DEBUG:colcon.colcon_parallel_executor.executor.parallel:run_until_complete
[8.574s] INFO:colcon.colcon_ros.task.ament_python.build:Building ROS package in '/home/ubuntu/Quadrupedal490_ws/src/Lidar' with build type 'ament_python'
[8.575s] Level 1:colcon.colcon_core.shell:create_environment_hook('Lidar', 'ament_prefix_path')
[8.688s] INFO:colcon.colcon_core.plugin_system:Skipping extension 'colcon_core.shell.bat': Not used on non-Windows systems
[8.690s] INFO:colcon.colcon_core.shell:Creating environment hook '/home/ubuntu/Quadrupedal490_ws/install/Lidar/share/Lidar/hook/ament_prefix_path.ps1'
[8.697s] INFO:colcon.colcon_core.shell:Creating environment descriptor '/home/ubuntu/Quadrupedal490_ws/install/Lidar/share/Lidar/hook/ament_prefix_path.dsv'
[8.706s] INFO:colcon.colcon_core.shell:Creating environment hook '/home/ubuntu/Quadrupedal490_ws/install/Lidar/share/Lidar/hook/ament_prefix_path.sh'
[8.832s] INFO:colcon.colcon_core.shell:Skip shell extension 'powershell' for command environment: Not usable outside of PowerShell
[8.833s] DEBUG:colcon.colcon_core.shell:Skip shell extension 'dsv' for command environment
[10.645s] INFO:colcon.colcon_core.task.python.build:Building Python package in '/home/ubuntu/Quadrupedal490_ws/src/Lidar'
[10.718s] INFO:colcon.colcon_core.shell:Skip shell extension 'powershell' for command environment: Not usable outside of PowerShell
[10.718s] DEBUG:colcon.colcon_core.shell:Skip shell extension 'dsv' for command environment
[13.628s] DEBUG:colcon.colcon_core.event_handler.log_command:Invoking command in '/home/ubuntu/Quadrupedal490_ws/src/Lidar': PYTHONPATH=/home/ubuntu/Quadrupedal490_ws/build/Lidar/prefix_override:/home/ubuntu/Quadrupedal490_ws/install/Lidar/lib/python3.10/site-packages:${PYTHONPATH} /usr/bin/python3 setup.py egg_info --egg-base ../../build/Lidar build --build-base /home/ubuntu/Quadrupedal490_ws/build/Lidar/build install --record /home/ubuntu/Quadrupedal490_ws/build/Lidar/install.log --single-version-externally-managed
[15.562s] DEBUG:colcon.colcon_core.event_handler.log_command:Invoked command in '/home/ubuntu/Quadrupedal490_ws/src/Lidar' returned '0': PYTHONPATH=/home/ubuntu/Quadrupedal490_ws/build/Lidar/prefix_override:/home/ubuntu/Quadrupedal490_ws/install/Lidar/lib/python3.10/site-packages:${PYTHONPATH} /usr/bin/python3 setup.py egg_info --egg-base ../../build/Lidar build --build-base /home/ubuntu/Quadrupedal490_ws/build/Lidar/build install --record /home/ubuntu/Quadrupedal490_ws/build/Lidar/install.log --single-version-externally-managed
[15.693s] Level 1:colcon.colcon_core.environment:checking '/home/ubuntu/Quadrupedal490_ws/install/Lidar' for CMake module files
[15.696s] Level 1:colcon.colcon_core.environment:checking '/home/ubuntu/Quadrupedal490_ws/install/Lidar' for CMake config files
[15.701s] Level 1:colcon.colcon_core.environment:checking '/home/ubuntu/Quadrupedal490_ws/install/Lidar/lib'
[15.703s] Level 1:colcon.colcon_core.environment:checking '/home/ubuntu/Quadrupedal490_ws/install/Lidar/bin'
[15.703s] Level 1:colcon.colcon_core.environment:checking '/home/ubuntu/Quadrupedal490_ws/install/Lidar/lib/pkgconfig/Lidar.pc'
[15.704s] Level 1:colcon.colcon_core.environment:checking '/home/ubuntu/Quadrupedal490_ws/install/Lidar/lib/python3.10/site-packages'
[15.705s] Level 1:colcon.colcon_core.shell:create_environment_hook('Lidar', 'pythonpath')
[15.794s] INFO:colcon.colcon_core.shell:Creating environment hook '/home/ubuntu/Quadrupedal490_ws/install/Lidar/share/Lidar/hook/pythonpath.ps1'
[15.796s] INFO:colcon.colcon_core.shell:Creating environment descriptor '/home/ubuntu/Quadrupedal490_ws/install/Lidar/share/Lidar/hook/pythonpath.dsv'
[15.798s] INFO:colcon.colcon_core.shell:Creating environment hook '/home/ubuntu/Quadrupedal490_ws/install/Lidar/share/Lidar/hook/pythonpath.sh'
[15.808s] Level 1:colcon.colcon_core.environment:checking '/home/ubuntu/Quadrupedal490_ws/install/Lidar/bin'
[15.809s] Level 1:colcon.colcon_core.environment:create_environment_scripts_only(Lidar)
[15.898s] INFO:colcon.colcon_core.shell:Creating package script '/home/ubuntu/Quadrupedal490_ws/install/Lidar/share/Lidar/package.ps1'
[15.905s] INFO:colcon.colcon_core.shell:Creating package descriptor '/home/ubuntu/Quadrupedal490_ws/install/Lidar/share/Lidar/package.dsv'
[15.909s] INFO:colcon.colcon_core.shell:Creating package script '/home/ubuntu/Quadrupedal490_ws/install/Lidar/share/Lidar/package.sh'
[15.914s] INFO:colcon.colcon_core.shell:Creating package script '/home/ubuntu/Quadrupedal490_ws/install/Lidar/share/Lidar/package.bash'
[15.920s] INFO:colcon.colcon_core.shell:Creating package script '/home/ubuntu/Quadrupedal490_ws/install/Lidar/share/Lidar/package.zsh'
[15.924s] Level 1:colcon.colcon_core.environment:create_file_with_runtime_dependencies(/home/ubuntu/Quadrupedal490_ws/install/Lidar/share/colcon-core/packages/Lidar)
[15.926s] DEBUG:colcon.colcon_parallel_executor.executor.parallel:closing loop
[15.927s] DEBUG:colcon.colcon_parallel_executor.executor.parallel:loop closed
[15.928s] DEBUG:colcon.colcon_parallel_executor.executor.parallel:run_until_complete finished with '0'
[15.928s] DEBUG:colcon.colcon_core.event_reactor:joining thread
[16.129s] INFO:colcon.colcon_core.plugin_system:Skipping extension 'colcon_notification.desktop_notification.terminal_notifier': Not used on non-Darwin systems
[16.129s] INFO:colcon.colcon_core.plugin_system:Skipping extension 'colcon_notification.desktop_notification.win32': Not used on non-Windows systems
[16.130s] INFO:colcon.colcon_notification.desktop_notification:Sending desktop notification using 'notify2'
[16.423s] DEBUG:colcon.colcon_core.event_reactor:joined thread
[16.577s] INFO:colcon.colcon_core.shell:Creating prefix script '/home/ubuntu/Quadrupedal490_ws/install/local_setup.ps1'
[16.592s] INFO:colcon.colcon_core.shell:Creating prefix util module '/home/ubuntu/Quadrupedal490_ws/install/_local_setup_util_ps1.py'
[16.604s] INFO:colcon.colcon_core.shell:Creating prefix chain script '/home/ubuntu/Quadrupedal490_ws/install/setup.ps1'
[16.755s] INFO:colcon.colcon_core.shell:Creating prefix script '/home/ubuntu/Quadrupedal490_ws/install/local_setup.sh'
[16.758s] INFO:colcon.colcon_core.shell:Creating prefix util module '/home/ubuntu/Quadrupedal490_ws/install/_local_setup_util_sh.py'
[16.761s] INFO:colcon.colcon_core.shell:Creating prefix chain script '/home/ubuntu/Quadrupedal490_ws/install/setup.sh'
[16.842s] INFO:colcon.colcon_core.shell:Creating prefix script '/home/ubuntu/Quadrupedal490_ws/install/local_setup.bash'
[16.845s] INFO:colcon.colcon_core.shell:Creating prefix chain script '/home/ubuntu/Quadrupedal490_ws/install/setup.bash'
[16.928s] INFO:colcon.colcon_core.shell:Creating prefix script '/home/ubuntu/Quadrupedal490_ws/install/local_setup.zsh'
[16.932s] INFO:colcon.colcon_core.shell:Creating prefix chain script '/home/ubuntu/Quadrupedal490_ws/install/setup.zsh'
