[4.969s] Invoking command in '/home/ubuntu/Quadrupedal490_ws/src/Lidar': PYTHONPATH=/home/ubuntu/Quadrupedal490_ws/build/Lidar/prefix_override:/home/ubuntu/Quadrupedal490_ws/install/Lidar/lib/python3.10/site-packages:${PYTHONPATH} /usr/bin/python3 setup.py egg_info --egg-base ../../build/Lidar build --build-base /home/ubuntu/Quadrupedal490_ws/build/Lidar/build install --record /home/ubuntu/Quadrupedal490_ws/build/Lidar/install.log --single-version-externally-managed
[6.216s] running egg_info
[6.219s] writing ../../build/Lidar/Lidar.egg-info/PKG-INFO
[6.223s] writing dependency_links to ../../build/Lidar/Lidar.egg-info/dependency_links.txt
[6.224s] writing entry points to ../../build/Lidar/Lidar.egg-info/entry_points.txt
[6.225s] writing requirements to ../../build/Lidar/Lidar.egg-info/requires.txt
[6.226s] writing top-level names to ../../build/Lidar/Lidar.egg-info/top_level.txt
[6.236s] reading manifest file '../../build/Lidar/Lidar.egg-info/SOURCES.txt'
[6.243s] writing manifest file '../../build/Lidar/Lidar.egg-info/SOURCES.txt'
[6.244s] running build
[6.244s] running build_py
[6.247s] running install
[6.249s] /usr/lib/python3/dist-packages/setuptools/command/install.py:34: SetuptoolsDeprecationWarning: setup.py install is deprecated. Use build and pip and other standards-based tools.
[6.250s]   warnings.warn(
[6.251s] running install_lib
[6.259s] running install_data
[6.263s] running install_egg_info
[6.271s] removing '/home/ubuntu/Quadrupedal490_ws/install/Lidar/lib/python3.10/site-packages/Lidar-0.0.0-py3.10.egg-info' (and everything under it)
[6.273s] Copying ../../build/Lidar/Lidar.egg-info to /home/ubuntu/Quadrupedal490_ws/install/Lidar/lib/python3.10/site-packages/Lidar-0.0.0-py3.10.egg-info
[6.281s] running install_scripts
[6.368s] Installing lidar_scan script to /home/ubuntu/Quadrupedal490_ws/install/Lidar/lib/Lidar
[6.373s] writing list of installed files to '/home/ubuntu/Quadrupedal490_ws/build/Lidar/install.log'
[6.504s] Invoked command in '/home/ubuntu/Quadrupedal490_ws/src/Lidar' returned '0': PYTHONPATH=/home/ubuntu/Quadrupedal490_ws/build/Lidar/prefix_override:/home/ubuntu/Quadrupedal490_ws/install/Lidar/lib/python3.10/site-packages:${PYTHONPATH} /usr/bin/python3 setup.py egg_info --egg-base ../../build/Lidar build --build-base /home/ubuntu/Quadrupedal490_ws/build/Lidar/build install --record /home/ubuntu/Quadrupedal490_ws/build/Lidar/install.log --single-version-externally-managed
