[4.950s] DEBUG:colcon:Command line arguments: ['/usr/bin/colcon', 'build']
[4.951s] DEBUG:colcon:Parsed command line arguments: Namespace(log_base=None, log_level=None, verb_name='build', build_base='build', install_base='install', merge_install=False, symlink_install=False, test_result_base=None, continue_on_error=False, executor='parallel', parallel_workers=4, event_handlers=None, ignore_user_meta=False, metas=['./colcon.meta'], base_paths=['.'], packages_ignore=None, packages_ignore_regex=None, paths=None, packages_up_to=None, packages_up_to_regex=None, packages_above=None, packages_above_and_dependencies=None, packages_above_depth=None, packages_select_by_dep=None, packages_skip_by_dep=None, packages_skip_up_to=None, packages_select_build_failed=False, packages_skip_build_finished=False, packages_select_test_failures=False, packages_skip_test_passed=False, packages_select=None, packages_skip=None, packages_select_regex=None, packages_skip_regex=None, packages_start=None, packages_end=None, allow_overriding=[], cmake_args=None, cmake_target=None, cmake_target_skip_unavailable=False, cmake_clean_cache=False, cmake_clean_first=False, cmake_force_configure=False, ament_cmake_args=None, catkin_cmake_args=None, catkin_skip_building_tests=False, verb_parser=<colcon_defaults.argument_parser.defaults.DefaultArgumentsDecorator object at 0xffffb8518550>, verb_extension=<colcon_core.verb.build.BuildVerb object at 0xffffb8a07760>, main=<bound method BuildVerb.main of <colcon_core.verb.build.BuildVerb object at 0xffffb8a07760>>)
[5.194s] Level 1:colcon.colcon_core.package_discovery:discover_packages(colcon_meta) check parameters
[5.195s] Level 1:colcon.colcon_core.package_discovery:discover_packages(recursive) check parameters
[5.195s] Level 1:colcon.colcon_core.package_discovery:discover_packages(ignore) check parameters
[5.195s] Level 1:colcon.colcon_core.package_discovery:discover_packages(path) check parameters
[5.195s] Level 1:colcon.colcon_core.package_discovery:discover_packages(colcon_meta) discover
[5.196s] Level 1:colcon.colcon_core.package_discovery:discover_packages(recursive) discover
[5.196s] INFO:colcon.colcon_core.package_discovery:Crawling recursively for packages in '/home/ubuntu/Quadrupedal490_ws/src/Lidar/Lidar'
[5.197s] Level 1:colcon.colcon_core.package_identification:_identify(.) by extensions ['ignore', 'ignore_ament_install']
[5.198s] Level 1:colcon.colcon_core.package_identification:_identify(.) by extension 'ignore'
[5.198s] Level 1:colcon.colcon_core.package_identification:_identify(.) by extension 'ignore_ament_install'
[5.198s] Level 1:colcon.colcon_core.package_identification:_identify(.) by extensions ['colcon_pkg']
[5.199s] Level 1:colcon.colcon_core.package_identification:_identify(.) by extension 'colcon_pkg'
[5.199s] Level 1:colcon.colcon_core.package_identification:_identify(.) by extensions ['colcon_meta']
[5.199s] Level 1:colcon.colcon_core.package_identification:_identify(.) by extension 'colcon_meta'
[5.199s] Level 1:colcon.colcon_core.package_identification:_identify(.) by extensions ['ros']
[5.199s] Level 1:colcon.colcon_core.package_identification:_identify(.) by extension 'ros'
[5.245s] Level 1:colcon.colcon_core.package_identification:_identify(.) by extensions ['cmake', 'python']
[5.245s] Level 1:colcon.colcon_core.package_identification:_identify(.) by extension 'cmake'
[5.245s] Level 1:colcon.colcon_core.package_identification:_identify(.) by extension 'python'
[5.246s] Level 1:colcon.colcon_core.package_identification:_identify(.) by extensions ['python_setup_py']
[5.246s] Level 1:colcon.colcon_core.package_identification:_identify(.) by extension 'python_setup_py'
[5.246s] Level 1:colcon.colcon_core.package_identification:_identify(build) by extensions ['ignore', 'ignore_ament_install']
[5.247s] Level 1:colcon.colcon_core.package_identification:_identify(build) by extension 'ignore'
[5.247s] Level 1:colcon.colcon_core.package_identification:_identify(build) ignored
[5.247s] Level 1:colcon.colcon_core.package_identification:_identify(install) by extensions ['ignore', 'ignore_ament_install']
[5.248s] Level 1:colcon.colcon_core.package_identification:_identify(install) by extension 'ignore'
[5.248s] Level 1:colcon.colcon_core.package_identification:_identify(install) ignored
[5.248s] Level 1:colcon.colcon_core.package_identification:_identify(log) by extensions ['ignore', 'ignore_ament_install']
[5.249s] Level 1:colcon.colcon_core.package_identification:_identify(log) by extension 'ignore'
[5.249s] Level 1:colcon.colcon_core.package_identification:_identify(log) ignored
[5.249s] Level 1:colcon.colcon_core.package_discovery:discover_packages(recursive) using defaults
[5.249s] Level 1:colcon.colcon_core.package_discovery:discover_packages(ignore) discover
[5.250s] Level 1:colcon.colcon_core.package_discovery:discover_packages(ignore) using defaults
[5.250s] Level 1:colcon.colcon_core.package_discovery:discover_packages(path) discover
[5.250s] Level 1:colcon.colcon_core.package_discovery:discover_packages(path) using defaults
[5.739s] Level 1:colcon.colcon_core.package_discovery:discover_packages(prefix_path) check parameters
[5.740s] Level 1:colcon.colcon_core.package_discovery:discover_packages(prefix_path) discover
[5.914s] DEBUG:colcon.colcon_installed_package_information.package_discovery:Found 1 installed packages in /home/ubuntu/Quadrupedal490_ws/install
[6.007s] DEBUG:colcon.colcon_installed_package_information.package_discovery:Found 281 installed packages in /opt/ros/iron
[6.013s] Level 1:colcon.colcon_core.package_discovery:discover_packages(prefix_path) using defaults
[6.423s] INFO:colcon.colcon_core.executor:Executing jobs using 'parallel' executor
[6.497s] DEBUG:colcon.colcon_parallel_executor.executor.parallel:run_until_complete
[6.498s] DEBUG:colcon.colcon_parallel_executor.executor.parallel:closing loop
[6.498s] DEBUG:colcon.colcon_parallel_executor.executor.parallel:loop closed
[6.498s] DEBUG:colcon.colcon_parallel_executor.executor.parallel:run_until_complete finished with '0'
[6.498s] DEBUG:colcon.colcon_core.event_reactor:joining thread
[6.589s] INFO:colcon.colcon_core.plugin_system:Skipping extension 'colcon_notification.desktop_notification.terminal_notifier': Not used on non-Darwin systems
[6.589s] INFO:colcon.colcon_core.plugin_system:Skipping extension 'colcon_notification.desktop_notification.win32': Not used on non-Windows systems
[6.589s] INFO:colcon.colcon_notification.desktop_notification:Sending desktop notification using 'notify2'
[6.590s] DEBUG:colcon.colcon_notification.desktop_notification.notify2:Failed to initialize notify2: org.freedesktop.DBus.Error.NoReply: Did not receive a reply. Possible causes include: the remote application did not send a reply, the message bus security policy blocked the reply, the reply timeout expired, or the network connection was broken.
[6.591s] DEBUG:colcon.colcon_core.event_reactor:joined thread
[6.673s] INFO:colcon.colcon_core.plugin_system:Skipping extension 'colcon_core.shell.bat': Not used on non-Windows systems
[6.674s] INFO:colcon.colcon_core.shell:Creating prefix script '/home/ubuntu/Quadrupedal490_ws/src/Lidar/Lidar/install/local_setup.ps1'
[6.678s] INFO:colcon.colcon_core.shell:Creating prefix util module '/home/ubuntu/Quadrupedal490_ws/src/Lidar/Lidar/install/_local_setup_util_ps1.py'
[6.683s] INFO:colcon.colcon_core.shell:Creating prefix chain script '/home/ubuntu/Quadrupedal490_ws/src/Lidar/Lidar/install/setup.ps1'
[6.757s] INFO:colcon.colcon_core.shell:Creating prefix script '/home/ubuntu/Quadrupedal490_ws/src/Lidar/Lidar/install/local_setup.sh'
[6.759s] INFO:colcon.colcon_core.shell:Creating prefix util module '/home/ubuntu/Quadrupedal490_ws/src/Lidar/Lidar/install/_local_setup_util_sh.py'
[6.762s] INFO:colcon.colcon_core.shell:Creating prefix chain script '/home/ubuntu/Quadrupedal490_ws/src/Lidar/Lidar/install/setup.sh'
[6.835s] INFO:colcon.colcon_core.shell:Creating prefix script '/home/ubuntu/Quadrupedal490_ws/src/Lidar/Lidar/install/local_setup.bash'
[6.838s] INFO:colcon.colcon_core.shell:Creating prefix chain script '/home/ubuntu/Quadrupedal490_ws/src/Lidar/Lidar/install/setup.bash'
[6.913s] INFO:colcon.colcon_core.shell:Creating prefix script '/home/ubuntu/Quadrupedal490_ws/src/Lidar/Lidar/install/local_setup.zsh'
[6.916s] INFO:colcon.colcon_core.shell:Creating prefix chain script '/home/ubuntu/Quadrupedal490_ws/src/Lidar/Lidar/install/setup.zsh'
