[13.821s] Invoking command in '/home/ubuntu/Quadrupedal490_ws/src/Lidar': PYTHONPATH=/home/ubuntu/Quadrupedal490_ws/build/Lidar/prefix_override:/home/ubuntu/Quadrupedal490_ws/install/Lidar/lib/python3.10/site-packages:${PYTHONPATH} /usr/bin/python3 setup.py egg_info --egg-base ../../build/Lidar build --build-base /home/ubuntu/Quadrupedal490_ws/build/Lidar/build install --record /home/ubuntu/Quadrupedal490_ws/build/Lidar/install.log --single-version-externally-managed
[15.524s] running egg_info
[15.525s] writing ../../build/Lidar/Lidar.egg-info/PKG-INFO
[15.530s] writing dependency_links to ../../build/Lidar/Lidar.egg-info/dependency_links.txt
[15.533s] writing entry points to ../../build/Lidar/Lidar.egg-info/entry_points.txt
[15.535s] writing requirements to ../../build/Lidar/Lidar.egg-info/requires.txt
[15.536s] writing top-level names to ../../build/Lidar/Lidar.egg-info/top_level.txt
[15.559s] reading manifest file '../../build/Lidar/Lidar.egg-info/SOURCES.txt'
[15.563s] writing manifest file '../../build/Lidar/Lidar.egg-info/SOURCES.txt'
[15.565s] running build
[15.566s] running build_py
[15.569s] copying Lidar/lidat_scan.py -> /home/ubuntu/Quadrupedal490_ws/build/Lidar/build/lib/Lidar
[15.572s] running install
[15.575s] /usr/lib/python3/dist-packages/setuptools/command/install.py:34: SetuptoolsDeprecationWarning: setup.py install is deprecated. Use build and pip and other standards-based tools.
[15.575s]   warnings.warn(
[15.582s] running install_lib
[15.588s] copying /home/ubuntu/Quadrupedal490_ws/build/Lidar/build/lib/Lidar/lidat_scan.py -> /home/ubuntu/Quadrupedal490_ws/install/Lidar/lib/python3.10/site-packages/Lidar
[15.594s] byte-compiling /home/ubuntu/Quadrupedal490_ws/install/Lidar/lib/python3.10/site-packages/Lidar/lidat_scan.py to lidat_scan.cpython-310.pyc
[15.598s] running install_data
[15.603s] running install_egg_info
[15.611s] removing '/home/ubuntu/Quadrupedal490_ws/install/Lidar/lib/python3.10/site-packages/Lidar-0.0.0-py3.10.egg-info' (and everything under it)
[15.613s] Copying ../../build/Lidar/Lidar.egg-info to /home/ubuntu/Quadrupedal490_ws/install/Lidar/lib/python3.10/site-packages/Lidar-0.0.0-py3.10.egg-info
[15.622s] running install_scripts
[15.752s] Installing lidar_scan script to /home/ubuntu/Quadrupedal490_ws/install/Lidar/lib/Lidar
[15.763s] writing list of installed files to '/home/ubuntu/Quadrupedal490_ws/build/Lidar/install.log'
[15.941s] Invoked command in '/home/ubuntu/Quadrupedal490_ws/src/Lidar' returned '0': PYTHONPATH=/home/ubuntu/Quadrupedal490_ws/build/Lidar/prefix_override:/home/ubuntu/Quadrupedal490_ws/install/Lidar/lib/python3.10/site-packages:${PYTHONPATH} /usr/bin/python3 setup.py egg_info --egg-base ../../build/Lidar build --build-base /home/ubuntu/Quadrupedal490_ws/build/Lidar/build install --record /home/ubuntu/Quadrupedal490_ws/build/Lidar/install.log --single-version-externally-managed
