[3.654s] Invoking command in '/home/ubuntu/Quadrupedal490_ws/src/Lidar': PYTHONPATH=/home/ubuntu/Quadrupedal490_ws/build/Lidar/prefix_override:/home/ubuntu/Quadrupedal490_ws/install/Lidar/lib/python3.10/site-packages:${PYTHONPATH} /usr/bin/python3 setup.py egg_info --egg-base ../../build/Lidar build --build-base /home/ubuntu/Quadrupedal490_ws/build/Lidar/build install --record /home/ubuntu/Quadrupedal490_ws/build/Lidar/install.log --single-version-externally-managed
[4.825s] running egg_info
[4.828s] writing ../../build/Lidar/Lidar.egg-info/PKG-INFO
[4.829s] writing dependency_links to ../../build/Lidar/Lidar.egg-info/dependency_links.txt
[4.830s] writing entry points to ../../build/Lidar/Lidar.egg-info/entry_points.txt
[4.830s] writing requirements to ../../build/Lidar/Lidar.egg-info/requires.txt
[4.831s] writing top-level names to ../../build/Lidar/Lidar.egg-info/top_level.txt
[4.840s] reading manifest file '../../build/Lidar/Lidar.egg-info/SOURCES.txt'
[4.843s] writing manifest file '../../build/Lidar/Lidar.egg-info/SOURCES.txt'
[4.844s] running build
[4.844s] running build_py
[4.845s] copying Lidar/lidar_scan.py -> /home/ubuntu/Quadrupedal490_ws/build/Lidar/build/lib/Lidar
[4.846s] running install
[4.847s] /usr/lib/python3/dist-packages/setuptools/command/install.py:34: SetuptoolsDeprecationWarning: setup.py install is deprecated. Use build and pip and other standards-based tools.
[4.848s]   warnings.warn(
[4.848s] running install_lib
[4.853s] copying /home/ubuntu/Quadrupedal490_ws/build/Lidar/build/lib/Lidar/lidar_scan.py -> /home/ubuntu/Quadrupedal490_ws/install/Lidar/lib/python3.10/site-packages/Lidar
[4.855s] byte-compiling /home/ubuntu/Quadrupedal490_ws/install/Lidar/lib/python3.10/site-packages/Lidar/lidar_scan.py to lidar_scan.cpython-310.pyc
[4.859s] running install_data
[4.862s] running install_egg_info
[4.868s] removing '/home/ubuntu/Quadrupedal490_ws/install/Lidar/lib/python3.10/site-packages/Lidar-0.0.0-py3.10.egg-info' (and everything under it)
[4.870s] Copying ../../build/Lidar/Lidar.egg-info to /home/ubuntu/Quadrupedal490_ws/install/Lidar/lib/python3.10/site-packages/Lidar-0.0.0-py3.10.egg-info
[4.875s] running install_scripts
[4.953s] Installing lidar_scan script to /home/ubuntu/Quadrupedal490_ws/install/Lidar/lib/Lidar
[4.955s] writing list of installed files to '/home/ubuntu/Quadrupedal490_ws/build/Lidar/install.log'
[5.083s] Invoked command in '/home/ubuntu/Quadrupedal490_ws/src/Lidar' returned '0': PYTHONPATH=/home/ubuntu/Quadrupedal490_ws/build/Lidar/prefix_override:/home/ubuntu/Quadrupedal490_ws/install/Lidar/lib/python3.10/site-packages:${PYTHONPATH} /usr/bin/python3 setup.py egg_info --egg-base ../../build/Lidar build --build-base /home/ubuntu/Quadrupedal490_ws/build/Lidar/build install --record /home/ubuntu/Quadrupedal490_ws/build/Lidar/install.log --single-version-externally-managed
