[20.858s] Invoking command in '/home/ubuntu/Quadrupedal490_ws/src/lidar_plotter': PYTHONPATH=/home/ubuntu/Quadrupedal490_ws/build/lidar_plotter/prefix_override:/home/ubuntu/Quadrupedal490_ws/install/lidar_plotter/lib/python3.10/site-packages:${PYTHONPATH} /usr/bin/python3 setup.py egg_info --egg-base ../../build/lidar_plotter build --build-base /home/ubuntu/Quadrupedal490_ws/build/lidar_plotter/build install --record /home/ubuntu/Quadrupedal490_ws/build/lidar_plotter/install.log --single-version-externally-managed
[23.242s] running egg_info
[23.247s] writing ../../build/lidar_plotter/lidar_plotter.egg-info/PKG-INFO
[23.253s] writing dependency_links to ../../build/lidar_plotter/lidar_plotter.egg-info/dependency_links.txt
[23.260s] writing entry points to ../../build/lidar_plotter/lidar_plotter.egg-info/entry_points.txt
[23.261s] writing requirements to ../../build/lidar_plotter/lidar_plotter.egg-info/requires.txt
[23.262s] writing top-level names to ../../build/lidar_plotter/lidar_plotter.egg-info/top_level.txt
[23.277s] reading manifest file '../../build/lidar_plotter/lidar_plotter.egg-info/SOURCES.txt'
[23.285s] writing manifest file '../../build/lidar_plotter/lidar_plotter.egg-info/SOURCES.txt'
[23.288s] running build
[23.289s] running build_py
[23.294s] running install
[23.296s] /usr/lib/python3/dist-packages/setuptools/command/install.py:34: SetuptoolsDeprecationWarning: setup.py install is deprecated. Use build and pip and other standards-based tools.
[23.297s]   warnings.warn(
[23.298s] running install_lib
[23.301s] running install_data
[23.307s] running install_egg_info
[23.321s] removing '/home/ubuntu/Quadrupedal490_ws/install/lidar_plotter/lib/python3.10/site-packages/lidar_plotter-0.0.0-py3.10.egg-info' (and everything under it)
[23.338s] Copying ../../build/lidar_plotter/lidar_plotter.egg-info to /home/ubuntu/Quadrupedal490_ws/install/lidar_plotter/lib/python3.10/site-packages/lidar_plotter-0.0.0-py3.10.egg-info
[23.349s] running install_scripts
[23.556s] Installing lidar_plot script to /home/ubuntu/Quadrupedal490_ws/install/lidar_plotter/lib/lidar_plotter
[23.560s] writing list of installed files to '/home/ubuntu/Quadrupedal490_ws/build/lidar_plotter/install.log'
