running egg_info
creating ../../build/Lidar/Lidar.egg-info
writing ../../build/Lidar/Lidar.egg-info/PKG-INFO
writing dependency_links to ../../build/Lidar/Lidar.egg-info/dependency_links.txt
writing entry points to ../../build/Lidar/Lidar.egg-info/entry_points.txt
writing requirements to ../../build/Lidar/Lidar.egg-info/requires.txt
writing top-level names to ../../build/Lidar/Lidar.egg-info/top_level.txt
writing manifest file '../../build/Lidar/Lidar.egg-info/SOURCES.txt'
reading manifest file '../../build/Lidar/Lidar.egg-info/SOURCES.txt'
writing manifest file '../../build/Lidar/Lidar.egg-info/SOURCES.txt'
running build
running build_py
creating /home/ubuntu/Quadrupedal490_ws/build/Lidar/build
creating /home/ubuntu/Quadrupedal490_ws/build/Lidar/build/lib
creating /home/ubuntu/Quadrupedal490_ws/build/Lidar/build/lib/Lidar
copying Lidar/lidar_scan.py -> /home/ubuntu/Quadrupedal490_ws/build/Lidar/build/lib/Lidar
copying Lidar/__init__.py -> /home/ubuntu/Quadrupedal490_ws/build/Lidar/build/lib/Lidar
running install
/usr/lib/python3/dist-packages/setuptools/command/install.py:34: SetuptoolsDeprecationWarning: setup.py install is deprecated. Use build and pip and other standards-based tools.
  warnings.warn(
running install_lib
creating /home/ubuntu/Quadrupedal490_ws/install/Lidar/lib/python3.10/site-packages/Lidar
copying /home/ubuntu/Quadrupedal490_ws/build/Lidar/build/lib/Lidar/lidar_scan.py -> /home/ubuntu/Quadrupedal490_ws/install/Lidar/lib/python3.10/site-packages/Lidar
copying /home/ubuntu/Quadrupedal490_ws/build/Lidar/build/lib/Lidar/__init__.py -> /home/ubuntu/Quadrupedal490_ws/install/Lidar/lib/python3.10/site-packages/Lidar
byte-compiling /home/ubuntu/Quadrupedal490_ws/install/Lidar/lib/python3.10/site-packages/Lidar/lidar_scan.py to lidar_scan.cpython-310.pyc
byte-compiling /home/ubuntu/Quadrupedal490_ws/install/Lidar/lib/python3.10/site-packages/Lidar/__init__.py to __init__.cpython-310.pyc
running install_data
creating /home/ubuntu/Quadrupedal490_ws/install/Lidar/share/ament_index
creating /home/ubuntu/Quadrupedal490_ws/install/Lidar/share/ament_index/resource_index
creating /home/ubuntu/Quadrupedal490_ws/install/Lidar/share/ament_index/resource_index/packages
copying resource/Lidar -> /home/ubuntu/Quadrupedal490_ws/install/Lidar/share/ament_index/resource_index/packages
copying package.xml -> /home/ubuntu/Quadrupedal490_ws/install/Lidar/share/Lidar
running install_egg_info
Copying ../../build/Lidar/Lidar.egg-info to /home/ubuntu/Quadrupedal490_ws/install/Lidar/lib/python3.10/site-packages/Lidar-0.0.0-py3.10.egg-info
running install_scripts
Installing lidar_scan script to /home/ubuntu/Quadrupedal490_ws/install/Lidar/lib/Lidar
writing list of installed files to '/home/ubuntu/Quadrupedal490_ws/build/Lidar/install.log'
