[7.278s] Invoking command in '/home/ubuntu/Quadrupedal490_ws/src/Lidar': PYTHONPATH=/home/ubuntu/Quadrupedal490_ws/build/Lidar/prefix_override:/home/ubuntu/Quadrupedal490_ws/install/Lidar/lib/python3.10/site-packages:${PYTHONPATH} /usr/bin/python3 setup.py egg_info --egg-base ../../build/Lidar build --build-base /home/ubuntu/Quadrupedal490_ws/build/Lidar/build install --record /home/ubuntu/Quadrupedal490_ws/build/Lidar/install.log --single-version-externally-managed
[9.126s] running egg_info
[9.129s] writing ../../build/Lidar/Lidar.egg-info/PKG-INFO
[9.136s] writing dependency_links to ../../build/Lidar/Lidar.egg-info/dependency_links.txt
[9.138s] writing entry points to ../../build/Lidar/Lidar.egg-info/entry_points.txt
[9.139s] writing requirements to ../../build/Lidar/Lidar.egg-info/requires.txt
[9.140s] writing top-level names to ../../build/Lidar/Lidar.egg-info/top_level.txt
[9.153s] reading manifest file '../../build/Lidar/Lidar.egg-info/SOURCES.txt'
[9.165s] writing manifest file '../../build/Lidar/Lidar.egg-info/SOURCES.txt'
[9.165s] running build
[9.166s] running build_py
[9.171s] running install
[9.172s] /usr/lib/python3/dist-packages/setuptools/command/install.py:34: SetuptoolsDeprecationWarning: setup.py install is deprecated. Use build and pip and other standards-based tools.
[9.173s]   warnings.warn(
[9.174s] running install_lib
[9.181s] running install_data
[9.185s] running install_egg_info
[9.192s] removing '/home/ubuntu/Quadrupedal490_ws/install/Lidar/lib/python3.10/site-packages/Lidar-0.0.0-py3.10.egg-info' (and everything under it)
[9.195s] Copying ../../build/Lidar/Lidar.egg-info to /home/ubuntu/Quadrupedal490_ws/install/Lidar/lib/python3.10/site-packages/Lidar-0.0.0-py3.10.egg-info
[9.204s] running install_scripts
[9.318s] Installing lidar_scan script to /home/ubuntu/Quadrupedal490_ws/install/Lidar/lib/Lidar
[9.330s] writing list of installed files to '/home/ubuntu/Quadrupedal490_ws/build/Lidar/install.log'
[9.498s] Invoked command in '/home/ubuntu/Quadrupedal490_ws/src/Lidar' returned '0': PYTHONPATH=/home/ubuntu/Quadrupedal490_ws/build/Lidar/prefix_override:/home/ubuntu/Quadrupedal490_ws/install/Lidar/lib/python3.10/site-packages:${PYTHONPATH} /usr/bin/python3 setup.py egg_info --egg-base ../../build/Lidar build --build-base /home/ubuntu/Quadrupedal490_ws/build/Lidar/build install --record /home/ubuntu/Quadrupedal490_ws/build/Lidar/install.log --single-version-externally-managed
