running egg_info
writing ../../build/Lidar/Lidar.egg-info/PKG-INFO
writing dependency_links to ../../build/Lidar/Lidar.egg-info/dependency_links.txt
writing entry points to ../../build/Lidar/Lidar.egg-info/entry_points.txt
writing requirements to ../../build/Lidar/Lidar.egg-info/requires.txt
writing top-level names to ../../build/Lidar/Lidar.egg-info/top_level.txt
reading manifest file '../../build/Lidar/Lidar.egg-info/SOURCES.txt'
writing manifest file '../../build/Lidar/Lidar.egg-info/SOURCES.txt'
running build
running build_py
/usr/lib/python3/dist-packages/setuptools/command/install.py:34: SetuptoolsDeprecationWarning: setup.py install is deprecated. Use build and pip and other standards-based tools.
  warnings.warn(
running install
running install_lib
running install_data
running install_egg_info
removing '/home/ubuntu/Quadrupedal490_ws/install/Lidar/lib/python3.10/site-packages/Lidar-0.0.0-py3.10.egg-info' (and everything under it)
Copying ../../build/Lidar/Lidar.egg-info to /home/ubuntu/Quadrupedal490_ws/install/Lidar/lib/python3.10/site-packages/Lidar-0.0.0-py3.10.egg-info
running install_scripts
Installing lidar_plot script to /home/ubuntu/Quadrupedal490_ws/install/Lidar/lib/Lidar
Installing lidar_scan script to /home/ubuntu/Quadrupedal490_ws/install/Lidar/lib/Lidar
writing list of installed files to '/home/ubuntu/Quadrupedal490_ws/build/Lidar/install.log'
