[5.202s] Invoking command in '/home/ubuntu/Quadrupedal490_ws/src/Lidar': PYTHONPATH=/home/ubuntu/Quadrupedal490_ws/build/Lidar/prefix_override:/home/ubuntu/Quadrupedal490_ws/install/Lidar/lib/python3.10/site-packages:${PYTHONPATH} /usr/bin/python3 setup.py egg_info --egg-base ../../build/Lidar build --build-base /home/ubuntu/Quadrupedal490_ws/build/Lidar/build install --record /home/ubuntu/Quadrupedal490_ws/build/Lidar/install.log --single-version-externally-managed
[6.576s] running egg_info
[6.578s] writing ../../build/Lidar/Lidar.egg-info/PKG-INFO
[6.580s] writing dependency_links to ../../build/Lidar/Lidar.egg-info/dependency_links.txt
[6.581s] writing entry points to ../../build/Lidar/Lidar.egg-info/entry_points.txt
[6.582s] writing requirements to ../../build/Lidar/Lidar.egg-info/requires.txt
[6.582s] writing top-level names to ../../build/Lidar/Lidar.egg-info/top_level.txt
[6.595s] reading manifest file '../../build/Lidar/Lidar.egg-info/SOURCES.txt'
[6.604s] writing manifest file '../../build/Lidar/Lidar.egg-info/SOURCES.txt'
[6.606s] running build
[6.610s] running build_py
[6.611s] copying Lidar/lidar_scan.py -> /home/ubuntu/Quadrupedal490_ws/build/Lidar/build/lib/Lidar
[6.611s] running install
[6.615s] /usr/lib/python3/dist-packages/setuptools/command/install.py:34: SetuptoolsDeprecationWarning: setup.py install is deprecated. Use build and pip and other standards-based tools.
[6.617s]   warnings.warn(
[6.623s] running install_lib
[6.627s] copying /home/ubuntu/Quadrupedal490_ws/build/Lidar/build/lib/Lidar/lidar_scan.py -> /home/ubuntu/Quadrupedal490_ws/install/Lidar/lib/python3.10/site-packages/Lidar
[6.630s] byte-compiling /home/ubuntu/Quadrupedal490_ws/install/Lidar/lib/python3.10/site-packages/Lidar/lidar_scan.py to lidar_scan.cpython-310.pyc
[6.632s] running install_data
[6.635s] running install_egg_info
[6.642s] removing '/home/ubuntu/Quadrupedal490_ws/install/Lidar/lib/python3.10/site-packages/Lidar-0.0.0-py3.10.egg-info' (and everything under it)
[6.644s] Copying ../../build/Lidar/Lidar.egg-info to /home/ubuntu/Quadrupedal490_ws/install/Lidar/lib/python3.10/site-packages/Lidar-0.0.0-py3.10.egg-info
[6.653s] running install_scripts
[6.744s] Installing lidar_scan script to /home/ubuntu/Quadrupedal490_ws/install/Lidar/lib/Lidar
[6.746s] writing list of installed files to '/home/ubuntu/Quadrupedal490_ws/build/Lidar/install.log'
[6.895s] Invoked command in '/home/ubuntu/Quadrupedal490_ws/src/Lidar' returned '0': PYTHONPATH=/home/ubuntu/Quadrupedal490_ws/build/Lidar/prefix_override:/home/ubuntu/Quadrupedal490_ws/install/Lidar/lib/python3.10/site-packages:${PYTHONPATH} /usr/bin/python3 setup.py egg_info --egg-base ../../build/Lidar build --build-base /home/ubuntu/Quadrupedal490_ws/build/Lidar/build install --record /home/ubuntu/Quadrupedal490_ws/build/Lidar/install.log --single-version-externally-managed
