[4.920s] DEBUG:colcon:Command line arguments: ['/usr/bin/colcon', 'build']
[4.921s] DEBUG:colcon:Parsed command line arguments: Namespace(log_base=None, log_level=None, verb_name='build', build_base='build', install_base='install', merge_install=False, symlink_install=False, test_result_base=None, continue_on_error=False, executor='parallel', parallel_workers=4, event_handlers=None, ignore_user_meta=False, metas=['./colcon.meta'], base_paths=['.'], packages_ignore=None, packages_ignore_regex=None, paths=None, packages_up_to=None, packages_up_to_regex=None, packages_above=None, packages_above_and_dependencies=None, packages_above_depth=None, packages_select_by_dep=None, packages_skip_by_dep=None, packages_skip_up_to=None, packages_select_build_failed=False, packages_skip_build_finished=False, packages_select_test_failures=False, packages_skip_test_passed=False, packages_select=None, packages_skip=None, packages_select_regex=None, packages_skip_regex=None, packages_start=None, packages_end=None, allow_overriding=[], cmake_args=None, cmake_target=None, cmake_target_skip_unavailable=False, cmake_clean_cache=False, cmake_clean_first=False, cmake_force_configure=False, ament_cmake_args=None, catkin_cmake_args=None, catkin_skip_building_tests=False, verb_parser=<colcon_defaults.argument_parser.defaults.DefaultArgumentsDecorator object at 0xffffb1d18550>, verb_extension=<colcon_core.verb.build.BuildVerb object at 0xffffb2207760>, main=<bound method BuildVerb.main of <colcon_core.verb.build.BuildVerb object at 0xffffb2207760>>)
[5.143s] Level 1:colcon.colcon_core.package_discovery:discover_packages(colcon_meta) check parameters
[5.143s] Level 1:colcon.colcon_core.package_discovery:discover_packages(recursive) check parameters
[5.143s] Level 1:colcon.colcon_core.package_discovery:discover_packages(ignore) check parameters
[5.144s] Level 1:colcon.colcon_core.package_discovery:discover_packages(path) check parameters
[5.144s] Level 1:colcon.colcon_core.package_discovery:discover_packages(colcon_meta) discover
[5.144s] Level 1:colcon.colcon_core.package_discovery:discover_packages(recursive) discover
[5.144s] INFO:colcon.colcon_core.package_discovery:Crawling recursively for packages in '/home/ubuntu/Quadrupedal490_ws/src/Lidar/Lidar'
[5.145s] Level 1:colcon.colcon_core.package_identification:_identify(.) by extensions ['ignore', 'ignore_ament_install']
[5.145s] Level 1:colcon.colcon_core.package_identification:_identify(.) by extension 'ignore'
[5.145s] Level 1:colcon.colcon_core.package_identification:_identify(.) by extension 'ignore_ament_install'
[5.145s] Level 1:colcon.colcon_core.package_identification:_identify(.) by extensions ['colcon_pkg']
[5.146s] Level 1:colcon.colcon_core.package_identification:_identify(.) by extension 'colcon_pkg'
[5.146s] Level 1:colcon.colcon_core.package_identification:_identify(.) by extensions ['colcon_meta']
[5.146s] Level 1:colcon.colcon_core.package_identification:_identify(.) by extension 'colcon_meta'
[5.146s] Level 1:colcon.colcon_core.package_identification:_identify(.) by extensions ['ros']
[5.146s] Level 1:colcon.colcon_core.package_identification:_identify(.) by extension 'ros'
[5.191s] Level 1:colcon.colcon_core.package_identification:_identify(.) by extensions ['cmake', 'python']
[5.191s] Level 1:colcon.colcon_core.package_identification:_identify(.) by extension 'cmake'
[5.191s] Level 1:colcon.colcon_core.package_identification:_identify(.) by extension 'python'
[5.192s] Level 1:colcon.colcon_core.package_identification:_identify(.) by extensions ['python_setup_py']
[5.192s] Level 1:colcon.colcon_core.package_identification:_identify(.) by extension 'python_setup_py'
[5.192s] Level 1:colcon.colcon_core.package_identification:_identify(build) by extensions ['ignore', 'ignore_ament_install']
[5.193s] Level 1:colcon.colcon_core.package_identification:_identify(build) by extension 'ignore'
[5.193s] Level 1:colcon.colcon_core.package_identification:_identify(build) ignored
[5.194s] Level 1:colcon.colcon_core.package_identification:_identify(install) by extensions ['ignore', 'ignore_ament_install']
[5.194s] Level 1:colcon.colcon_core.package_identification:_identify(install) by extension 'ignore'
[5.194s] Level 1:colcon.colcon_core.package_identification:_identify(install) ignored
[5.195s] Level 1:colcon.colcon_core.package_identification:_identify(log) by extensions ['ignore', 'ignore_ament_install']
[5.195s] Level 1:colcon.colcon_core.package_identification:_identify(log) by extension 'ignore'
[5.195s] Level 1:colcon.colcon_core.package_identification:_identify(log) ignored
[5.195s] Level 1:colcon.colcon_core.package_discovery:discover_packages(recursive) using defaults
[5.195s] Level 1:colcon.colcon_core.package_discovery:discover_packages(ignore) discover
[5.196s] Level 1:colcon.colcon_core.package_discovery:discover_packages(ignore) using defaults
[5.196s] Level 1:colcon.colcon_core.package_discovery:discover_packages(path) discover
[5.196s] Level 1:colcon.colcon_core.package_discovery:discover_packages(path) using defaults
[5.623s] Level 1:colcon.colcon_core.package_discovery:discover_packages(prefix_path) check parameters
[5.623s] Level 1:colcon.colcon_core.package_discovery:discover_packages(prefix_path) discover
[5.769s] DEBUG:colcon.colcon_installed_package_information.package_discovery:Found 1 installed packages in /home/ubuntu/Quadrupedal490_ws/install
[5.846s] DEBUG:colcon.colcon_installed_package_information.package_discovery:Found 281 installed packages in /opt/ros/iron
[5.852s] Level 1:colcon.colcon_core.package_discovery:discover_packages(prefix_path) using defaults
[6.260s] INFO:colcon.colcon_core.executor:Executing jobs using 'parallel' executor
[6.333s] DEBUG:colcon.colcon_parallel_executor.executor.parallel:run_until_complete
[6.334s] DEBUG:colcon.colcon_parallel_executor.executor.parallel:closing loop
[6.334s] DEBUG:colcon.colcon_parallel_executor.executor.parallel:loop closed
[6.335s] DEBUG:colcon.colcon_parallel_executor.executor.parallel:run_until_complete finished with '0'
[6.335s] DEBUG:colcon.colcon_core.event_reactor:joining thread
[6.426s] INFO:colcon.colcon_core.plugin_system:Skipping extension 'colcon_notification.desktop_notification.terminal_notifier': Not used on non-Darwin systems
[6.426s] INFO:colcon.colcon_core.plugin_system:Skipping extension 'colcon_notification.desktop_notification.win32': Not used on non-Windows systems
[6.426s] INFO:colcon.colcon_notification.desktop_notification:Sending desktop notification using 'notify2'
[6.428s] DEBUG:colcon.colcon_notification.desktop_notification.notify2:Failed to initialize notify2: org.freedesktop.DBus.Error.NoReply: Did not receive a reply. Possible causes include: the remote application did not send a reply, the message bus security policy blocked the reply, the reply timeout expired, or the network connection was broken.
[6.428s] DEBUG:colcon.colcon_core.event_reactor:joined thread
[6.509s] INFO:colcon.colcon_core.plugin_system:Skipping extension 'colcon_core.shell.bat': Not used on non-Windows systems
[6.510s] INFO:colcon.colcon_core.shell:Creating prefix script '/home/ubuntu/Quadrupedal490_ws/src/Lidar/Lidar/install/local_setup.ps1'
[6.514s] INFO:colcon.colcon_core.shell:Creating prefix util module '/home/ubuntu/Quadrupedal490_ws/src/Lidar/Lidar/install/_local_setup_util_ps1.py'
[6.520s] INFO:colcon.colcon_core.shell:Creating prefix chain script '/home/ubuntu/Quadrupedal490_ws/src/Lidar/Lidar/install/setup.ps1'
[6.593s] INFO:colcon.colcon_core.shell:Creating prefix script '/home/ubuntu/Quadrupedal490_ws/src/Lidar/Lidar/install/local_setup.sh'
[6.596s] INFO:colcon.colcon_core.shell:Creating prefix util module '/home/ubuntu/Quadrupedal490_ws/src/Lidar/Lidar/install/_local_setup_util_sh.py'
[6.598s] INFO:colcon.colcon_core.shell:Creating prefix chain script '/home/ubuntu/Quadrupedal490_ws/src/Lidar/Lidar/install/setup.sh'
