[38.321s] DEBUG:colcon:Command line arguments: ['/usr/bin/colcon', 'build']
[38.326s] DEBUG:colcon:Parsed command line arguments: Namespace(log_base=None, log_level=None, verb_name='build', build_base='build', install_base='install', merge_install=False, symlink_install=False, test_result_base=None, continue_on_error=False, executor='parallel', parallel_workers=4, event_handlers=None, ignore_user_meta=False, metas=['./colcon.meta'], base_paths=['.'], packages_ignore=None, packages_ignore_regex=None, paths=None, packages_up_to=None, packages_up_to_regex=None, packages_above=None, packages_above_and_dependencies=None, packages_above_depth=None, packages_select_by_dep=None, packages_skip_by_dep=None, packages_skip_up_to=None, packages_select_build_failed=False, packages_skip_build_finished=False, packages_select_test_failures=False, packages_skip_test_passed=False, packages_select=None, packages_skip=None, packages_select_regex=None, packages_skip_regex=None, packages_start=None, packages_end=None, allow_overriding=[], cmake_args=None, cmake_target=None, cmake_target_skip_unavailable=False, cmake_clean_cache=False, cmake_clean_first=False, cmake_force_configure=False, ament_cmake_args=None, catkin_cmake_args=None, catkin_skip_building_tests=False, verb_parser=<colcon_defaults.argument_parser.defaults.DefaultArgumentsDecorator object at 0xffffb19862f0>, verb_extension=<colcon_core.verb.build.BuildVerb object at 0xffffb1e5ff10>, main=<bound method BuildVerb.main of <colcon_core.verb.build.BuildVerb object at 0xffffb1e5ff10>>)
[38.843s] Level 1:colcon.colcon_core.package_discovery:discover_packages(colcon_meta) check parameters
[38.844s] Level 1:colcon.colcon_core.package_discovery:discover_packages(recursive) check parameters
[38.844s] Level 1:colcon.colcon_core.package_discovery:discover_packages(ignore) check parameters
[38.844s] Level 1:colcon.colcon_core.package_discovery:discover_packages(path) check parameters
[38.845s] Level 1:colcon.colcon_core.package_discovery:discover_packages(colcon_meta) discover
[38.845s] Level 1:colcon.colcon_core.package_discovery:discover_packages(recursive) discover
[38.845s] INFO:colcon.colcon_core.package_discovery:Crawling recursively for packages in '/home/ubuntu/Quadrupedal490_ws'
[38.846s] Level 1:colcon.colcon_core.package_identification:_identify(.) by extensions ['ignore', 'ignore_ament_install']
[38.846s] Level 1:colcon.colcon_core.package_identification:_identify(.) by extension 'ignore'
[38.846s] Level 1:colcon.colcon_core.package_identification:_identify(.) by extension 'ignore_ament_install'
[38.847s] Level 1:colcon.colcon_core.package_identification:_identify(.) by extensions ['colcon_pkg']
[38.847s] Level 1:colcon.colcon_core.package_identification:_identify(.) by extension 'colcon_pkg'
[38.847s] Level 1:colcon.colcon_core.package_identification:_identify(.) by extensions ['colcon_meta']
[38.848s] Level 1:colcon.colcon_core.package_identification:_identify(.) by extension 'colcon_meta'
[38.848s] Level 1:colcon.colcon_core.package_identification:_identify(.) by extensions ['ros']
[38.848s] Level 1:colcon.colcon_core.package_identification:_identify(.) by extension 'ros'
[38.933s] Level 1:colcon.colcon_core.package_identification:_identify(.) by extensions ['cmake', 'python']
[38.933s] Level 1:colcon.colcon_core.package_identification:_identify(.) by extension 'cmake'
[38.934s] Level 1:colcon.colcon_core.package_identification:_identify(.) by extension 'python'
[38.934s] Level 1:colcon.colcon_core.package_identification:_identify(.) by extensions ['python_setup_py']
[38.934s] Level 1:colcon.colcon_core.package_identification:_identify(.) by extension 'python_setup_py'
[38.935s] Level 1:colcon.colcon_core.package_identification:_identify(build) by extensions ['ignore', 'ignore_ament_install']
[38.935s] Level 1:colcon.colcon_core.package_identification:_identify(build) by extension 'ignore'
[38.935s] Level 1:colcon.colcon_core.package_identification:_identify(build) ignored
[38.936s] Level 1:colcon.colcon_core.package_identification:_identify(install) by extensions ['ignore', 'ignore_ament_install']
[38.937s] Level 1:colcon.colcon_core.package_identification:_identify(install) by extension 'ignore'
[38.937s] Level 1:colcon.colcon_core.package_identification:_identify(install) ignored
[38.937s] Level 1:colcon.colcon_core.package_identification:_identify(log) by extensions ['ignore', 'ignore_ament_install']
[38.938s] Level 1:colcon.colcon_core.package_identification:_identify(log) by extension 'ignore'
[38.938s] Level 1:colcon.colcon_core.package_identification:_identify(log) ignored
[38.941s] Level 1:colcon.colcon_core.package_identification:_identify(src) by extensions ['ignore', 'ignore_ament_install']
[38.942s] Level 1:colcon.colcon_core.package_identification:_identify(src) by extension 'ignore'
[38.942s] Level 1:colcon.colcon_core.package_identification:_identify(src) by extension 'ignore_ament_install'
[38.942s] Level 1:colcon.colcon_core.package_identification:_identify(src) by extensions ['colcon_pkg']
[38.942s] Level 1:colcon.colcon_core.package_identification:_identify(src) by extension 'colcon_pkg'
[38.943s] Level 1:colcon.colcon_core.package_identification:_identify(src) by extensions ['colcon_meta']
[38.943s] Level 1:colcon.colcon_core.package_identification:_identify(src) by extension 'colcon_meta'
[38.943s] Level 1:colcon.colcon_core.package_identification:_identify(src) by extensions ['ros']
[38.943s] Level 1:colcon.colcon_core.package_identification:_identify(src) by extension 'ros'
[38.944s] Level 1:colcon.colcon_core.package_identification:_identify(src) by extensions ['cmake', 'python']
[38.944s] Level 1:colcon.colcon_core.package_identification:_identify(src) by extension 'cmake'
[38.944s] Level 1:colcon.colcon_core.package_identification:_identify(src) by extension 'python'
[38.944s] Level 1:colcon.colcon_core.package_identification:_identify(src) by extensions ['python_setup_py']
[38.944s] Level 1:colcon.colcon_core.package_identification:_identify(src) by extension 'python_setup_py'
[38.945s] Level 1:colcon.colcon_core.package_identification:_identify(src/Lidar) by extensions ['ignore', 'ignore_ament_install']
[38.946s] Level 1:colcon.colcon_core.package_identification:_identify(src/Lidar) by extension 'ignore'
[38.946s] Level 1:colcon.colcon_core.package_identification:_identify(src/Lidar) by extension 'ignore_ament_install'
[38.947s] Level 1:colcon.colcon_core.package_identification:_identify(src/Lidar) by extensions ['colcon_pkg']
[38.947s] Level 1:colcon.colcon_core.package_identification:_identify(src/Lidar) by extension 'colcon_pkg'
[38.947s] Level 1:colcon.colcon_core.package_identification:_identify(src/Lidar) by extensions ['colcon_meta']
[38.947s] Level 1:colcon.colcon_core.package_identification:_identify(src/Lidar) by extension 'colcon_meta'
[38.947s] Level 1:colcon.colcon_core.package_identification:_identify(src/Lidar) by extensions ['ros']
[38.948s] Level 1:colcon.colcon_core.package_identification:_identify(src/Lidar) by extension 'ros'
[38.972s] DEBUG:colcon.colcon_core.package_identification:Package 'src/Lidar' with type 'ros.ament_python' and name 'Lidar'
[38.973s] Level 1:colcon.colcon_core.package_discovery:discover_packages(recursive) using defaults
[38.973s] Level 1:colcon.colcon_core.package_discovery:discover_packages(ignore) discover
[38.973s] Level 1:colcon.colcon_core.package_discovery:discover_packages(ignore) using defaults
[38.973s] Level 1:colcon.colcon_core.package_discovery:discover_packages(path) discover
[38.974s] Level 1:colcon.colcon_core.package_discovery:discover_packages(path) using defaults
[40.224s] Level 1:colcon.colcon_core.package_discovery:discover_packages(prefix_path) check parameters
[40.224s] Level 1:colcon.colcon_core.package_discovery:discover_packages(prefix_path) discover
[40.564s] DEBUG:colcon.colcon_installed_package_information.package_discovery:Found 1 installed packages in /home/ubuntu/Quadrupedal490_ws/install
[40.663s] DEBUG:colcon.colcon_installed_package_information.package_discovery:Found 281 installed packages in /opt/ros/iron
[40.670s] Level 1:colcon.colcon_core.package_discovery:discover_packages(prefix_path) using defaults
[41.334s] Level 5:colcon.colcon_core.verb:set package 'Lidar' build argument 'cmake_args' from command line to 'None'
[41.335s] Level 5:colcon.colcon_core.verb:set package 'Lidar' build argument 'cmake_target' from command line to 'None'
[41.335s] Level 5:colcon.colcon_core.verb:set package 'Lidar' build argument 'cmake_target_skip_unavailable' from command line to 'False'
[41.335s] Level 5:colcon.colcon_core.verb:set package 'Lidar' build argument 'cmake_clean_cache' from command line to 'False'
[41.335s] Level 5:colcon.colcon_core.verb:set package 'Lidar' build argument 'cmake_clean_first' from command line to 'False'
[41.336s] Level 5:colcon.colcon_core.verb:set package 'Lidar' build argument 'cmake_force_configure' from command line to 'False'
[41.336s] Level 5:colcon.colcon_core.verb:set package 'Lidar' build argument 'ament_cmake_args' from command line to 'None'
[41.336s] Level 5:colcon.colcon_core.verb:set package 'Lidar' build argument 'catkin_cmake_args' from command line to 'None'
[41.336s] Level 5:colcon.colcon_core.verb:set package 'Lidar' build argument 'catkin_skip_building_tests' from command line to 'False'
[41.336s] DEBUG:colcon.colcon_core.verb:Building package 'Lidar' with the following arguments: {'ament_cmake_args': None, 'build_base': '/home/ubuntu/Quadrupedal490_ws/build/Lidar', 'catkin_cmake_args': None, 'catkin_skip_building_tests': False, 'cmake_args': None, 'cmake_clean_cache': False, 'cmake_clean_first': False, 'cmake_force_configure': False, 'cmake_target': None, 'cmake_target_skip_unavailable': False, 'install_base': '/home/ubuntu/Quadrupedal490_ws/install/Lidar', 'merge_install': False, 'path': '/home/ubuntu/Quadrupedal490_ws/src/Lidar', 'symlink_install': False, 'test_result_base': None}
[41.406s] INFO:colcon.colcon_core.executor:Executing jobs using 'parallel' executor
[41.490s] DEBUG:colcon.colcon_parallel_executor.executor.parallel:run_until_complete
[41.491s] INFO:colcon.colcon_ros.task.ament_python.build:Building ROS package in '/home/ubuntu/Quadrupedal490_ws/src/Lidar' with build type 'ament_python'
[41.492s] Level 1:colcon.colcon_core.shell:create_environment_hook('Lidar', 'ament_prefix_path')
[41.659s] INFO:colcon.colcon_core.plugin_system:Skipping extension 'colcon_core.shell.bat': Not used on non-Windows systems
[41.661s] INFO:colcon.colcon_core.shell:Creating environment hook '/home/ubuntu/Quadrupedal490_ws/install/Lidar/share/Lidar/hook/ament_prefix_path.ps1'
[41.706s] INFO:colcon.colcon_core.shell:Creating environment descriptor '/home/ubuntu/Quadrupedal490_ws/install/Lidar/share/Lidar/hook/ament_prefix_path.dsv'
[41.722s] INFO:colcon.colcon_core.shell:Creating environment hook '/home/ubuntu/Quadrupedal490_ws/install/Lidar/share/Lidar/hook/ament_prefix_path.sh'
[41.828s] INFO:colcon.colcon_core.shell:Skip shell extension 'powershell' for command environment: Not usable outside of PowerShell
[41.829s] DEBUG:colcon.colcon_core.shell:Skip shell extension 'dsv' for command environment
[50.945s] INFO:colcon.colcon_core.task.python.build:Building Python package in '/home/ubuntu/Quadrupedal490_ws/src/Lidar'
[51.046s] INFO:colcon.colcon_core.shell:Skip shell extension 'powershell' for command environment: Not usable outside of PowerShell
[51.048s] DEBUG:colcon.colcon_core.shell:Skip shell extension 'dsv' for command environment
[55.314s] DEBUG:colcon.colcon_core.event_handler.log_command:Invoking command in '/home/ubuntu/Quadrupedal490_ws/src/Lidar': PYTHONPATH=/home/ubuntu/Quadrupedal490_ws/build/Lidar/prefix_override:/home/ubuntu/Quadrupedal490_ws/install/Lidar/lib/python3.10/site-packages:${PYTHONPATH} /usr/bin/python3 setup.py egg_info --egg-base ../../build/Lidar build --build-base /home/ubuntu/Quadrupedal490_ws/build/Lidar/build install --record /home/ubuntu/Quadrupedal490_ws/build/Lidar/install.log --single-version-externally-managed
[57.435s] DEBUG:colcon.colcon_core.event_handler.log_command:Invoked command in '/home/ubuntu/Quadrupedal490_ws/src/Lidar' returned '0': PYTHONPATH=/home/ubuntu/Quadrupedal490_ws/build/Lidar/prefix_override:/home/ubuntu/Quadrupedal490_ws/install/Lidar/lib/python3.10/site-packages:${PYTHONPATH} /usr/bin/python3 setup.py egg_info --egg-base ../../build/Lidar build --build-base /home/ubuntu/Quadrupedal490_ws/build/Lidar/build install --record /home/ubuntu/Quadrupedal490_ws/build/Lidar/install.log --single-version-externally-managed
[57.928s] Level 1:colcon.colcon_core.environment:checking '/home/ubuntu/Quadrupedal490_ws/install/Lidar' for CMake module files
[57.933s] Level 1:colcon.colcon_core.environment:checking '/home/ubuntu/Quadrupedal490_ws/install/Lidar' for CMake config files
[57.945s] Level 1:colcon.colcon_core.environment:checking '/home/ubuntu/Quadrupedal490_ws/install/Lidar/lib'
[57.947s] Level 1:colcon.colcon_core.environment:checking '/home/ubuntu/Quadrupedal490_ws/install/Lidar/bin'
[57.947s] Level 1:colcon.colcon_core.environment:checking '/home/ubuntu/Quadrupedal490_ws/install/Lidar/lib/pkgconfig/Lidar.pc'
[57.948s] Level 1:colcon.colcon_core.environment:checking '/home/ubuntu/Quadrupedal490_ws/install/Lidar/lib/python3.10/site-packages'
[57.949s] Level 1:colcon.colcon_core.shell:create_environment_hook('Lidar', 'pythonpath')
[58.185s] INFO:colcon.colcon_core.shell:Creating environment hook '/home/ubuntu/Quadrupedal490_ws/install/Lidar/share/Lidar/hook/pythonpath.ps1'
[58.213s] INFO:colcon.colcon_core.shell:Creating environment descriptor '/home/ubuntu/Quadrupedal490_ws/install/Lidar/share/Lidar/hook/pythonpath.dsv'
[58.223s] INFO:colcon.colcon_core.shell:Creating environment hook '/home/ubuntu/Quadrupedal490_ws/install/Lidar/share/Lidar/hook/pythonpath.sh'
[58.234s] Level 1:colcon.colcon_core.environment:checking '/home/ubuntu/Quadrupedal490_ws/install/Lidar/bin'
[58.235s] Level 1:colcon.colcon_core.environment:create_environment_scripts_only(Lidar)
[58.366s] INFO:colcon.colcon_core.shell:Creating package script '/home/ubuntu/Quadrupedal490_ws/install/Lidar/share/Lidar/package.ps1'
[58.377s] INFO:colcon.colcon_core.shell:Creating package descriptor '/home/ubuntu/Quadrupedal490_ws/install/Lidar/share/Lidar/package.dsv'
[58.385s] INFO:colcon.colcon_core.shell:Creating package script '/home/ubuntu/Quadrupedal490_ws/install/Lidar/share/Lidar/package.sh'
[58.394s] INFO:colcon.colcon_core.shell:Creating package script '/home/ubuntu/Quadrupedal490_ws/install/Lidar/share/Lidar/package.bash'
[58.414s] INFO:colcon.colcon_core.shell:Creating package script '/home/ubuntu/Quadrupedal490_ws/install/Lidar/share/Lidar/package.zsh'
[58.440s] Level 1:colcon.colcon_core.environment:create_file_with_runtime_dependencies(/home/ubuntu/Quadrupedal490_ws/install/Lidar/share/colcon-core/packages/Lidar)
[58.444s] DEBUG:colcon.colcon_parallel_executor.executor.parallel:closing loop
[58.446s] DEBUG:colcon.colcon_parallel_executor.executor.parallel:loop closed
[58.449s] DEBUG:colcon.colcon_parallel_executor.executor.parallel:run_until_complete finished with '0'
[58.450s] DEBUG:colcon.colcon_core.event_reactor:joining thread
[58.908s] INFO:colcon.colcon_core.plugin_system:Skipping extension 'colcon_notification.desktop_notification.terminal_notifier': Not used on non-Darwin systems
[58.915s] INFO:colcon.colcon_core.plugin_system:Skipping extension 'colcon_notification.desktop_notification.win32': Not used on non-Windows systems
[58.916s] INFO:colcon.colcon_notification.desktop_notification:Sending desktop notification using 'notify2'
[58.918s] DEBUG:colcon.colcon_notification.desktop_notification.notify2:Failed to initialize notify2: org.freedesktop.DBus.Error.NoReply: Did not receive a reply. Possible causes include: the remote application did not send a reply, the message bus security policy blocked the reply, the reply timeout expired, or the network connection was broken.
[58.919s] DEBUG:colcon.colcon_core.event_reactor:joined thread
[59.014s] INFO:colcon.colcon_core.shell:Creating prefix script '/home/ubuntu/Quadrupedal490_ws/install/local_setup.ps1'
[59.034s] INFO:colcon.colcon_core.shell:Creating prefix util module '/home/ubuntu/Quadrupedal490_ws/install/_local_setup_util_ps1.py'
[59.048s] INFO:colcon.colcon_core.shell:Creating prefix chain script '/home/ubuntu/Quadrupedal490_ws/install/setup.ps1'
[59.142s] INFO:colcon.colcon_core.shell:Creating prefix script '/home/ubuntu/Quadrupedal490_ws/install/local_setup.sh'
[59.152s] INFO:colcon.colcon_core.shell:Creating prefix util module '/home/ubuntu/Quadrupedal490_ws/install/_local_setup_util_sh.py'
[59.156s] INFO:colcon.colcon_core.shell:Creating prefix chain script '/home/ubuntu/Quadrupedal490_ws/install/setup.sh'
[59.261s] INFO:colcon.colcon_core.shell:Creating prefix script '/home/ubuntu/Quadrupedal490_ws/install/local_setup.bash'
[59.269s] INFO:colcon.colcon_core.shell:Creating prefix chain script '/home/ubuntu/Quadrupedal490_ws/install/setup.bash'
[59.390s] INFO:colcon.colcon_core.shell:Creating prefix script '/home/ubuntu/Quadrupedal490_ws/install/local_setup.zsh'
[59.398s] INFO:colcon.colcon_core.shell:Creating prefix chain script '/home/ubuntu/Quadrupedal490_ws/install/setup.zsh'
