[7.092s] Invoking command in '/home/ubuntu/Quadrupedal490_ws/src/Lidar': PYTHONPATH=/home/ubuntu/Quadrupedal490_ws/build/Lidar/prefix_override:/home/ubuntu/Quadrupedal490_ws/install/Lidar/lib/python3.10/site-packages:${PYTHONPATH} /usr/bin/python3 setup.py egg_info --egg-base ../../build/Lidar build --build-base /home/ubuntu/Quadrupedal490_ws/build/Lidar/build install --record /home/ubuntu/Quadrupedal490_ws/build/Lidar/install.log --single-version-externally-managed
[8.908s] running egg_info
[8.910s] writing ../../build/Lidar/Lidar.egg-info/PKG-INFO
[8.918s] writing dependency_links to ../../build/Lidar/Lidar.egg-info/dependency_links.txt
[8.930s] writing entry points to ../../build/Lidar/Lidar.egg-info/entry_points.txt
[8.934s] writing requirements to ../../build/Lidar/Lidar.egg-info/requires.txt
[8.939s] writing top-level names to ../../build/Lidar/Lidar.egg-info/top_level.txt
[8.973s] reading manifest file '../../build/Lidar/Lidar.egg-info/SOURCES.txt'
[8.988s] writing manifest file '../../build/Lidar/Lidar.egg-info/SOURCES.txt'
[8.990s] running build
[8.992s] running build_py
[8.996s] running install
[8.998s] /usr/lib/python3/dist-packages/setuptools/command/install.py:34: SetuptoolsDeprecationWarning: setup.py install is deprecated. Use build and pip and other standards-based tools.
[8.999s]   warnings.warn(
[9.002s] running install_lib
[9.020s] running install_data
[9.033s] running install_egg_info
[9.051s] removing '/home/ubuntu/Quadrupedal490_ws/install/Lidar/lib/python3.10/site-packages/Lidar-0.0.0-py3.10.egg-info' (and everything under it)
[9.053s] Copying ../../build/Lidar/Lidar.egg-info to /home/ubuntu/Quadrupedal490_ws/install/Lidar/lib/python3.10/site-packages/Lidar-0.0.0-py3.10.egg-info
[9.064s] running install_scripts
[9.190s] Installing lidar_scan script to /home/ubuntu/Quadrupedal490_ws/install/Lidar/lib/Lidar
[9.197s] writing list of installed files to '/home/ubuntu/Quadrupedal490_ws/build/Lidar/install.log'
[9.812s] Invoked command in '/home/ubuntu/Quadrupedal490_ws/src/Lidar' returned '0': PYTHONPATH=/home/ubuntu/Quadrupedal490_ws/build/Lidar/prefix_override:/home/ubuntu/Quadrupedal490_ws/install/Lidar/lib/python3.10/site-packages:${PYTHONPATH} /usr/bin/python3 setup.py egg_info --egg-base ../../build/Lidar build --build-base /home/ubuntu/Quadrupedal490_ws/build/Lidar/build install --record /home/ubuntu/Quadrupedal490_ws/build/Lidar/install.log --single-version-externally-managed
