[6.284s] Invoking command in '/home/ubuntu/Quadrupedal490_ws/src/Lidar': PYTHONPATH=/home/ubuntu/Quadrupedal490_ws/build/Lidar/prefix_override:/home/ubuntu/Quadrupedal490_ws/install/Lidar/lib/python3.10/site-packages:${PYTHONPATH} /usr/bin/python3 setup.py egg_info --egg-base ../../build/Lidar build --build-base /home/ubuntu/Quadrupedal490_ws/build/Lidar/build install --record /home/ubuntu/Quadrupedal490_ws/build/Lidar/install.log --single-version-externally-managed
[8.026s] running egg_info
[8.030s] writing ../../build/Lidar/Lidar.egg-info/PKG-INFO
[8.031s] writing dependency_links to ../../build/Lidar/Lidar.egg-info/dependency_links.txt
[8.032s] writing entry points to ../../build/Lidar/Lidar.egg-info/entry_points.txt
[8.033s] writing requirements to ../../build/Lidar/Lidar.egg-info/requires.txt
[8.033s] writing top-level names to ../../build/Lidar/Lidar.egg-info/top_level.txt
[8.042s] reading manifest file '../../build/Lidar/Lidar.egg-info/SOURCES.txt'
[8.050s] writing manifest file '../../build/Lidar/Lidar.egg-info/SOURCES.txt'
[8.052s] running build
[8.052s] running build_py
[8.054s] running install
[8.056s] /usr/lib/python3/dist-packages/setuptools/command/install.py:34: SetuptoolsDeprecationWarning: setup.py install is deprecated. Use build and pip and other standards-based tools.
[8.057s]   warnings.warn(
[8.059s] running install_lib
[8.081s] running install_data
[8.082s] running install_egg_info
[8.087s] removing '/home/ubuntu/Quadrupedal490_ws/install/Lidar/lib/python3.10/site-packages/Lidar-0.0.0-py3.10.egg-info' (and everything under it)
[8.090s] Copying ../../build/Lidar/Lidar.egg-info to /home/ubuntu/Quadrupedal490_ws/install/Lidar/lib/python3.10/site-packages/Lidar-0.0.0-py3.10.egg-info
[8.101s] running install_scripts
[8.211s] Installing lidar_scan script to /home/ubuntu/Quadrupedal490_ws/install/Lidar/lib/Lidar
[8.212s] writing list of installed files to '/home/ubuntu/Quadrupedal490_ws/build/Lidar/install.log'
[8.395s] Invoked command in '/home/ubuntu/Quadrupedal490_ws/src/Lidar' returned '0': PYTHONPATH=/home/ubuntu/Quadrupedal490_ws/build/Lidar/prefix_override:/home/ubuntu/Quadrupedal490_ws/install/Lidar/lib/python3.10/site-packages:${PYTHONPATH} /usr/bin/python3 setup.py egg_info --egg-base ../../build/Lidar build --build-base /home/ubuntu/Quadrupedal490_ws/build/Lidar/build install --record /home/ubuntu/Quadrupedal490_ws/build/Lidar/install.log --single-version-externally-managed
