[3.653s] Invoking command in '/home/ubuntu/Quadrupedal490_ws/src/Lidar': PYTHONPATH=/home/ubuntu/Quadrupedal490_ws/build/Lidar/prefix_override:/home/ubuntu/Quadrupedal490_ws/install/Lidar/lib/python3.10/site-packages:${PYTHONPATH} /usr/bin/python3 setup.py egg_info --egg-base ../../build/Lidar build --build-base /home/ubuntu/Quadrupedal490_ws/build/Lidar/build install --record /home/ubuntu/Quadrupedal490_ws/build/Lidar/install.log --single-version-externally-managed
[4.830s] running egg_info
[4.833s] writing ../../build/Lidar/Lidar.egg-info/PKG-INFO
[4.834s] writing dependency_links to ../../build/Lidar/Lidar.egg-info/dependency_links.txt
[4.835s] writing entry points to ../../build/Lidar/Lidar.egg-info/entry_points.txt
[4.835s] writing requirements to ../../build/Lidar/Lidar.egg-info/requires.txt
[4.836s] writing top-level names to ../../build/Lidar/Lidar.egg-info/top_level.txt
[4.845s] reading manifest file '../../build/Lidar/Lidar.egg-info/SOURCES.txt'
[4.848s] writing manifest file '../../build/Lidar/Lidar.egg-info/SOURCES.txt'
[4.849s] running build
[4.849s] running build_py
[4.850s] copying Lidar/lidar_scane.py -> /home/ubuntu/Quadrupedal490_ws/build/Lidar/build/lib/Lidar
[4.852s] running install
[4.852s] /usr/lib/python3/dist-packages/setuptools/command/install.py:34: SetuptoolsDeprecationWarning: setup.py install is deprecated. Use build and pip and other standards-based tools.
[4.853s]   warnings.warn(
[4.853s] running install_lib
[4.858s] copying /home/ubuntu/Quadrupedal490_ws/build/Lidar/build/lib/Lidar/lidar_scane.py -> /home/ubuntu/Quadrupedal490_ws/install/Lidar/lib/python3.10/site-packages/Lidar
[4.860s] byte-compiling /home/ubuntu/Quadrupedal490_ws/install/Lidar/lib/python3.10/site-packages/Lidar/lidar_scane.py to lidar_scane.cpython-310.pyc
[4.863s] running install_data
[4.866s] running install_egg_info
[4.873s] removing '/home/ubuntu/Quadrupedal490_ws/install/Lidar/lib/python3.10/site-packages/Lidar-0.0.0-py3.10.egg-info' (and everything under it)
[4.874s] Copying ../../build/Lidar/Lidar.egg-info to /home/ubuntu/Quadrupedal490_ws/install/Lidar/lib/python3.10/site-packages/Lidar-0.0.0-py3.10.egg-info
[4.879s] running install_scripts
[4.958s] Installing lidar_scan script to /home/ubuntu/Quadrupedal490_ws/install/Lidar/lib/Lidar
[4.960s] writing list of installed files to '/home/ubuntu/Quadrupedal490_ws/build/Lidar/install.log'
[5.087s] Invoked command in '/home/ubuntu/Quadrupedal490_ws/src/Lidar' returned '0': PYTHONPATH=/home/ubuntu/Quadrupedal490_ws/build/Lidar/prefix_override:/home/ubuntu/Quadrupedal490_ws/install/Lidar/lib/python3.10/site-packages:${PYTHONPATH} /usr/bin/python3 setup.py egg_info --egg-base ../../build/Lidar build --build-base /home/ubuntu/Quadrupedal490_ws/build/Lidar/build install --record /home/ubuntu/Quadrupedal490_ws/build/Lidar/install.log --single-version-externally-managed
