running egg_info
creating ../../build/lidar_plotter/lidar_plotter.egg-info
writing ../../build/lidar_plotter/lidar_plotter.egg-info/PKG-INFO
writing dependency_links to ../../build/lidar_plotter/lidar_plotter.egg-info/dependency_links.txt
writing entry points to ../../build/lidar_plotter/lidar_plotter.egg-info/entry_points.txt
writing requirements to ../../build/lidar_plotter/lidar_plotter.egg-info/requires.txt
writing top-level names to ../../build/lidar_plotter/lidar_plotter.egg-info/top_level.txt
writing manifest file '../../build/lidar_plotter/lidar_plotter.egg-info/SOURCES.txt'
reading manifest file '../../build/lidar_plotter/lidar_plotter.egg-info/SOURCES.txt'
writing manifest file '../../build/lidar_plotter/lidar_plotter.egg-info/SOURCES.txt'
running build
running build_py
creating /home/ubuntu/Quadrupedal490_ws/build/lidar_plotter/build
creating /home/ubuntu/Quadrupedal490_ws/build/lidar_plotter/build/lib
creating /home/ubuntu/Quadrupedal490_ws/build/lidar_plotter/build/lib/lidar_plotter
copying lidar_plotter/__init__.py -> /home/ubuntu/Quadrupedal490_ws/build/lidar_plotter/build/lib/lidar_plotter
running install
/usr/lib/python3/dist-packages/setuptools/command/install.py:34: SetuptoolsDeprecationWarning: setup.py install is deprecated. Use build and pip and other standards-based tools.
  warnings.warn(
running install_lib
creating /home/ubuntu/Quadrupedal490_ws/install/lidar_plotter/lib/python3.10/site-packages/lidar_plotter
copying /home/ubuntu/Quadrupedal490_ws/build/lidar_plotter/build/lib/lidar_plotter/__init__.py -> /home/ubuntu/Quadrupedal490_ws/install/lidar_plotter/lib/python3.10/site-packages/lidar_plotter
byte-compiling /home/ubuntu/Quadrupedal490_ws/install/lidar_plotter/lib/python3.10/site-packages/lidar_plotter/__init__.py to __init__.cpython-310.pyc
running install_data
creating /home/ubuntu/Quadrupedal490_ws/install/lidar_plotter/share/ament_index
creating /home/ubuntu/Quadrupedal490_ws/install/lidar_plotter/share/ament_index/resource_index
creating /home/ubuntu/Quadrupedal490_ws/install/lidar_plotter/share/ament_index/resource_index/packages
copying resource/lidar_plotter -> /home/ubuntu/Quadrupedal490_ws/install/lidar_plotter/share/ament_index/resource_index/packages
copying package.xml -> /home/ubuntu/Quadrupedal490_ws/install/lidar_plotter/share/lidar_plotter
running install_egg_info
Copying ../../build/lidar_plotter/lidar_plotter.egg-info to /home/ubuntu/Quadrupedal490_ws/install/lidar_plotter/lib/python3.10/site-packages/lidar_plotter-0.0.0-py3.10.egg-info
running install_scripts
Installing lidar_plot script to /home/ubuntu/Quadrupedal490_ws/install/lidar_plotter/lib/lidar_plotter
writing list of installed files to '/home/ubuntu/Quadrupedal490_ws/build/lidar_plotter/install.log'
