[6.513s] DEBUG:colcon:Command line arguments: ['/usr/bin/colcon', 'build']
[6.514s] DEBUG:colcon:Parsed command line arguments: Namespace(log_base=None, log_level=None, verb_name='build', build_base='build', install_base='install', merge_install=False, symlink_install=False, test_result_base=None, continue_on_error=False, executor='parallel', parallel_workers=4, event_handlers=None, ignore_user_meta=False, metas=['./colcon.meta'], base_paths=['.'], packages_ignore=None, packages_ignore_regex=None, paths=None, packages_up_to=None, packages_up_to_regex=None, packages_above=None, packages_above_and_dependencies=None, packages_above_depth=None, packages_select_by_dep=None, packages_skip_by_dep=None, packages_skip_up_to=None, packages_select_build_failed=False, packages_skip_build_finished=False, packages_select_test_failures=False, packages_skip_test_passed=False, packages_select=None, packages_skip=None, packages_select_regex=None, packages_skip_regex=None, packages_start=None, packages_end=None, allow_overriding=[], cmake_args=None, cmake_target=None, cmake_target_skip_unavailable=False, cmake_clean_cache=False, cmake_clean_first=False, cmake_force_configure=False, ament_cmake_args=None, catkin_cmake_args=None, catkin_skip_building_tests=False, verb_parser=<colcon_defaults.argument_parser.defaults.DefaultArgumentsDecorator object at 0xffffa7145960>, verb_extension=<colcon_core.verb.build.BuildVerb object at 0xffffa763b160>, main=<bound method BuildVerb.main of <colcon_core.verb.build.BuildVerb object at 0xffffa763b160>>)
[6.849s] Level 1:colcon.colcon_core.package_discovery:discover_packages(colcon_meta) check parameters
[6.850s] Level 1:colcon.colcon_core.package_discovery:discover_packages(recursive) check parameters
[6.850s] Level 1:colcon.colcon_core.package_discovery:discover_packages(ignore) check parameters
[6.850s] Level 1:colcon.colcon_core.package_discovery:discover_packages(path) check parameters
[6.850s] Level 1:colcon.colcon_core.package_discovery:discover_packages(colcon_meta) discover
[6.851s] Level 1:colcon.colcon_core.package_discovery:discover_packages(recursive) discover
[6.851s] INFO:colcon.colcon_core.package_discovery:Crawling recursively for packages in '/home/ubuntu/Quadrupedal490_ws'
[6.851s] Level 1:colcon.colcon_core.package_identification:_identify(.) by extensions ['ignore', 'ignore_ament_install']
[6.852s] Level 1:colcon.colcon_core.package_identification:_identify(.) by extension 'ignore'
[6.852s] Level 1:colcon.colcon_core.package_identification:_identify(.) by extension 'ignore_ament_install'
[6.852s] Level 1:colcon.colcon_core.package_identification:_identify(.) by extensions ['colcon_pkg']
[6.852s] Level 1:colcon.colcon_core.package_identification:_identify(.) by extension 'colcon_pkg'
[6.852s] Level 1:colcon.colcon_core.package_identification:_identify(.) by extensions ['colcon_meta']
[6.853s] Level 1:colcon.colcon_core.package_identification:_identify(.) by extension 'colcon_meta'
[6.853s] Level 1:colcon.colcon_core.package_identification:_identify(.) by extensions ['ros']
[6.853s] Level 1:colcon.colcon_core.package_identification:_identify(.) by extension 'ros'
[6.908s] Level 1:colcon.colcon_core.package_identification:_identify(.) by extensions ['cmake', 'python']
[6.908s] Level 1:colcon.colcon_core.package_identification:_identify(.) by extension 'cmake'
[6.908s] Level 1:colcon.colcon_core.package_identification:_identify(.) by extension 'python'
[6.908s] Level 1:colcon.colcon_core.package_identification:_identify(.) by extensions ['python_setup_py']
[6.908s] Level 1:colcon.colcon_core.package_identification:_identify(.) by extension 'python_setup_py'
[6.909s] Level 1:colcon.colcon_core.package_identification:_identify(build) by extensions ['ignore', 'ignore_ament_install']
[6.909s] Level 1:colcon.colcon_core.package_identification:_identify(build) by extension 'ignore'
[6.909s] Level 1:colcon.colcon_core.package_identification:_identify(build) ignored
[6.910s] Level 1:colcon.colcon_core.package_identification:_identify(install) by extensions ['ignore', 'ignore_ament_install']
[6.910s] Level 1:colcon.colcon_core.package_identification:_identify(install) by extension 'ignore'
[6.911s] Level 1:colcon.colcon_core.package_identification:_identify(install) ignored
[6.911s] Level 1:colcon.colcon_core.package_identification:_identify(log) by extensions ['ignore', 'ignore_ament_install']
[6.912s] Level 1:colcon.colcon_core.package_identification:_identify(log) by extension 'ignore'
[6.912s] Level 1:colcon.colcon_core.package_identification:_identify(log) ignored
[6.915s] Level 1:colcon.colcon_core.package_identification:_identify(src) by extensions ['ignore', 'ignore_ament_install']
[6.916s] Level 1:colcon.colcon_core.package_identification:_identify(src) by extension 'ignore'
[6.916s] Level 1:colcon.colcon_core.package_identification:_identify(src) by extension 'ignore_ament_install'
[6.916s] Level 1:colcon.colcon_core.package_identification:_identify(src) by extensions ['colcon_pkg']
[6.916s] Level 1:colcon.colcon_core.package_identification:_identify(src) by extension 'colcon_pkg'
[6.916s] Level 1:colcon.colcon_core.package_identification:_identify(src) by extensions ['colcon_meta']
[6.916s] Level 1:colcon.colcon_core.package_identification:_identify(src) by extension 'colcon_meta'
[6.917s] Level 1:colcon.colcon_core.package_identification:_identify(src) by extensions ['ros']
[6.917s] Level 1:colcon.colcon_core.package_identification:_identify(src) by extension 'ros'
[6.917s] Level 1:colcon.colcon_core.package_identification:_identify(src) by extensions ['cmake', 'python']
[6.917s] Level 1:colcon.colcon_core.package_identification:_identify(src) by extension 'cmake'
[6.918s] Level 1:colcon.colcon_core.package_identification:_identify(src) by extension 'python'
[6.918s] Level 1:colcon.colcon_core.package_identification:_identify(src) by extensions ['python_setup_py']
[6.918s] Level 1:colcon.colcon_core.package_identification:_identify(src) by extension 'python_setup_py'
[6.920s] Level 1:colcon.colcon_core.package_identification:_identify(src/Lidar) by extensions ['ignore', 'ignore_ament_install']
[6.920s] Level 1:colcon.colcon_core.package_identification:_identify(src/Lidar) by extension 'ignore'
[6.921s] Level 1:colcon.colcon_core.package_identification:_identify(src/Lidar) by extension 'ignore_ament_install'
[6.921s] Level 1:colcon.colcon_core.package_identification:_identify(src/Lidar) by extensions ['colcon_pkg']
[6.921s] Level 1:colcon.colcon_core.package_identification:_identify(src/Lidar) by extension 'colcon_pkg'
[6.922s] Level 1:colcon.colcon_core.package_identification:_identify(src/Lidar) by extensions ['colcon_meta']
[6.922s] Level 1:colcon.colcon_core.package_identification:_identify(src/Lidar) by extension 'colcon_meta'
[6.922s] Level 1:colcon.colcon_core.package_identification:_identify(src/Lidar) by extensions ['ros']
[6.922s] Level 1:colcon.colcon_core.package_identification:_identify(src/Lidar) by extension 'ros'
[6.937s] DEBUG:colcon.colcon_core.package_identification:Package 'src/Lidar' with type 'ros.ament_python' and name 'Lidar'
[6.938s] Level 1:colcon.colcon_core.package_discovery:discover_packages(recursive) using defaults
[6.938s] Level 1:colcon.colcon_core.package_discovery:discover_packages(ignore) discover
[6.938s] Level 1:colcon.colcon_core.package_discovery:discover_packages(ignore) using defaults
[6.938s] Level 1:colcon.colcon_core.package_discovery:discover_packages(path) discover
[6.938s] Level 1:colcon.colcon_core.package_discovery:discover_packages(path) using defaults
[7.438s] Level 1:colcon.colcon_core.package_discovery:discover_packages(prefix_path) check parameters
[7.439s] Level 1:colcon.colcon_core.package_discovery:discover_packages(prefix_path) discover
[7.610s] DEBUG:colcon.colcon_installed_package_information.package_discovery:Found 281 installed packages in /opt/ros/iron
[7.617s] Level 1:colcon.colcon_core.package_discovery:discover_packages(prefix_path) using defaults
[8.289s] Level 5:colcon.colcon_core.verb:set package 'Lidar' build argument 'cmake_args' from command line to 'None'
[8.290s] Level 5:colcon.colcon_core.verb:set package 'Lidar' build argument 'cmake_target' from command line to 'None'
[8.290s] Level 5:colcon.colcon_core.verb:set package 'Lidar' build argument 'cmake_target_skip_unavailable' from command line to 'False'
[8.290s] Level 5:colcon.colcon_core.verb:set package 'Lidar' build argument 'cmake_clean_cache' from command line to 'False'
[8.290s] Level 5:colcon.colcon_core.verb:set package 'Lidar' build argument 'cmake_clean_first' from command line to 'False'
[8.290s] Level 5:colcon.colcon_core.verb:set package 'Lidar' build argument 'cmake_force_configure' from command line to 'False'
[8.290s] Level 5:colcon.colcon_core.verb:set package 'Lidar' build argument 'ament_cmake_args' from command line to 'None'
[8.290s] Level 5:colcon.colcon_core.verb:set package 'Lidar' build argument 'catkin_cmake_args' from command line to 'None'
[8.291s] Level 5:colcon.colcon_core.verb:set package 'Lidar' build argument 'catkin_skip_building_tests' from command line to 'False'
[8.291s] DEBUG:colcon.colcon_core.verb:Building package 'Lidar' with the following arguments: {'ament_cmake_args': None, 'build_base': '/home/ubuntu/Quadrupedal490_ws/build/Lidar', 'catkin_cmake_args': None, 'catkin_skip_building_tests': False, 'cmake_args': None, 'cmake_clean_cache': False, 'cmake_clean_first': False, 'cmake_force_configure': False, 'cmake_target': None, 'cmake_target_skip_unavailable': False, 'install_base': '/home/ubuntu/Quadrupedal490_ws/install/Lidar', 'merge_install': False, 'path': '/home/ubuntu/Quadrupedal490_ws/src/Lidar', 'symlink_install': False, 'test_result_base': None}
[8.365s] INFO:colcon.colcon_core.executor:Executing jobs using 'parallel' executor
[8.440s] DEBUG:colcon.colcon_parallel_executor.executor.parallel:run_until_complete
[8.441s] INFO:colcon.colcon_ros.task.ament_python.build:Building ROS package in '/home/ubuntu/Quadrupedal490_ws/src/Lidar' with build type 'ament_python'
[8.442s] Level 1:colcon.colcon_core.shell:create_environment_hook('Lidar', 'ament_prefix_path')
[8.542s] INFO:colcon.colcon_core.plugin_system:Skipping extension 'colcon_core.shell.bat': Not used on non-Windows systems
[8.543s] INFO:colcon.colcon_core.shell:Creating environment hook '/home/ubuntu/Quadrupedal490_ws/install/Lidar/share/Lidar/hook/ament_prefix_path.ps1'
[8.549s] INFO:colcon.colcon_core.shell:Creating environment descriptor '/home/ubuntu/Quadrupedal490_ws/install/Lidar/share/Lidar/hook/ament_prefix_path.dsv'
[8.553s] INFO:colcon.colcon_core.shell:Creating environment hook '/home/ubuntu/Quadrupedal490_ws/install/Lidar/share/Lidar/hook/ament_prefix_path.sh'
[8.627s] INFO:colcon.colcon_core.shell:Skip shell extension 'powershell' for command environment: Not usable outside of PowerShell
[8.627s] DEBUG:colcon.colcon_core.shell:Skip shell extension 'dsv' for command environment
[10.186s] INFO:colcon.colcon_core.task.python.build:Building Python package in '/home/ubuntu/Quadrupedal490_ws/src/Lidar'
[10.263s] INFO:colcon.colcon_core.shell:Skip shell extension 'powershell' for command environment: Not usable outside of PowerShell
[10.264s] DEBUG:colcon.colcon_core.shell:Skip shell extension 'dsv' for command environment
[13.412s] DEBUG:colcon.colcon_core.event_handler.log_command:Invoking command in '/home/ubuntu/Quadrupedal490_ws/src/Lidar': PYTHONPATH=/home/ubuntu/Quadrupedal490_ws/build/Lidar/prefix_override:/home/ubuntu/Quadrupedal490_ws/install/Lidar/lib/python3.10/site-packages:${PYTHONPATH} /usr/bin/python3 setup.py egg_info --egg-base ../../build/Lidar build --build-base /home/ubuntu/Quadrupedal490_ws/build/Lidar/build install --record /home/ubuntu/Quadrupedal490_ws/build/Lidar/install.log --single-version-externally-managed
[14.947s] DEBUG:colcon.colcon_core.event_handler.log_command:Invoked command in '/home/ubuntu/Quadrupedal490_ws/src/Lidar' returned '0': PYTHONPATH=/home/ubuntu/Quadrupedal490_ws/build/Lidar/prefix_override:/home/ubuntu/Quadrupedal490_ws/install/Lidar/lib/python3.10/site-packages:${PYTHONPATH} /usr/bin/python3 setup.py egg_info --egg-base ../../build/Lidar build --build-base /home/ubuntu/Quadrupedal490_ws/build/Lidar/build install --record /home/ubuntu/Quadrupedal490_ws/build/Lidar/install.log --single-version-externally-managed
[15.052s] Level 1:colcon.colcon_core.environment:checking '/home/ubuntu/Quadrupedal490_ws/install/Lidar' for CMake module files
[15.055s] Level 1:colcon.colcon_core.environment:checking '/home/ubuntu/Quadrupedal490_ws/install/Lidar' for CMake config files
[15.061s] Level 1:colcon.colcon_core.environment:checking '/home/ubuntu/Quadrupedal490_ws/install/Lidar/lib'
[15.063s] Level 1:colcon.colcon_core.environment:checking '/home/ubuntu/Quadrupedal490_ws/install/Lidar/bin'
[15.063s] Level 1:colcon.colcon_core.environment:checking '/home/ubuntu/Quadrupedal490_ws/install/Lidar/lib/pkgconfig/Lidar.pc'
[15.064s] Level 1:colcon.colcon_core.environment:checking '/home/ubuntu/Quadrupedal490_ws/install/Lidar/lib/python3.10/site-packages'
[15.065s] Level 1:colcon.colcon_core.shell:create_environment_hook('Lidar', 'pythonpath')
[15.138s] INFO:colcon.colcon_core.shell:Creating environment hook '/home/ubuntu/Quadrupedal490_ws/install/Lidar/share/Lidar/hook/pythonpath.ps1'
[15.140s] INFO:colcon.colcon_core.shell:Creating environment descriptor '/home/ubuntu/Quadrupedal490_ws/install/Lidar/share/Lidar/hook/pythonpath.dsv'
[15.141s] INFO:colcon.colcon_core.shell:Creating environment hook '/home/ubuntu/Quadrupedal490_ws/install/Lidar/share/Lidar/hook/pythonpath.sh'
[15.145s] Level 1:colcon.colcon_core.environment:checking '/home/ubuntu/Quadrupedal490_ws/install/Lidar/bin'
[15.145s] Level 1:colcon.colcon_core.environment:create_environment_scripts_only(Lidar)
[15.219s] INFO:colcon.colcon_core.shell:Creating package script '/home/ubuntu/Quadrupedal490_ws/install/Lidar/share/Lidar/package.ps1'
[15.227s] INFO:colcon.colcon_core.shell:Creating package descriptor '/home/ubuntu/Quadrupedal490_ws/install/Lidar/share/Lidar/package.dsv'
[15.231s] INFO:colcon.colcon_core.shell:Creating package script '/home/ubuntu/Quadrupedal490_ws/install/Lidar/share/Lidar/package.sh'
[15.235s] INFO:colcon.colcon_core.shell:Creating package script '/home/ubuntu/Quadrupedal490_ws/install/Lidar/share/Lidar/package.bash'
[15.240s] INFO:colcon.colcon_core.shell:Creating package script '/home/ubuntu/Quadrupedal490_ws/install/Lidar/share/Lidar/package.zsh'
[15.245s] Level 1:colcon.colcon_core.environment:create_file_with_runtime_dependencies(/home/ubuntu/Quadrupedal490_ws/install/Lidar/share/colcon-core/packages/Lidar)
[15.246s] DEBUG:colcon.colcon_parallel_executor.executor.parallel:closing loop
[15.248s] DEBUG:colcon.colcon_parallel_executor.executor.parallel:loop closed
[15.248s] DEBUG:colcon.colcon_parallel_executor.executor.parallel:run_until_complete finished with '0'
[15.249s] DEBUG:colcon.colcon_core.event_reactor:joining thread
[15.378s] INFO:colcon.colcon_core.plugin_system:Skipping extension 'colcon_notification.desktop_notification.terminal_notifier': Not used on non-Darwin systems
[15.379s] INFO:colcon.colcon_core.plugin_system:Skipping extension 'colcon_notification.desktop_notification.win32': Not used on non-Windows systems
[15.379s] INFO:colcon.colcon_notification.desktop_notification:Sending desktop notification using 'notify2'
[15.380s] DEBUG:colcon.colcon_notification.desktop_notification.notify2:Failed to initialize notify2: org.freedesktop.DBus.Error.NoReply: Did not receive a reply. Possible causes include: the remote application did not send a reply, the message bus security policy blocked the reply, the reply timeout expired, or the network connection was broken.
[15.380s] DEBUG:colcon.colcon_core.event_reactor:joined thread
[15.459s] INFO:colcon.colcon_core.shell:Creating prefix script '/home/ubuntu/Quadrupedal490_ws/install/local_setup.ps1'
[15.466s] INFO:colcon.colcon_core.shell:Creating prefix util module '/home/ubuntu/Quadrupedal490_ws/install/_local_setup_util_ps1.py'
[15.473s] INFO:colcon.colcon_core.shell:Creating prefix chain script '/home/ubuntu/Quadrupedal490_ws/install/setup.ps1'
[15.555s] INFO:colcon.colcon_core.shell:Creating prefix script '/home/ubuntu/Quadrupedal490_ws/install/local_setup.sh'
[15.559s] INFO:colcon.colcon_core.shell:Creating prefix util module '/home/ubuntu/Quadrupedal490_ws/install/_local_setup_util_sh.py'
[15.562s] INFO:colcon.colcon_core.shell:Creating prefix chain script '/home/ubuntu/Quadrupedal490_ws/install/setup.sh'
[15.641s] INFO:colcon.colcon_core.shell:Creating prefix script '/home/ubuntu/Quadrupedal490_ws/install/local_setup.bash'
[15.645s] INFO:colcon.colcon_core.shell:Creating prefix chain script '/home/ubuntu/Quadrupedal490_ws/install/setup.bash'
[15.724s] INFO:colcon.colcon_core.shell:Creating prefix script '/home/ubuntu/Quadrupedal490_ws/install/local_setup.zsh'
[15.727s] INFO:colcon.colcon_core.shell:Creating prefix chain script '/home/ubuntu/Quadrupedal490_ws/install/setup.zsh'
