[7.347s] DEBUG:colcon:Command line arguments: ['/usr/bin/colcon', 'build']
[7.347s] DEBUG:colcon:Parsed command line arguments: Namespace(log_base=None, log_level=None, verb_name='build', build_base='build', install_base='install', merge_install=False, symlink_install=False, test_result_base=None, continue_on_error=False, executor='parallel', parallel_workers=4, event_handlers=None, ignore_user_meta=False, metas=['./colcon.meta'], base_paths=['.'], packages_ignore=None, packages_ignore_regex=None, paths=None, packages_up_to=None, packages_up_to_regex=None, packages_above=None, packages_above_and_dependencies=None, packages_above_depth=None, packages_select_by_dep=None, packages_skip_by_dep=None, packages_skip_up_to=None, packages_select_build_failed=False, packages_skip_build_finished=False, packages_select_test_failures=False, packages_skip_test_passed=False, packages_select=None, packages_skip=None, packages_select_regex=None, packages_skip_regex=None, packages_start=None, packages_end=None, allow_overriding=[], cmake_args=None, cmake_target=None, cmake_target_skip_unavailable=False, cmake_clean_cache=False, cmake_clean_first=False, cmake_force_configure=False, ament_cmake_args=None, catkin_cmake_args=None, catkin_skip_building_tests=False, verb_parser=<colcon_defaults.argument_parser.defaults.DefaultArgumentsDecorator object at 0xffff992afbe0>, verb_extension=<colcon_core.verb.build.BuildVerb object at 0xffff9978ff10>, main=<bound method BuildVerb.main of <colcon_core.verb.build.BuildVerb object at 0xffff9978ff10>>)
[7.724s] Level 1:colcon.colcon_core.package_discovery:discover_packages(colcon_meta) check parameters
[7.727s] Level 1:colcon.colcon_core.package_discovery:discover_packages(recursive) check parameters
[7.728s] Level 1:colcon.colcon_core.package_discovery:discover_packages(ignore) check parameters
[7.728s] Level 1:colcon.colcon_core.package_discovery:discover_packages(path) check parameters
[7.728s] Level 1:colcon.colcon_core.package_discovery:discover_packages(colcon_meta) discover
[7.728s] Level 1:colcon.colcon_core.package_discovery:discover_packages(recursive) discover
[7.729s] INFO:colcon.colcon_core.package_discovery:Crawling recursively for packages in '/home/ubuntu/Quadrupedal490_ws'
[7.729s] Level 1:colcon.colcon_core.package_identification:_identify(.) by extensions ['ignore', 'ignore_ament_install']
[7.730s] Level 1:colcon.colcon_core.package_identification:_identify(.) by extension 'ignore'
[7.730s] Level 1:colcon.colcon_core.package_identification:_identify(.) by extension 'ignore_ament_install'
[7.731s] Level 1:colcon.colcon_core.package_identification:_identify(.) by extensions ['colcon_pkg']
[7.731s] Level 1:colcon.colcon_core.package_identification:_identify(.) by extension 'colcon_pkg'
[7.731s] Level 1:colcon.colcon_core.package_identification:_identify(.) by extensions ['colcon_meta']
[7.731s] Level 1:colcon.colcon_core.package_identification:_identify(.) by extension 'colcon_meta'
[7.732s] Level 1:colcon.colcon_core.package_identification:_identify(.) by extensions ['ros']
[7.732s] Level 1:colcon.colcon_core.package_identification:_identify(.) by extension 'ros'
[7.805s] Level 1:colcon.colcon_core.package_identification:_identify(.) by extensions ['cmake', 'python']
[7.806s] Level 1:colcon.colcon_core.package_identification:_identify(.) by extension 'cmake'
[7.807s] Level 1:colcon.colcon_core.package_identification:_identify(.) by extension 'python'
[7.807s] Level 1:colcon.colcon_core.package_identification:_identify(.) by extensions ['python_setup_py']
[7.807s] Level 1:colcon.colcon_core.package_identification:_identify(.) by extension 'python_setup_py'
[7.808s] Level 1:colcon.colcon_core.package_identification:_identify(build) by extensions ['ignore', 'ignore_ament_install']
[7.809s] Level 1:colcon.colcon_core.package_identification:_identify(build) by extension 'ignore'
[7.810s] Level 1:colcon.colcon_core.package_identification:_identify(build) ignored
[7.811s] Level 1:colcon.colcon_core.package_identification:_identify(install) by extensions ['ignore', 'ignore_ament_install']
[7.811s] Level 1:colcon.colcon_core.package_identification:_identify(install) by extension 'ignore'
[7.812s] Level 1:colcon.colcon_core.package_identification:_identify(install) ignored
[7.813s] Level 1:colcon.colcon_core.package_identification:_identify(log) by extensions ['ignore', 'ignore_ament_install']
[7.814s] Level 1:colcon.colcon_core.package_identification:_identify(log) by extension 'ignore'
[7.814s] Level 1:colcon.colcon_core.package_identification:_identify(log) ignored
[7.816s] Level 1:colcon.colcon_core.package_identification:_identify(src) by extensions ['ignore', 'ignore_ament_install']
[7.817s] Level 1:colcon.colcon_core.package_identification:_identify(src) by extension 'ignore'
[7.817s] Level 1:colcon.colcon_core.package_identification:_identify(src) by extension 'ignore_ament_install'
[7.818s] Level 1:colcon.colcon_core.package_identification:_identify(src) by extensions ['colcon_pkg']
[7.818s] Level 1:colcon.colcon_core.package_identification:_identify(src) by extension 'colcon_pkg'
[7.819s] Level 1:colcon.colcon_core.package_identification:_identify(src) by extensions ['colcon_meta']
[7.819s] Level 1:colcon.colcon_core.package_identification:_identify(src) by extension 'colcon_meta'
[7.820s] Level 1:colcon.colcon_core.package_identification:_identify(src) by extensions ['ros']
[7.820s] Level 1:colcon.colcon_core.package_identification:_identify(src) by extension 'ros'
[7.821s] Level 1:colcon.colcon_core.package_identification:_identify(src) by extensions ['cmake', 'python']
[7.821s] Level 1:colcon.colcon_core.package_identification:_identify(src) by extension 'cmake'
[7.821s] Level 1:colcon.colcon_core.package_identification:_identify(src) by extension 'python'
[7.822s] Level 1:colcon.colcon_core.package_identification:_identify(src) by extensions ['python_setup_py']
[7.822s] Level 1:colcon.colcon_core.package_identification:_identify(src) by extension 'python_setup_py'
[7.824s] Level 1:colcon.colcon_core.package_identification:_identify(src/Lidar) by extensions ['ignore', 'ignore_ament_install']
[7.825s] Level 1:colcon.colcon_core.package_identification:_identify(src/Lidar) by extension 'ignore'
[7.826s] Level 1:colcon.colcon_core.package_identification:_identify(src/Lidar) by extension 'ignore_ament_install'
[7.826s] Level 1:colcon.colcon_core.package_identification:_identify(src/Lidar) by extensions ['colcon_pkg']
[7.827s] Level 1:colcon.colcon_core.package_identification:_identify(src/Lidar) by extension 'colcon_pkg'
[7.827s] Level 1:colcon.colcon_core.package_identification:_identify(src/Lidar) by extensions ['colcon_meta']
[7.827s] Level 1:colcon.colcon_core.package_identification:_identify(src/Lidar) by extension 'colcon_meta'
[7.828s] Level 1:colcon.colcon_core.package_identification:_identify(src/Lidar) by extensions ['ros']
[7.828s] Level 1:colcon.colcon_core.package_identification:_identify(src/Lidar) by extension 'ros'
[7.849s] DEBUG:colcon.colcon_core.package_identification:Package 'src/Lidar' with type 'ros.ament_python' and name 'Lidar'
[7.851s] Level 1:colcon.colcon_core.package_identification:_identify(src/lidar_plotter) by extensions ['ignore', 'ignore_ament_install']
[7.851s] Level 1:colcon.colcon_core.package_identification:_identify(src/lidar_plotter) by extension 'ignore'
[7.852s] Level 1:colcon.colcon_core.package_identification:_identify(src/lidar_plotter) by extension 'ignore_ament_install'
[7.852s] Level 1:colcon.colcon_core.package_identification:_identify(src/lidar_plotter) by extensions ['colcon_pkg']
[7.853s] Level 1:colcon.colcon_core.package_identification:_identify(src/lidar_plotter) by extension 'colcon_pkg'
[7.853s] Level 1:colcon.colcon_core.package_identification:_identify(src/lidar_plotter) by extensions ['colcon_meta']
[7.853s] Level 1:colcon.colcon_core.package_identification:_identify(src/lidar_plotter) by extension 'colcon_meta'
[7.854s] Level 1:colcon.colcon_core.package_identification:_identify(src/lidar_plotter) by extensions ['ros']
[7.854s] Level 1:colcon.colcon_core.package_identification:_identify(src/lidar_plotter) by extension 'ros'
[7.857s] DEBUG:colcon.colcon_core.package_identification:Package 'src/lidar_plotter' with type 'ros.ament_python' and name 'lidar_plotter'
[7.857s] Level 1:colcon.colcon_core.package_discovery:discover_packages(recursive) using defaults
[7.858s] Level 1:colcon.colcon_core.package_discovery:discover_packages(ignore) discover
[7.858s] Level 1:colcon.colcon_core.package_discovery:discover_packages(ignore) using defaults
[7.858s] Level 1:colcon.colcon_core.package_discovery:discover_packages(path) discover
[7.858s] Level 1:colcon.colcon_core.package_discovery:discover_packages(path) using defaults
[8.728s] Level 1:colcon.colcon_core.package_discovery:discover_packages(prefix_path) check parameters
[8.729s] Level 1:colcon.colcon_core.package_discovery:discover_packages(prefix_path) discover
[8.926s] DEBUG:colcon.colcon_installed_package_information.package_discovery:Found 2 installed packages in /home/ubuntu/Quadrupedal490_ws/install
[9.029s] DEBUG:colcon.colcon_installed_package_information.package_discovery:Found 281 installed packages in /opt/ros/iron
[9.036s] Level 1:colcon.colcon_core.package_discovery:discover_packages(prefix_path) using defaults
[9.713s] Level 5:colcon.colcon_core.verb:set package 'Lidar' build argument 'cmake_args' from command line to 'None'
[9.713s] Level 5:colcon.colcon_core.verb:set package 'Lidar' build argument 'cmake_target' from command line to 'None'
[9.713s] Level 5:colcon.colcon_core.verb:set package 'Lidar' build argument 'cmake_target_skip_unavailable' from command line to 'False'
[9.714s] Level 5:colcon.colcon_core.verb:set package 'Lidar' build argument 'cmake_clean_cache' from command line to 'False'
[9.714s] Level 5:colcon.colcon_core.verb:set package 'Lidar' build argument 'cmake_clean_first' from command line to 'False'
[9.714s] Level 5:colcon.colcon_core.verb:set package 'Lidar' build argument 'cmake_force_configure' from command line to 'False'
[9.714s] Level 5:colcon.colcon_core.verb:set package 'Lidar' build argument 'ament_cmake_args' from command line to 'None'
[9.714s] Level 5:colcon.colcon_core.verb:set package 'Lidar' build argument 'catkin_cmake_args' from command line to 'None'
[9.714s] Level 5:colcon.colcon_core.verb:set package 'Lidar' build argument 'catkin_skip_building_tests' from command line to 'False'
[9.714s] DEBUG:colcon.colcon_core.verb:Building package 'Lidar' with the following arguments: {'ament_cmake_args': None, 'build_base': '/home/ubuntu/Quadrupedal490_ws/build/Lidar', 'catkin_cmake_args': None, 'catkin_skip_building_tests': False, 'cmake_args': None, 'cmake_clean_cache': False, 'cmake_clean_first': False, 'cmake_force_configure': False, 'cmake_target': None, 'cmake_target_skip_unavailable': False, 'install_base': '/home/ubuntu/Quadrupedal490_ws/install/Lidar', 'merge_install': False, 'path': '/home/ubuntu/Quadrupedal490_ws/src/Lidar', 'symlink_install': False, 'test_result_base': None}
[9.803s] Level 5:colcon.colcon_core.verb:set package 'lidar_plotter' build argument 'cmake_args' from command line to 'None'
[9.804s] Level 5:colcon.colcon_core.verb:set package 'lidar_plotter' build argument 'cmake_target' from command line to 'None'
[9.804s] Level 5:colcon.colcon_core.verb:set package 'lidar_plotter' build argument 'cmake_target_skip_unavailable' from command line to 'False'
[9.804s] Level 5:colcon.colcon_core.verb:set package 'lidar_plotter' build argument 'cmake_clean_cache' from command line to 'False'
[9.804s] Level 5:colcon.colcon_core.verb:set package 'lidar_plotter' build argument 'cmake_clean_first' from command line to 'False'
[9.804s] Level 5:colcon.colcon_core.verb:set package 'lidar_plotter' build argument 'cmake_force_configure' from command line to 'False'
[9.804s] Level 5:colcon.colcon_core.verb:set package 'lidar_plotter' build argument 'ament_cmake_args' from command line to 'None'
[9.805s] Level 5:colcon.colcon_core.verb:set package 'lidar_plotter' build argument 'catkin_cmake_args' from command line to 'None'
[9.805s] Level 5:colcon.colcon_core.verb:set package 'lidar_plotter' build argument 'catkin_skip_building_tests' from command line to 'False'
[9.805s] DEBUG:colcon.colcon_core.verb:Building package 'lidar_plotter' with the following arguments: {'ament_cmake_args': None, 'build_base': '/home/ubuntu/Quadrupedal490_ws/build/lidar_plotter', 'catkin_cmake_args': None, 'catkin_skip_building_tests': False, 'cmake_args': None, 'cmake_clean_cache': False, 'cmake_clean_first': False, 'cmake_force_configure': False, 'cmake_target': None, 'cmake_target_skip_unavailable': False, 'install_base': '/home/ubuntu/Quadrupedal490_ws/install/lidar_plotter', 'merge_install': False, 'path': '/home/ubuntu/Quadrupedal490_ws/src/lidar_plotter', 'symlink_install': False, 'test_result_base': None}
[9.890s] INFO:colcon.colcon_core.executor:Executing jobs using 'parallel' executor
[9.983s] DEBUG:colcon.colcon_parallel_executor.executor.parallel:run_until_complete
[9.985s] INFO:colcon.colcon_ros.task.ament_python.build:Building ROS package in '/home/ubuntu/Quadrupedal490_ws/src/Lidar' with build type 'ament_python'
[9.985s] Level 1:colcon.colcon_core.shell:create_environment_hook('Lidar', 'ament_prefix_path')
[10.119s] INFO:colcon.colcon_core.plugin_system:Skipping extension 'colcon_core.shell.bat': Not used on non-Windows systems
[10.121s] INFO:colcon.colcon_core.shell:Creating environment hook '/home/ubuntu/Quadrupedal490_ws/install/Lidar/share/Lidar/hook/ament_prefix_path.ps1'
[10.128s] INFO:colcon.colcon_core.shell:Creating environment descriptor '/home/ubuntu/Quadrupedal490_ws/install/Lidar/share/Lidar/hook/ament_prefix_path.dsv'
[10.139s] INFO:colcon.colcon_core.shell:Creating environment hook '/home/ubuntu/Quadrupedal490_ws/install/Lidar/share/Lidar/hook/ament_prefix_path.sh'
[10.263s] INFO:colcon.colcon_core.shell:Skip shell extension 'powershell' for command environment: Not usable outside of PowerShell
[10.264s] DEBUG:colcon.colcon_core.shell:Skip shell extension 'dsv' for command environment
[10.598s] INFO:colcon.colcon_ros.task.ament_python.build:Building ROS package in '/home/ubuntu/Quadrupedal490_ws/src/lidar_plotter' with build type 'ament_python'
[10.600s] Level 1:colcon.colcon_core.shell:create_environment_hook('lidar_plotter', 'ament_prefix_path')
[10.717s] INFO:colcon.colcon_core.shell:Creating environment hook '/home/ubuntu/Quadrupedal490_ws/install/lidar_plotter/share/lidar_plotter/hook/ament_prefix_path.ps1'
[10.727s] INFO:colcon.colcon_core.shell:Creating environment descriptor '/home/ubuntu/Quadrupedal490_ws/install/lidar_plotter/share/lidar_plotter/hook/ament_prefix_path.dsv'
[10.732s] INFO:colcon.colcon_core.shell:Creating environment hook '/home/ubuntu/Quadrupedal490_ws/install/lidar_plotter/share/lidar_plotter/hook/ament_prefix_path.sh'
[10.877s] INFO:colcon.colcon_core.shell:Skip shell extension 'powershell' for command environment: Not usable outside of PowerShell
[10.877s] DEBUG:colcon.colcon_core.shell:Skip shell extension 'dsv' for command environment
[13.127s] INFO:colcon.colcon_core.task.python.build:Building Python package in '/home/ubuntu/Quadrupedal490_ws/src/Lidar'
[13.240s] INFO:colcon.colcon_core.shell:Skip shell extension 'powershell' for command environment: Not usable outside of PowerShell
[13.241s] DEBUG:colcon.colcon_core.shell:Skip shell extension 'dsv' for command environment
[15.625s] INFO:colcon.colcon_core.task.python.build:Building Python package in '/home/ubuntu/Quadrupedal490_ws/src/lidar_plotter'
[15.730s] INFO:colcon.colcon_core.shell:Skip shell extension 'powershell' for command environment: Not usable outside of PowerShell
[15.730s] DEBUG:colcon.colcon_core.shell:Skip shell extension 'dsv' for command environment
[19.975s] DEBUG:colcon.colcon_core.event_handler.log_command:Invoking command in '/home/ubuntu/Quadrupedal490_ws/src/Lidar': PYTHONPATH=/home/ubuntu/Quadrupedal490_ws/build/Lidar/prefix_override:/home/ubuntu/Quadrupedal490_ws/install/Lidar/lib/python3.10/site-packages:${PYTHONPATH} /usr/bin/python3 setup.py egg_info --egg-base ../../build/Lidar build --build-base /home/ubuntu/Quadrupedal490_ws/build/Lidar/build install --record /home/ubuntu/Quadrupedal490_ws/build/Lidar/install.log --single-version-externally-managed
[20.062s] DEBUG:colcon.colcon_core.event_handler.log_command:Invoking command in '/home/ubuntu/Quadrupedal490_ws/src/lidar_plotter': PYTHONPATH=/home/ubuntu/Quadrupedal490_ws/build/lidar_plotter/prefix_override:/home/ubuntu/Quadrupedal490_ws/install/lidar_plotter/lib/python3.10/site-packages:${PYTHONPATH} /usr/bin/python3 setup.py egg_info --egg-base ../../build/lidar_plotter build --build-base /home/ubuntu/Quadrupedal490_ws/build/lidar_plotter/build install --record /home/ubuntu/Quadrupedal490_ws/build/lidar_plotter/install.log --single-version-externally-managed
[22.777s] DEBUG:colcon.colcon_core.event_handler.log_command:Invoked command in '/home/ubuntu/Quadrupedal490_ws/src/lidar_plotter' returned '0': PYTHONPATH=/home/ubuntu/Quadrupedal490_ws/build/lidar_plotter/prefix_override:/home/ubuntu/Quadrupedal490_ws/install/lidar_plotter/lib/python3.10/site-packages:${PYTHONPATH} /usr/bin/python3 setup.py egg_info --egg-base ../../build/lidar_plotter build --build-base /home/ubuntu/Quadrupedal490_ws/build/lidar_plotter/build install --record /home/ubuntu/Quadrupedal490_ws/build/lidar_plotter/install.log --single-version-externally-managed
[23.085s] Level 1:colcon.colcon_core.environment:checking '/home/ubuntu/Quadrupedal490_ws/install/lidar_plotter' for CMake module files
[23.091s] Level 1:colcon.colcon_core.environment:checking '/home/ubuntu/Quadrupedal490_ws/install/lidar_plotter' for CMake config files
[23.125s] Level 1:colcon.colcon_core.environment:checking '/home/ubuntu/Quadrupedal490_ws/install/lidar_plotter/lib'
[23.129s] Level 1:colcon.colcon_core.environment:checking '/home/ubuntu/Quadrupedal490_ws/install/lidar_plotter/bin'
[23.131s] Level 1:colcon.colcon_core.environment:checking '/home/ubuntu/Quadrupedal490_ws/install/lidar_plotter/lib/pkgconfig/lidar_plotter.pc'
[23.133s] Level 1:colcon.colcon_core.environment:checking '/home/ubuntu/Quadrupedal490_ws/install/lidar_plotter/lib/python3.10/site-packages'
[23.134s] Level 1:colcon.colcon_core.shell:create_environment_hook('lidar_plotter', 'pythonpath')
[23.241s] INFO:colcon.colcon_core.shell:Creating environment hook '/home/ubuntu/Quadrupedal490_ws/install/lidar_plotter/share/lidar_plotter/hook/pythonpath.ps1'
[23.244s] INFO:colcon.colcon_core.shell:Creating environment descriptor '/home/ubuntu/Quadrupedal490_ws/install/lidar_plotter/share/lidar_plotter/hook/pythonpath.dsv'
[23.246s] INFO:colcon.colcon_core.shell:Creating environment hook '/home/ubuntu/Quadrupedal490_ws/install/lidar_plotter/share/lidar_plotter/hook/pythonpath.sh'
[23.249s] Level 1:colcon.colcon_core.environment:checking '/home/ubuntu/Quadrupedal490_ws/install/lidar_plotter/bin'
[23.249s] Level 1:colcon.colcon_core.environment:create_environment_scripts_only(lidar_plotter)
[23.397s] INFO:colcon.colcon_core.shell:Creating package script '/home/ubuntu/Quadrupedal490_ws/install/lidar_plotter/share/lidar_plotter/package.ps1'
[23.419s] INFO:colcon.colcon_core.shell:Creating package descriptor '/home/ubuntu/Quadrupedal490_ws/install/lidar_plotter/share/lidar_plotter/package.dsv'
[23.434s] INFO:colcon.colcon_core.shell:Creating package script '/home/ubuntu/Quadrupedal490_ws/install/lidar_plotter/share/lidar_plotter/package.sh'
[23.442s] INFO:colcon.colcon_core.shell:Creating package script '/home/ubuntu/Quadrupedal490_ws/install/lidar_plotter/share/lidar_plotter/package.bash'
[23.478s] INFO:colcon.colcon_core.shell:Creating package script '/home/ubuntu/Quadrupedal490_ws/install/lidar_plotter/share/lidar_plotter/package.zsh'
[23.494s] Level 1:colcon.colcon_core.environment:create_file_with_runtime_dependencies(/home/ubuntu/Quadrupedal490_ws/install/lidar_plotter/share/colcon-core/packages/lidar_plotter)
[23.506s] DEBUG:colcon.colcon_core.event_handler.log_command:Invoked command in '/home/ubuntu/Quadrupedal490_ws/src/Lidar' returned '0': PYTHONPATH=/home/ubuntu/Quadrupedal490_ws/build/Lidar/prefix_override:/home/ubuntu/Quadrupedal490_ws/install/Lidar/lib/python3.10/site-packages:${PYTHONPATH} /usr/bin/python3 setup.py egg_info --egg-base ../../build/Lidar build --build-base /home/ubuntu/Quadrupedal490_ws/build/Lidar/build install --record /home/ubuntu/Quadrupedal490_ws/build/Lidar/install.log --single-version-externally-managed
[23.658s] Level 1:colcon.colcon_core.environment:checking '/home/ubuntu/Quadrupedal490_ws/install/Lidar' for CMake module files
[23.677s] Level 1:colcon.colcon_core.environment:checking '/home/ubuntu/Quadrupedal490_ws/install/Lidar' for CMake config files
[23.716s] Level 1:colcon.colcon_core.environment:checking '/home/ubuntu/Quadrupedal490_ws/install/Lidar/lib'
[23.718s] Level 1:colcon.colcon_core.environment:checking '/home/ubuntu/Quadrupedal490_ws/install/Lidar/bin'
[23.720s] Level 1:colcon.colcon_core.environment:checking '/home/ubuntu/Quadrupedal490_ws/install/Lidar/lib/pkgconfig/Lidar.pc'
[23.723s] Level 1:colcon.colcon_core.environment:checking '/home/ubuntu/Quadrupedal490_ws/install/Lidar/lib/python3.10/site-packages'
[23.725s] Level 1:colcon.colcon_core.shell:create_environment_hook('Lidar', 'pythonpath')
[23.939s] INFO:colcon.colcon_core.shell:Creating environment hook '/home/ubuntu/Quadrupedal490_ws/install/Lidar/share/Lidar/hook/pythonpath.ps1'
[23.943s] INFO:colcon.colcon_core.shell:Creating environment descriptor '/home/ubuntu/Quadrupedal490_ws/install/Lidar/share/Lidar/hook/pythonpath.dsv'
[23.946s] INFO:colcon.colcon_core.shell:Creating environment hook '/home/ubuntu/Quadrupedal490_ws/install/Lidar/share/Lidar/hook/pythonpath.sh'
[23.951s] Level 1:colcon.colcon_core.environment:checking '/home/ubuntu/Quadrupedal490_ws/install/Lidar/bin'
[23.952s] Level 1:colcon.colcon_core.environment:create_environment_scripts_only(Lidar)
[24.172s] INFO:colcon.colcon_core.shell:Creating package script '/home/ubuntu/Quadrupedal490_ws/install/Lidar/share/Lidar/package.ps1'
[24.177s] INFO:colcon.colcon_core.shell:Creating package descriptor '/home/ubuntu/Quadrupedal490_ws/install/Lidar/share/Lidar/package.dsv'
[24.181s] INFO:colcon.colcon_core.shell:Creating package script '/home/ubuntu/Quadrupedal490_ws/install/Lidar/share/Lidar/package.sh'
[24.186s] INFO:colcon.colcon_core.shell:Creating package script '/home/ubuntu/Quadrupedal490_ws/install/Lidar/share/Lidar/package.bash'
[24.191s] INFO:colcon.colcon_core.shell:Creating package script '/home/ubuntu/Quadrupedal490_ws/install/Lidar/share/Lidar/package.zsh'
[24.196s] Level 1:colcon.colcon_core.environment:create_file_with_runtime_dependencies(/home/ubuntu/Quadrupedal490_ws/install/Lidar/share/colcon-core/packages/Lidar)
[24.200s] DEBUG:colcon.colcon_parallel_executor.executor.parallel:closing loop
[24.202s] DEBUG:colcon.colcon_parallel_executor.executor.parallel:loop closed
[24.203s] DEBUG:colcon.colcon_parallel_executor.executor.parallel:run_until_complete finished with '0'
[24.205s] DEBUG:colcon.colcon_core.event_reactor:joining thread
[24.554s] INFO:colcon.colcon_core.plugin_system:Skipping extension 'colcon_notification.desktop_notification.terminal_notifier': Not used on non-Darwin systems
[24.555s] INFO:colcon.colcon_core.plugin_system:Skipping extension 'colcon_notification.desktop_notification.win32': Not used on non-Windows systems
[24.555s] INFO:colcon.colcon_notification.desktop_notification:Sending desktop notification using 'notify2'
[24.558s] DEBUG:colcon.colcon_notification.desktop_notification.notify2:Failed to initialize notify2: org.freedesktop.DBus.Error.NoReply: Did not receive a reply. Possible causes include: the remote application did not send a reply, the message bus security policy blocked the reply, the reply timeout expired, or the network connection was broken.
[24.559s] DEBUG:colcon.colcon_core.event_reactor:joined thread
[24.698s] INFO:colcon.colcon_core.shell:Creating prefix script '/home/ubuntu/Quadrupedal490_ws/install/local_setup.ps1'
[24.704s] INFO:colcon.colcon_core.shell:Creating prefix util module '/home/ubuntu/Quadrupedal490_ws/install/_local_setup_util_ps1.py'
[24.715s] INFO:colcon.colcon_core.shell:Creating prefix chain script '/home/ubuntu/Quadrupedal490_ws/install/setup.ps1'
[24.876s] INFO:colcon.colcon_core.shell:Creating prefix script '/home/ubuntu/Quadrupedal490_ws/install/local_setup.sh'
[24.883s] INFO:colcon.colcon_core.shell:Creating prefix util module '/home/ubuntu/Quadrupedal490_ws/install/_local_setup_util_sh.py'
[24.888s] INFO:colcon.colcon_core.shell:Creating prefix chain script '/home/ubuntu/Quadrupedal490_ws/install/setup.sh'
[25.042s] INFO:colcon.colcon_core.shell:Creating prefix script '/home/ubuntu/Quadrupedal490_ws/install/local_setup.bash'
[25.046s] INFO:colcon.colcon_core.shell:Creating prefix chain script '/home/ubuntu/Quadrupedal490_ws/install/setup.bash'
[25.159s] INFO:colcon.colcon_core.shell:Creating prefix script '/home/ubuntu/Quadrupedal490_ws/install/local_setup.zsh'
[25.167s] INFO:colcon.colcon_core.shell:Creating prefix chain script '/home/ubuntu/Quadrupedal490_ws/install/setup.zsh'
