[10.955s] Invoking command in '/home/ubuntu/Quadrupedal490_ws/src/Lidar': PYTHONPATH=/home/ubuntu/Quadrupedal490_ws/build/Lidar/prefix_override:/home/ubuntu/Quadrupedal490_ws/install/Lidar/lib/python3.10/site-packages:${PYTHONPATH} /usr/bin/python3 setup.py egg_info --egg-base ../../build/Lidar build --build-base /home/ubuntu/Quadrupedal490_ws/build/Lidar/build install --record /home/ubuntu/Quadrupedal490_ws/build/Lidar/install.log --single-version-externally-managed
[15.935s] running egg_info
[15.949s] writing ../../build/Lidar/Lidar.egg-info/PKG-INFO
[15.956s] writing dependency_links to ../../build/Lidar/Lidar.egg-info/dependency_links.txt
[15.966s] writing entry points to ../../build/Lidar/Lidar.egg-info/entry_points.txt
[15.966s] writing requirements to ../../build/Lidar/Lidar.egg-info/requires.txt
[15.969s] writing top-level names to ../../build/Lidar/Lidar.egg-info/top_level.txt
[15.990s] reading manifest file '../../build/Lidar/Lidar.egg-info/SOURCES.txt'
[16.001s] writing manifest file '../../build/Lidar/Lidar.egg-info/SOURCES.txt'
[16.003s] running build
[16.003s] running build_py
[16.017s] copying Lidar/lidar_plot.py -> /home/ubuntu/Quadrupedal490_ws/build/Lidar/build/lib/Lidar
[16.022s] running install
[16.023s] /usr/lib/python3/dist-packages/setuptools/command/install.py:34: SetuptoolsDeprecationWarning: setup.py install is deprecated. Use build and pip and other standards-based tools.
[16.023s]   warnings.warn(
[16.024s] running install_lib
[16.035s] copying /home/ubuntu/Quadrupedal490_ws/build/Lidar/build/lib/Lidar/lidar_plot.py -> /home/ubuntu/Quadrupedal490_ws/install/Lidar/lib/python3.10/site-packages/Lidar
[16.056s] byte-compiling /home/ubuntu/Quadrupedal490_ws/install/Lidar/lib/python3.10/site-packages/Lidar/lidar_plot.py to lidar_plot.cpython-310.pyc
[16.071s] running install_data
[16.088s] running install_egg_info
[16.108s] removing '/home/ubuntu/Quadrupedal490_ws/install/Lidar/lib/python3.10/site-packages/Lidar-0.0.0-py3.10.egg-info' (and everything under it)
[16.112s] Copying ../../build/Lidar/Lidar.egg-info to /home/ubuntu/Quadrupedal490_ws/install/Lidar/lib/python3.10/site-packages/Lidar-0.0.0-py3.10.egg-info
[16.135s] running install_scripts
[16.679s] Installing lidar_plot script to /home/ubuntu/Quadrupedal490_ws/install/Lidar/lib/Lidar
[16.737s] Installing lidar_scan script to /home/ubuntu/Quadrupedal490_ws/install/Lidar/lib/Lidar
[16.740s] writing list of installed files to '/home/ubuntu/Quadrupedal490_ws/build/Lidar/install.log'
[17.048s] Invoked command in '/home/ubuntu/Quadrupedal490_ws/src/Lidar' returned '0': PYTHONPATH=/home/ubuntu/Quadrupedal490_ws/build/Lidar/prefix_override:/home/ubuntu/Quadrupedal490_ws/install/Lidar/lib/python3.10/site-packages:${PYTHONPATH} /usr/bin/python3 setup.py egg_info --egg-base ../../build/Lidar build --build-base /home/ubuntu/Quadrupedal490_ws/build/Lidar/build install --record /home/ubuntu/Quadrupedal490_ws/build/Lidar/install.log --single-version-externally-managed
