[4.925s] DEBUG:colcon:Command line arguments: ['/usr/bin/colcon', 'build']
[4.925s] DEBUG:colcon:Parsed command line arguments: Namespace(log_base=None, log_level=None, verb_name='build', build_base='build', install_base='install', merge_install=False, symlink_install=False, test_result_base=None, continue_on_error=False, executor='parallel', parallel_workers=4, event_handlers=None, ignore_user_meta=False, metas=['./colcon.meta'], base_paths=['.'], packages_ignore=None, packages_ignore_regex=None, paths=None, packages_up_to=None, packages_up_to_regex=None, packages_above=None, packages_above_and_dependencies=None, packages_above_depth=None, packages_select_by_dep=None, packages_skip_by_dep=None, packages_skip_up_to=None, packages_select_build_failed=False, packages_skip_build_finished=False, packages_select_test_failures=False, packages_skip_test_passed=False, packages_select=None, packages_skip=None, packages_select_regex=None, packages_skip_regex=None, packages_start=None, packages_end=None, allow_overriding=[], cmake_args=None, cmake_target=None, cmake_target_skip_unavailable=False, cmake_clean_cache=False, cmake_clean_first=False, cmake_force_configure=False, ament_cmake_args=None, catkin_cmake_args=None, catkin_skip_building_tests=False, verb_parser=<colcon_defaults.argument_parser.defaults.DefaultArgumentsDecorator object at 0xffff92a5a770>, verb_extension=<colcon_core.verb.build.BuildVerb object at 0xffff92f47760>, main=<bound method BuildVerb.main of <colcon_core.verb.build.BuildVerb object at 0xffff92f47760>>)
[5.150s] Level 1:colcon.colcon_core.package_discovery:discover_packages(colcon_meta) check parameters
[5.150s] Level 1:colcon.colcon_core.package_discovery:discover_packages(recursive) check parameters
[5.150s] Level 1:colcon.colcon_core.package_discovery:discover_packages(ignore) check parameters
[5.150s] Level 1:colcon.colcon_core.package_discovery:discover_packages(path) check parameters
[5.151s] Level 1:colcon.colcon_core.package_discovery:discover_packages(colcon_meta) discover
[5.151s] Level 1:colcon.colcon_core.package_discovery:discover_packages(recursive) discover
[5.151s] INFO:colcon.colcon_core.package_discovery:Crawling recursively for packages in '/home/ubuntu/Quadrupedal490_ws/src/Lidar/Lidar'
[5.151s] Level 1:colcon.colcon_core.package_identification:_identify(.) by extensions ['ignore', 'ignore_ament_install']
[5.152s] Level 1:colcon.colcon_core.package_identification:_identify(.) by extension 'ignore'
[5.152s] Level 1:colcon.colcon_core.package_identification:_identify(.) by extension 'ignore_ament_install'
[5.152s] Level 1:colcon.colcon_core.package_identification:_identify(.) by extensions ['colcon_pkg']
[5.153s] Level 1:colcon.colcon_core.package_identification:_identify(.) by extension 'colcon_pkg'
[5.153s] Level 1:colcon.colcon_core.package_identification:_identify(.) by extensions ['colcon_meta']
[5.153s] Level 1:colcon.colcon_core.package_identification:_identify(.) by extension 'colcon_meta'
[5.153s] Level 1:colcon.colcon_core.package_identification:_identify(.) by extensions ['ros']
[5.153s] Level 1:colcon.colcon_core.package_identification:_identify(.) by extension 'ros'
[5.198s] Level 1:colcon.colcon_core.package_identification:_identify(.) by extensions ['cmake', 'python']
[5.198s] Level 1:colcon.colcon_core.package_identification:_identify(.) by extension 'cmake'
[5.198s] Level 1:colcon.colcon_core.package_identification:_identify(.) by extension 'python'
[5.199s] Level 1:colcon.colcon_core.package_identification:_identify(.) by extensions ['python_setup_py']
[5.199s] Level 1:colcon.colcon_core.package_identification:_identify(.) by extension 'python_setup_py'
[5.199s] Level 1:colcon.colcon_core.package_identification:_identify(build) by extensions ['ignore', 'ignore_ament_install']
[5.200s] Level 1:colcon.colcon_core.package_identification:_identify(build) by extension 'ignore'
[5.200s] Level 1:colcon.colcon_core.package_identification:_identify(build) ignored
[5.201s] Level 1:colcon.colcon_core.package_identification:_identify(install) by extensions ['ignore', 'ignore_ament_install']
[5.201s] Level 1:colcon.colcon_core.package_identification:_identify(install) by extension 'ignore'
[5.201s] Level 1:colcon.colcon_core.package_identification:_identify(install) ignored
[5.202s] Level 1:colcon.colcon_core.package_identification:_identify(log) by extensions ['ignore', 'ignore_ament_install']
[5.202s] Level 1:colcon.colcon_core.package_identification:_identify(log) by extension 'ignore'
[5.202s] Level 1:colcon.colcon_core.package_identification:_identify(log) ignored
[5.202s] Level 1:colcon.colcon_core.package_discovery:discover_packages(recursive) using defaults
[5.202s] Level 1:colcon.colcon_core.package_discovery:discover_packages(ignore) discover
[5.203s] Level 1:colcon.colcon_core.package_discovery:discover_packages(ignore) using defaults
[5.203s] Level 1:colcon.colcon_core.package_discovery:discover_packages(path) discover
[5.203s] Level 1:colcon.colcon_core.package_discovery:discover_packages(path) using defaults
[5.634s] Level 1:colcon.colcon_core.package_discovery:discover_packages(prefix_path) check parameters
[5.634s] Level 1:colcon.colcon_core.package_discovery:discover_packages(prefix_path) discover
[5.781s] DEBUG:colcon.colcon_installed_package_information.package_discovery:Found 1 installed packages in /home/ubuntu/Quadrupedal490_ws/install
[5.859s] DEBUG:colcon.colcon_installed_package_information.package_discovery:Found 281 installed packages in /opt/ros/iron
[5.865s] Level 1:colcon.colcon_core.package_discovery:discover_packages(prefix_path) using defaults
[6.281s] INFO:colcon.colcon_core.executor:Executing jobs using 'parallel' executor
[6.354s] DEBUG:colcon.colcon_parallel_executor.executor.parallel:run_until_complete
[6.355s] DEBUG:colcon.colcon_parallel_executor.executor.parallel:closing loop
[6.355s] DEBUG:colcon.colcon_parallel_executor.executor.parallel:loop closed
[6.356s] DEBUG:colcon.colcon_parallel_executor.executor.parallel:run_until_complete finished with '0'
[6.356s] DEBUG:colcon.colcon_core.event_reactor:joining thread
[6.447s] INFO:colcon.colcon_core.plugin_system:Skipping extension 'colcon_notification.desktop_notification.terminal_notifier': Not used on non-Darwin systems
[6.447s] INFO:colcon.colcon_core.plugin_system:Skipping extension 'colcon_notification.desktop_notification.win32': Not used on non-Windows systems
[6.448s] INFO:colcon.colcon_notification.desktop_notification:Sending desktop notification using 'notify2'
[6.449s] DEBUG:colcon.colcon_notification.desktop_notification.notify2:Failed to initialize notify2: org.freedesktop.DBus.Error.NoReply: Did not receive a reply. Possible causes include: the remote application did not send a reply, the message bus security policy blocked the reply, the reply timeout expired, or the network connection was broken.
[6.449s] DEBUG:colcon.colcon_core.event_reactor:joined thread
[6.528s] INFO:colcon.colcon_core.plugin_system:Skipping extension 'colcon_core.shell.bat': Not used on non-Windows systems
[6.529s] INFO:colcon.colcon_core.shell:Creating prefix script '/home/ubuntu/Quadrupedal490_ws/src/Lidar/Lidar/install/local_setup.ps1'
[6.533s] INFO:colcon.colcon_core.shell:Creating prefix util module '/home/ubuntu/Quadrupedal490_ws/src/Lidar/Lidar/install/_local_setup_util_ps1.py'
[6.538s] INFO:colcon.colcon_core.shell:Creating prefix chain script '/home/ubuntu/Quadrupedal490_ws/src/Lidar/Lidar/install/setup.ps1'
[6.612s] INFO:colcon.colcon_core.shell:Creating prefix script '/home/ubuntu/Quadrupedal490_ws/src/Lidar/Lidar/install/local_setup.sh'
[6.614s] INFO:colcon.colcon_core.shell:Creating prefix util module '/home/ubuntu/Quadrupedal490_ws/src/Lidar/Lidar/install/_local_setup_util_sh.py'
[6.616s] INFO:colcon.colcon_core.shell:Creating prefix chain script '/home/ubuntu/Quadrupedal490_ws/src/Lidar/Lidar/install/setup.sh'
[6.690s] INFO:colcon.colcon_core.shell:Creating prefix script '/home/ubuntu/Quadrupedal490_ws/src/Lidar/Lidar/install/local_setup.bash'
[6.692s] INFO:colcon.colcon_core.shell:Creating prefix chain script '/home/ubuntu/Quadrupedal490_ws/src/Lidar/Lidar/install/setup.bash'
[6.767s] INFO:colcon.colcon_core.shell:Creating prefix script '/home/ubuntu/Quadrupedal490_ws/src/Lidar/Lidar/install/local_setup.zsh'
[6.769s] INFO:colcon.colcon_core.shell:Creating prefix chain script '/home/ubuntu/Quadrupedal490_ws/src/Lidar/Lidar/install/setup.zsh'
