[13.220s] Invoking command in '/home/ubuntu/Quadrupedal490_ws/src/Lidar': PYTHONPATH=/home/ubuntu/Quadrupedal490_ws/build/Lidar/prefix_override:/home/ubuntu/Quadrupedal490_ws/install/Lidar/lib/python3.10/site-packages:${PYTHONPATH} /usr/bin/python3 setup.py egg_info --egg-base ../../build/Lidar build --build-base /home/ubuntu/Quadrupedal490_ws/build/Lidar/build install --record /home/ubuntu/Quadrupedal490_ws/build/Lidar/install.log --single-version-externally-managed
[17.490s] running egg_info
[17.501s] writing ../../build/Lidar/Lidar.egg-info/PKG-INFO
[17.509s] writing dependency_links to ../../build/Lidar/Lidar.egg-info/dependency_links.txt
[17.510s] writing entry points to ../../build/Lidar/Lidar.egg-info/entry_points.txt
[17.510s] writing requirements to ../../build/Lidar/Lidar.egg-info/requires.txt
[17.510s] writing top-level names to ../../build/Lidar/Lidar.egg-info/top_level.txt
[17.541s] reading manifest file '../../build/Lidar/Lidar.egg-info/SOURCES.txt'
[17.543s] writing manifest file '../../build/Lidar/Lidar.egg-info/SOURCES.txt'
[17.543s] running build
[17.546s] running build_py
[17.557s] /usr/lib/python3/dist-packages/setuptools/command/install.py:34: SetuptoolsDeprecationWarning: setup.py install is deprecated. Use build and pip and other standards-based tools.
[17.587s]   warnings.warn(
[17.590s] running install
[17.591s] running install_lib
[17.596s] running install_data
[17.599s] running install_egg_info
[17.617s] removing '/home/ubuntu/Quadrupedal490_ws/install/Lidar/lib/python3.10/site-packages/Lidar-0.0.0-py3.10.egg-info' (and everything under it)
[17.622s] Copying ../../build/Lidar/Lidar.egg-info to /home/ubuntu/Quadrupedal490_ws/install/Lidar/lib/python3.10/site-packages/Lidar-0.0.0-py3.10.egg-info
[17.635s] running install_scripts
[17.969s] Installing lidar_scan script to /home/ubuntu/Quadrupedal490_ws/install/Lidar/lib/Lidar
[17.976s] writing list of installed files to '/home/ubuntu/Quadrupedal490_ws/build/Lidar/install.log'
[18.236s] Invoked command in '/home/ubuntu/Quadrupedal490_ws/src/Lidar' returned '0': PYTHONPATH=/home/ubuntu/Quadrupedal490_ws/build/Lidar/prefix_override:/home/ubuntu/Quadrupedal490_ws/install/Lidar/lib/python3.10/site-packages:${PYTHONPATH} /usr/bin/python3 setup.py egg_info --egg-base ../../build/Lidar build --build-base /home/ubuntu/Quadrupedal490_ws/build/Lidar/build install --record /home/ubuntu/Quadrupedal490_ws/build/Lidar/install.log --single-version-externally-managed
