[9.463s] Invoking command in '/home/ubuntu/Quadrupedal490_ws/src/lidar_plotter': PYTHONPATH=/home/ubuntu/Quadrupedal490_ws/build/lidar_plotter/prefix_override:/home/ubuntu/Quadrupedal490_ws/install/lidar_plotter/lib/python3.10/site-packages:${PYTHONPATH} /usr/bin/python3 setup.py egg_info --egg-base ../../build/lidar_plotter build --build-base /home/ubuntu/Quadrupedal490_ws/build/lidar_plotter/build install --record /home/ubuntu/Quadrupedal490_ws/build/lidar_plotter/install.log --single-version-externally-managed
[11.611s] running egg_info
[11.614s] writing ../../build/lidar_plotter/lidar_plotter.egg-info/PKG-INFO
[11.622s] writing dependency_links to ../../build/lidar_plotter/lidar_plotter.egg-info/dependency_links.txt
[11.623s] writing entry points to ../../build/lidar_plotter/lidar_plotter.egg-info/entry_points.txt
[11.630s] writing requirements to ../../build/lidar_plotter/lidar_plotter.egg-info/requires.txt
[11.634s] writing top-level names to ../../build/lidar_plotter/lidar_plotter.egg-info/top_level.txt
[11.668s] reading manifest file '../../build/lidar_plotter/lidar_plotter.egg-info/SOURCES.txt'
[11.669s] writing manifest file '../../build/lidar_plotter/lidar_plotter.egg-info/SOURCES.txt'
[11.670s] running build
[11.670s] running build_py
[11.677s] running install
[11.680s] /usr/lib/python3/dist-packages/setuptools/command/install.py:34: SetuptoolsDeprecationWarning: setup.py install is deprecated. Use build and pip and other standards-based tools.
[11.681s]   warnings.warn(
[11.682s] running install_lib
[11.683s] running install_data
[11.684s] running install_egg_info
[11.698s] removing '/home/ubuntu/Quadrupedal490_ws/install/lidar_plotter/lib/python3.10/site-packages/lidar_plotter-0.0.0-py3.10.egg-info' (and everything under it)
[11.699s] Copying ../../build/lidar_plotter/lidar_plotter.egg-info to /home/ubuntu/Quadrupedal490_ws/install/lidar_plotter/lib/python3.10/site-packages/lidar_plotter-0.0.0-py3.10.egg-info
[11.706s] running install_scripts
[11.848s] Installing lidarPlotter script to /home/ubuntu/Quadrupedal490_ws/install/lidar_plotter/lib/lidar_plotter
[11.899s] writing list of installed files to '/home/ubuntu/Quadrupedal490_ws/build/lidar_plotter/install.log'
[12.173s] Invoked command in '/home/ubuntu/Quadrupedal490_ws/src/lidar_plotter' returned '0': PYTHONPATH=/home/ubuntu/Quadrupedal490_ws/build/lidar_plotter/prefix_override:/home/ubuntu/Quadrupedal490_ws/install/lidar_plotter/lib/python3.10/site-packages:${PYTHONPATH} /usr/bin/python3 setup.py egg_info --egg-base ../../build/lidar_plotter build --build-base /home/ubuntu/Quadrupedal490_ws/build/lidar_plotter/build install --record /home/ubuntu/Quadrupedal490_ws/build/lidar_plotter/install.log --single-version-externally-managed
