[6.775s] Invoking command in '/home/ubuntu/Quadrupedal490_ws/src/Lidar': PYTHONPATH=/home/ubuntu/Quadrupedal490_ws/build/Lidar/prefix_override:/home/ubuntu/Quadrupedal490_ws/install/Lidar/lib/python3.10/site-packages:${PYTHONPATH} /usr/bin/python3 setup.py egg_info --egg-base ../../build/Lidar build --build-base /home/ubuntu/Quadrupedal490_ws/build/Lidar/build install --record /home/ubuntu/Quadrupedal490_ws/build/Lidar/install.log --single-version-externally-managed
[8.084s] running egg_info
[8.086s] writing ../../build/Lidar/Lidar.egg-info/PKG-INFO
[8.091s] writing dependency_links to ../../build/Lidar/Lidar.egg-info/dependency_links.txt
[8.092s] writing entry points to ../../build/Lidar/Lidar.egg-info/entry_points.txt
[8.093s] writing requirements to ../../build/Lidar/Lidar.egg-info/requires.txt
[8.094s] writing top-level names to ../../build/Lidar/Lidar.egg-info/top_level.txt
[8.104s] reading manifest file '../../build/Lidar/Lidar.egg-info/SOURCES.txt'
[8.110s] writing manifest file '../../build/Lidar/Lidar.egg-info/SOURCES.txt'
[8.111s] running build
[8.112s] running build_py
[8.113s] copying Lidar/lidar_plot.py -> /home/ubuntu/Quadrupedal490_ws/build/Lidar/build/lib/Lidar
[8.115s] running install
[8.117s] /usr/lib/python3/dist-packages/setuptools/command/install.py:34: SetuptoolsDeprecationWarning: setup.py install is deprecated. Use build and pip and other standards-based tools.
[8.117s]   warnings.warn(
[8.118s] running install_lib
[8.124s] copying /home/ubuntu/Quadrupedal490_ws/build/Lidar/build/lib/Lidar/lidar_plot.py -> /home/ubuntu/Quadrupedal490_ws/install/Lidar/lib/python3.10/site-packages/Lidar
[8.129s] byte-compiling /home/ubuntu/Quadrupedal490_ws/install/Lidar/lib/python3.10/site-packages/Lidar/lidar_plot.py to lidar_plot.cpython-310.pyc
[8.135s] running install_data
[8.137s] running install_egg_info
[8.147s] removing '/home/ubuntu/Quadrupedal490_ws/install/Lidar/lib/python3.10/site-packages/Lidar-0.0.0-py3.10.egg-info' (and everything under it)
[8.149s] Copying ../../build/Lidar/Lidar.egg-info to /home/ubuntu/Quadrupedal490_ws/install/Lidar/lib/python3.10/site-packages/Lidar-0.0.0-py3.10.egg-info
[8.160s] running install_scripts
[8.247s] Installing lidar_scan=Lidar.lidar_scan:mainlidar_plot script to /home/ubuntu/Quadrupedal490_ws/install/Lidar/lib/Lidar
[8.252s] writing list of installed files to '/home/ubuntu/Quadrupedal490_ws/build/Lidar/install.log'
[8.397s] Invoked command in '/home/ubuntu/Quadrupedal490_ws/src/Lidar' returned '0': PYTHONPATH=/home/ubuntu/Quadrupedal490_ws/build/Lidar/prefix_override:/home/ubuntu/Quadrupedal490_ws/install/Lidar/lib/python3.10/site-packages:${PYTHONPATH} /usr/bin/python3 setup.py egg_info --egg-base ../../build/Lidar build --build-base /home/ubuntu/Quadrupedal490_ws/build/Lidar/build install --record /home/ubuntu/Quadrupedal490_ws/build/Lidar/install.log --single-version-externally-managed
